CRITICAL - 2020-09-19 13:56:40 --> Column 'nama_barang' cannot be null
#0 /Applications/XAMPP/xamppfiles/htdocs/pos_beta/system/Database/MySQLi/Connection.php(330): mysqli->query('INSERT INTO `tr...')
#1 /Applications/XAMPP/xamppfiles/htdocs/pos_beta/system/Database/BaseConnection.php(738): CodeIgniter\Database\MySQLi\Connection->execute('INSERT INTO `tr...')
#2 /Applications/XAMPP/xamppfiles/htdocs/pos_beta/system/Database/BaseConnection.php(666): CodeIgniter\Database\BaseConnection->simpleQuery('INSERT INTO `tr...')
#3 /Applications/XAMPP/xamppfiles/htdocs/pos_beta/system/Database/BaseBuilder.php(2206): CodeIgniter\Database\BaseConnection->query('INSERT INTO `tr...', Array, false)
#4 /Applications/XAMPP/xamppfiles/htdocs/pos_beta/app/Models/Pos_model.php(176): CodeIgniter\Database\BaseBuilder->insert(Array)
#5 /Applications/XAMPP/xamppfiles/htdocs/pos_beta/app/Controllers/Pos.php(203): App\Models\Pos_model->addDataPenjualanTemp(Array)
#6 /Applications/XAMPP/xamppfiles/htdocs/pos_beta/system/CodeIgniter.php(910): App\Controllers\Pos->addproduktemp()
#7 /Applications/XAMPP/xamppfiles/htdocs/pos_beta/system/CodeIgniter.php(398): CodeIgniter\CodeIgniter->runController(Object(App\Controllers\Pos))
#8 /Applications/XAMPP/xamppfiles/htdocs/pos_beta/system/CodeIgniter.php(306): CodeIgniter\CodeIgniter->handleRequest(NULL, Object(Config\Cache), false)
#9 /Applications/XAMPP/xamppfiles/htdocs/pos_beta/index.php(45): CodeIgniter\CodeIgniter->run()
#10 {main}
CRITICAL - 2020-09-19 13:56:42 --> Column 'nama_barang' cannot be null
#0 /Applications/XAMPP/xamppfiles/htdocs/pos_beta/system/Database/MySQLi/Connection.php(330): mysqli->query('INSERT INTO `tr...')
#1 /Applications/XAMPP/xamppfiles/htdocs/pos_beta/system/Database/BaseConnection.php(738): CodeIgniter\Database\MySQLi\Connection->execute('INSERT INTO `tr...')
#2 /Applications/XAMPP/xamppfiles/htdocs/pos_beta/system/Database/BaseConnection.php(666): CodeIgniter\Database\BaseConnection->simpleQuery('INSERT INTO `tr...')
#3 /Applications/XAMPP/xamppfiles/htdocs/pos_beta/system/Database/BaseBuilder.php(2206): CodeIgniter\Database\BaseConnection->query('INSERT INTO `tr...', Array, false)
#4 /Applications/XAMPP/xamppfiles/htdocs/pos_beta/app/Models/Pos_model.php(176): CodeIgniter\Database\BaseBuilder->insert(Array)
#5 /Applications/XAMPP/xamppfiles/htdocs/pos_beta/app/Controllers/Pos.php(203): App\Models\Pos_model->addDataPenjualanTemp(Array)
#6 /Applications/XAMPP/xamppfiles/htdocs/pos_beta/system/CodeIgniter.php(910): App\Controllers\Pos->addproduktemp()
#7 /Applications/XAMPP/xamppfiles/htdocs/pos_beta/system/CodeIgniter.php(398): CodeIgniter\CodeIgniter->runController(Object(App\Controllers\Pos))
#8 /Applications/XAMPP/xamppfiles/htdocs/pos_beta/system/CodeIgniter.php(306): CodeIgniter\CodeIgniter->handleRequest(NULL, Object(Config\Cache), false)
#9 /Applications/XAMPP/xamppfiles/htdocs/pos_beta/index.php(45): CodeIgniter\CodeIgniter->run()
#10 {main}
CRITICAL - 2020-09-19 13:56:45 --> Column 'nama_barang' cannot be null
#0 /Applications/XAMPP/xamppfiles/htdocs/pos_beta/system/Database/MySQLi/Connection.php(330): mysqli->query('INSERT INTO `tr...')
#1 /Applications/XAMPP/xamppfiles/htdocs/pos_beta/system/Database/BaseConnection.php(738): CodeIgniter\Database\MySQLi\Connection->execute('INSERT INTO `tr...')
#2 /Applications/XAMPP/xamppfiles/htdocs/pos_beta/system/Database/BaseConnection.php(666): CodeIgniter\Database\BaseConnection->simpleQuery('INSERT INTO `tr...')
#3 /Applications/XAMPP/xamppfiles/htdocs/pos_beta/system/Database/BaseBuilder.php(2206): CodeIgniter\Database\BaseConnection->query('INSERT INTO `tr...', Array, false)
#4 /Applications/XAMPP/xamppfiles/htdocs/pos_beta/app/Models/Pos_model.php(176): CodeIgniter\Database\BaseBuilder->insert(Array)
#5 /Applications/XAMPP/xamppfiles/htdocs/pos_beta/app/Controllers/Pos.php(203): App\Models\Pos_model->addDataPenjualanTemp(Array)
#6 /Applications/XAMPP/xamppfiles/htdocs/pos_beta/system/CodeIgniter.php(910): App\Controllers\Pos->addproduktemp()
#7 /Applications/XAMPP/xamppfiles/htdocs/pos_beta/system/CodeIgniter.php(398): CodeIgniter\CodeIgniter->runController(Object(App\Controllers\Pos))
#8 /Applications/XAMPP/xamppfiles/htdocs/pos_beta/system/CodeIgniter.php(306): CodeIgniter\CodeIgniter->handleRequest(NULL, Object(Config\Cache), false)
#9 /Applications/XAMPP/xamppfiles/htdocs/pos_beta/index.php(45): CodeIgniter\CodeIgniter->run()
#10 {main}
CRITICAL - 2020-09-19 13:56:46 --> Column 'nama_barang' cannot be null
#0 /Applications/XAMPP/xamppfiles/htdocs/pos_beta/system/Database/MySQLi/Connection.php(330): mysqli->query('INSERT INTO `tr...')
#1 /Applications/XAMPP/xamppfiles/htdocs/pos_beta/system/Database/BaseConnection.php(738): CodeIgniter\Database\MySQLi\Connection->execute('INSERT INTO `tr...')
#2 /Applications/XAMPP/xamppfiles/htdocs/pos_beta/system/Database/BaseConnection.php(666): CodeIgniter\Database\BaseConnection->simpleQuery('INSERT INTO `tr...')
#3 /Applications/XAMPP/xamppfiles/htdocs/pos_beta/system/Database/BaseBuilder.php(2206): CodeIgniter\Database\BaseConnection->query('INSERT INTO `tr...', Array, false)
#4 /Applications/XAMPP/xamppfiles/htdocs/pos_beta/app/Models/Pos_model.php(176): CodeIgniter\Database\BaseBuilder->insert(Array)
#5 /Applications/XAMPP/xamppfiles/htdocs/pos_beta/app/Controllers/Pos.php(203): App\Models\Pos_model->addDataPenjualanTemp(Array)
#6 /Applications/XAMPP/xamppfiles/htdocs/pos_beta/system/CodeIgniter.php(910): App\Controllers\Pos->addproduktemp()
#7 /Applications/XAMPP/xamppfiles/htdocs/pos_beta/system/CodeIgniter.php(398): CodeIgniter\CodeIgniter->runController(Object(App\Controllers\Pos))
#8 /Applications/XAMPP/xamppfiles/htdocs/pos_beta/system/CodeIgniter.php(306): CodeIgniter\CodeIgniter->handleRequest(NULL, Object(Config\Cache), false)
#9 /Applications/XAMPP/xamppfiles/htdocs/pos_beta/index.php(45): CodeIgniter\CodeIgniter->run()
#10 {main}
CRITICAL - 2020-09-19 13:56:48 --> Column 'nama_barang' cannot be null
#0 /Applications/XAMPP/xamppfiles/htdocs/pos_beta/system/Database/MySQLi/Connection.php(330): mysqli->query('INSERT INTO `tr...')
#1 /Applications/XAMPP/xamppfiles/htdocs/pos_beta/system/Database/BaseConnection.php(738): CodeIgniter\Database\MySQLi\Connection->execute('INSERT INTO `tr...')
#2 /Applications/XAMPP/xamppfiles/htdocs/pos_beta/system/Database/BaseConnection.php(666): CodeIgniter\Database\BaseConnection->simpleQuery('INSERT INTO `tr...')
#3 /Applications/XAMPP/xamppfiles/htdocs/pos_beta/system/Database/BaseBuilder.php(2206): CodeIgniter\Database\BaseConnection->query('INSERT INTO `tr...', Array, false)
#4 /Applications/XAMPP/xamppfiles/htdocs/pos_beta/app/Models/Pos_model.php(176): CodeIgniter\Database\BaseBuilder->insert(Array)
#5 /Applications/XAMPP/xamppfiles/htdocs/pos_beta/app/Controllers/Pos.php(203): App\Models\Pos_model->addDataPenjualanTemp(Array)
#6 /Applications/XAMPP/xamppfiles/htdocs/pos_beta/system/CodeIgniter.php(910): App\Controllers\Pos->addproduktemp()
#7 /Applications/XAMPP/xamppfiles/htdocs/pos_beta/system/CodeIgniter.php(398): CodeIgniter\CodeIgniter->runController(Object(App\Controllers\Pos))
#8 /Applications/XAMPP/xamppfiles/htdocs/pos_beta/system/CodeIgniter.php(306): CodeIgniter\CodeIgniter->handleRequest(NULL, Object(Config\Cache), false)
#9 /Applications/XAMPP/xamppfiles/htdocs/pos_beta/index.php(45): CodeIgniter\CodeIgniter->run()
#10 {main}
CRITICAL - 2020-09-19 14:00:34 --> Column 'nama_barang' cannot be null
#0 /Applications/XAMPP/xamppfiles/htdocs/pos_beta/system/Database/MySQLi/Connection.php(330): mysqli->query('INSERT INTO `tr...')
#1 /Applications/XAMPP/xamppfiles/htdocs/pos_beta/system/Database/BaseConnection.php(738): CodeIgniter\Database\MySQLi\Connection->execute('INSERT INTO `tr...')
#2 /Applications/XAMPP/xamppfiles/htdocs/pos_beta/system/Database/BaseConnection.php(666): CodeIgniter\Database\BaseConnection->simpleQuery('INSERT INTO `tr...')
#3 /Applications/XAMPP/xamppfiles/htdocs/pos_beta/system/Database/BaseBuilder.php(2206): CodeIgniter\Database\BaseConnection->query('INSERT INTO `tr...', Array, false)
#4 /Applications/XAMPP/xamppfiles/htdocs/pos_beta/app/Models/Pos_model.php(176): CodeIgniter\Database\BaseBuilder->insert(Array)
#5 /Applications/XAMPP/xamppfiles/htdocs/pos_beta/app/Controllers/Pos.php(203): App\Models\Pos_model->addDataPenjualanTemp(Array)
#6 /Applications/XAMPP/xamppfiles/htdocs/pos_beta/system/CodeIgniter.php(910): App\Controllers\Pos->addproduktemp()
#7 /Applications/XAMPP/xamppfiles/htdocs/pos_beta/system/CodeIgniter.php(398): CodeIgniter\CodeIgniter->runController(Object(App\Controllers\Pos))
#8 /Applications/XAMPP/xamppfiles/htdocs/pos_beta/system/CodeIgniter.php(306): CodeIgniter\CodeIgniter->handleRequest(NULL, Object(Config\Cache), false)
#9 /Applications/XAMPP/xamppfiles/htdocs/pos_beta/index.php(45): CodeIgniter\CodeIgniter->run()
#10 {main}
CRITICAL - 2020-09-19 14:48:36 --> Column 'nama_barang' cannot be null
#0 /Applications/XAMPP/xamppfiles/htdocs/pos_beta/system/Database/MySQLi/Connection.php(330): mysqli->query('INSERT INTO `tr...')
#1 /Applications/XAMPP/xamppfiles/htdocs/pos_beta/system/Database/BaseConnection.php(738): CodeIgniter\Database\MySQLi\Connection->execute('INSERT INTO `tr...')
#2 /Applications/XAMPP/xamppfiles/htdocs/pos_beta/system/Database/BaseConnection.php(666): CodeIgniter\Database\BaseConnection->simpleQuery('INSERT INTO `tr...')
#3 /Applications/XAMPP/xamppfiles/htdocs/pos_beta/system/Database/BaseBuilder.php(2206): CodeIgniter\Database\BaseConnection->query('INSERT INTO `tr...', Array, false)
#4 /Applications/XAMPP/xamppfiles/htdocs/pos_beta/app/Models/Pos_model.php(176): CodeIgniter\Database\BaseBuilder->insert(Array)
#5 /Applications/XAMPP/xamppfiles/htdocs/pos_beta/app/Controllers/Pos.php(203): App\Models\Pos_model->addDataPenjualanTemp(Array)
#6 /Applications/XAMPP/xamppfiles/htdocs/pos_beta/system/CodeIgniter.php(910): App\Controllers\Pos->addproduktemp()
#7 /Applications/XAMPP/xamppfiles/htdocs/pos_beta/system/CodeIgniter.php(398): CodeIgniter\CodeIgniter->runController(Object(App\Controllers\Pos))
#8 /Applications/XAMPP/xamppfiles/htdocs/pos_beta/system/CodeIgniter.php(306): CodeIgniter\CodeIgniter->handleRequest(NULL, Object(Config\Cache), false)
#9 /Applications/XAMPP/xamppfiles/htdocs/pos_beta/index.php(45): CodeIgniter\CodeIgniter->run()
#10 {main}
CRITICAL - 2020-09-19 20:20:01 --> Column 'nama_barang' cannot be null
#0 /Applications/XAMPP/xamppfiles/htdocs/pos_beta/system/Database/MySQLi/Connection.php(330): mysqli->query('INSERT INTO `tr...')
#1 /Applications/XAMPP/xamppfiles/htdocs/pos_beta/system/Database/BaseConnection.php(738): CodeIgniter\Database\MySQLi\Connection->execute('INSERT INTO `tr...')
#2 /Applications/XAMPP/xamppfiles/htdocs/pos_beta/system/Database/BaseConnection.php(666): CodeIgniter\Database\BaseConnection->simpleQuery('INSERT INTO `tr...')
#3 /Applications/XAMPP/xamppfiles/htdocs/pos_beta/system/Database/BaseBuilder.php(2206): CodeIgniter\Database\BaseConnection->query('INSERT INTO `tr...', Array, false)
#4 /Applications/XAMPP/xamppfiles/htdocs/pos_beta/app/Models/Pos_model.php(176): CodeIgniter\Database\BaseBuilder->insert(Array)
#5 /Applications/XAMPP/xamppfiles/htdocs/pos_beta/app/Controllers/Pos.php(206): App\Models\Pos_model->addDataPenjualanTemp(Array)
#6 /Applications/XAMPP/xamppfiles/htdocs/pos_beta/system/CodeIgniter.php(910): App\Controllers\Pos->addproduktemp()
#7 /Applications/XAMPP/xamppfiles/htdocs/pos_beta/system/CodeIgniter.php(398): CodeIgniter\CodeIgniter->runController(Object(App\Controllers\Pos))
#8 /Applications/XAMPP/xamppfiles/htdocs/pos_beta/system/CodeIgniter.php(306): CodeIgniter\CodeIgniter->handleRequest(NULL, Object(Config\Cache), false)
#9 /Applications/XAMPP/xamppfiles/htdocs/pos_beta/index.php(45): CodeIgniter\CodeIgniter->run()
#10 {main}
