CRITICAL - 2020-05-22 05:52:20 --> Call to a member function getRow() on array
#0 /Applications/XAMPP/xamppfiles/htdocs/pos_beta/system/CodeIgniter.php(910): App\Controllers\Pembelian->index()
#1 /Applications/XAMPP/xamppfiles/htdocs/pos_beta/system/CodeIgniter.php(398): CodeIgniter\CodeIgniter->runController(Object(App\Controllers\Pembelian))
#2 /Applications/XAMPP/xamppfiles/htdocs/pos_beta/system/CodeIgniter.php(306): CodeIgniter\CodeIgniter->handleRequest(NULL, Object(Config\Cache), false)
#3 /Applications/XAMPP/xamppfiles/htdocs/pos_beta/index.php(45): CodeIgniter\CodeIgniter->run()
#4 {main}
CRITICAL - 2020-05-22 05:52:29 --> Call to a member function getRow() on array
#0 /Applications/XAMPP/xamppfiles/htdocs/pos_beta/system/CodeIgniter.php(910): App\Controllers\Pembelian->index()
#1 /Applications/XAMPP/xamppfiles/htdocs/pos_beta/system/CodeIgniter.php(398): CodeIgniter\CodeIgniter->runController(Object(App\Controllers\Pembelian))
#2 /Applications/XAMPP/xamppfiles/htdocs/pos_beta/system/CodeIgniter.php(306): CodeIgniter\CodeIgniter->handleRequest(NULL, Object(Config\Cache), false)
#3 /Applications/XAMPP/xamppfiles/htdocs/pos_beta/index.php(45): CodeIgniter\CodeIgniter->run()
#4 {main}
CRITICAL - 2020-05-22 06:33:32 --> Argument 2 passed to CodeIgniter\Database\BaseBuilder::orLike() must be of the type string, null given, called in /Applications/XAMPP/xamppfiles/htdocs/pos_beta/app/Models/Pos_model.php on line 53
#0 /Applications/XAMPP/xamppfiles/htdocs/pos_beta/app/Models/Pos_model.php(53): CodeIgniter\Database\BaseBuilder->orLike('nama_produk', NULL)
#1 /Applications/XAMPP/xamppfiles/htdocs/pos_beta/app/Controllers/Pembelian.php(108): App\Models\Pos_model->getDataProdukSearch(NULL)
#2 /Applications/XAMPP/xamppfiles/htdocs/pos_beta/system/CodeIgniter.php(910): App\Controllers\Pembelian->getProdukSelect()
#3 /Applications/XAMPP/xamppfiles/htdocs/pos_beta/system/CodeIgniter.php(398): CodeIgniter\CodeIgniter->runController(Object(App\Controllers\Pembelian))
#4 /Applications/XAMPP/xamppfiles/htdocs/pos_beta/system/CodeIgniter.php(306): CodeIgniter\CodeIgniter->handleRequest(NULL, Object(Config\Cache), false)
#5 /Applications/XAMPP/xamppfiles/htdocs/pos_beta/index.php(45): CodeIgniter\CodeIgniter->run()
#6 {main}
CRITICAL - 2020-05-22 06:33:41 --> Argument 2 passed to CodeIgniter\Database\BaseBuilder::like() must be of the type string, null given, called in /Applications/XAMPP/xamppfiles/htdocs/pos_beta/app/Models/Pos_model.php on line 91
#0 /Applications/XAMPP/xamppfiles/htdocs/pos_beta/app/Models/Pos_model.php(91): CodeIgniter\Database\BaseBuilder->like('nama_suplier', NULL)
#1 /Applications/XAMPP/xamppfiles/htdocs/pos_beta/app/Controllers/Pembelian.php(121): App\Models\Pos_model->getListSuplier(NULL)
#2 /Applications/XAMPP/xamppfiles/htdocs/pos_beta/system/CodeIgniter.php(910): App\Controllers\Pembelian->getSuplier()
#3 /Applications/XAMPP/xamppfiles/htdocs/pos_beta/system/CodeIgniter.php(398): CodeIgniter\CodeIgniter->runController(Object(App\Controllers\Pembelian))
#4 /Applications/XAMPP/xamppfiles/htdocs/pos_beta/system/CodeIgniter.php(306): CodeIgniter\CodeIgniter->handleRequest(NULL, Object(Config\Cache), false)
#5 /Applications/XAMPP/xamppfiles/htdocs/pos_beta/index.php(45): CodeIgniter\CodeIgniter->run()
#6 {main}
CRITICAL - 2020-05-22 06:33:46 --> Argument 2 passed to CodeIgniter\Database\BaseBuilder::like() must be of the type string, null given, called in /Applications/XAMPP/xamppfiles/htdocs/pos_beta/app/Models/Pos_model.php on line 91
#0 /Applications/XAMPP/xamppfiles/htdocs/pos_beta/app/Models/Pos_model.php(91): CodeIgniter\Database\BaseBuilder->like('nama_suplier', NULL)
#1 /Applications/XAMPP/xamppfiles/htdocs/pos_beta/app/Controllers/Pembelian.php(121): App\Models\Pos_model->getListSuplier(NULL)
#2 /Applications/XAMPP/xamppfiles/htdocs/pos_beta/system/CodeIgniter.php(910): App\Controllers\Pembelian->getSuplier()
#3 /Applications/XAMPP/xamppfiles/htdocs/pos_beta/system/CodeIgniter.php(398): CodeIgniter\CodeIgniter->runController(Object(App\Controllers\Pembelian))
#4 /Applications/XAMPP/xamppfiles/htdocs/pos_beta/system/CodeIgniter.php(306): CodeIgniter\CodeIgniter->handleRequest(NULL, Object(Config\Cache), false)
#5 /Applications/XAMPP/xamppfiles/htdocs/pos_beta/index.php(45): CodeIgniter\CodeIgniter->run()
#6 {main}
CRITICAL - 2020-05-22 06:33:49 --> Argument 2 passed to CodeIgniter\Database\BaseBuilder::like() must be of the type string, null given, called in /Applications/XAMPP/xamppfiles/htdocs/pos_beta/app/Models/Pos_model.php on line 91
#0 /Applications/XAMPP/xamppfiles/htdocs/pos_beta/app/Models/Pos_model.php(91): CodeIgniter\Database\BaseBuilder->like('nama_suplier', NULL)
#1 /Applications/XAMPP/xamppfiles/htdocs/pos_beta/app/Controllers/Pembelian.php(121): App\Models\Pos_model->getListSuplier(NULL)
#2 /Applications/XAMPP/xamppfiles/htdocs/pos_beta/system/CodeIgniter.php(910): App\Controllers\Pembelian->getSuplier()
#3 /Applications/XAMPP/xamppfiles/htdocs/pos_beta/system/CodeIgniter.php(398): CodeIgniter\CodeIgniter->runController(Object(App\Controllers\Pembelian))
#4 /Applications/XAMPP/xamppfiles/htdocs/pos_beta/system/CodeIgniter.php(306): CodeIgniter\CodeIgniter->handleRequest(NULL, Object(Config\Cache), false)
#5 /Applications/XAMPP/xamppfiles/htdocs/pos_beta/index.php(45): CodeIgniter\CodeIgniter->run()
#6 {main}
CRITICAL - 2020-05-22 06:33:50 --> Argument 2 passed to CodeIgniter\Database\BaseBuilder::like() must be of the type string, null given, called in /Applications/XAMPP/xamppfiles/htdocs/pos_beta/app/Models/Pos_model.php on line 91
#0 /Applications/XAMPP/xamppfiles/htdocs/pos_beta/app/Models/Pos_model.php(91): CodeIgniter\Database\BaseBuilder->like('nama_suplier', NULL)
#1 /Applications/XAMPP/xamppfiles/htdocs/pos_beta/app/Controllers/Pembelian.php(121): App\Models\Pos_model->getListSuplier(NULL)
#2 /Applications/XAMPP/xamppfiles/htdocs/pos_beta/system/CodeIgniter.php(910): App\Controllers\Pembelian->getSuplier()
#3 /Applications/XAMPP/xamppfiles/htdocs/pos_beta/system/CodeIgniter.php(398): CodeIgniter\CodeIgniter->runController(Object(App\Controllers\Pembelian))
#4 /Applications/XAMPP/xamppfiles/htdocs/pos_beta/system/CodeIgniter.php(306): CodeIgniter\CodeIgniter->handleRequest(NULL, Object(Config\Cache), false)
#5 /Applications/XAMPP/xamppfiles/htdocs/pos_beta/index.php(45): CodeIgniter\CodeIgniter->run()
#6 {main}
CRITICAL - 2020-05-22 06:33:52 --> Argument 2 passed to CodeIgniter\Database\BaseBuilder::like() must be of the type string, null given, called in /Applications/XAMPP/xamppfiles/htdocs/pos_beta/app/Models/Pos_model.php on line 91
#0 /Applications/XAMPP/xamppfiles/htdocs/pos_beta/app/Models/Pos_model.php(91): CodeIgniter\Database\BaseBuilder->like('nama_suplier', NULL)
#1 /Applications/XAMPP/xamppfiles/htdocs/pos_beta/app/Controllers/Pembelian.php(121): App\Models\Pos_model->getListSuplier(NULL)
#2 /Applications/XAMPP/xamppfiles/htdocs/pos_beta/system/CodeIgniter.php(910): App\Controllers\Pembelian->getSuplier()
#3 /Applications/XAMPP/xamppfiles/htdocs/pos_beta/system/CodeIgniter.php(398): CodeIgniter\CodeIgniter->runController(Object(App\Controllers\Pembelian))
#4 /Applications/XAMPP/xamppfiles/htdocs/pos_beta/system/CodeIgniter.php(306): CodeIgniter\CodeIgniter->handleRequest(NULL, Object(Config\Cache), false)
#5 /Applications/XAMPP/xamppfiles/htdocs/pos_beta/index.php(45): CodeIgniter\CodeIgniter->run()
#6 {main}
CRITICAL - 2020-05-22 06:34:00 --> Argument 2 passed to CodeIgniter\Database\BaseBuilder::like() must be of the type string, null given, called in /Applications/XAMPP/xamppfiles/htdocs/pos_beta/app/Models/Pos_model.php on line 91
#0 /Applications/XAMPP/xamppfiles/htdocs/pos_beta/app/Models/Pos_model.php(91): CodeIgniter\Database\BaseBuilder->like('nama_suplier', NULL)
#1 /Applications/XAMPP/xamppfiles/htdocs/pos_beta/app/Controllers/Pembelian.php(121): App\Models\Pos_model->getListSuplier(NULL)
#2 /Applications/XAMPP/xamppfiles/htdocs/pos_beta/system/CodeIgniter.php(910): App\Controllers\Pembelian->getSuplier()
#3 /Applications/XAMPP/xamppfiles/htdocs/pos_beta/system/CodeIgniter.php(398): CodeIgniter\CodeIgniter->runController(Object(App\Controllers\Pembelian))
#4 /Applications/XAMPP/xamppfiles/htdocs/pos_beta/system/CodeIgniter.php(306): CodeIgniter\CodeIgniter->handleRequest(NULL, Object(Config\Cache), false)
#5 /Applications/XAMPP/xamppfiles/htdocs/pos_beta/index.php(45): CodeIgniter\CodeIgniter->run()
#6 {main}
CRITICAL - 2020-05-22 06:34:03 --> Unknown column 'supplier' in 'field list'
#0 /Applications/XAMPP/xamppfiles/htdocs/pos_beta/system/Database/MySQLi/Connection.php(330): mysqli->query('INSERT INTO `tr...')
#1 /Applications/XAMPP/xamppfiles/htdocs/pos_beta/system/Database/BaseConnection.php(738): CodeIgniter\Database\MySQLi\Connection->execute('INSERT INTO `tr...')
#2 /Applications/XAMPP/xamppfiles/htdocs/pos_beta/system/Database/BaseConnection.php(666): CodeIgniter\Database\BaseConnection->simpleQuery('INSERT INTO `tr...')
#3 /Applications/XAMPP/xamppfiles/htdocs/pos_beta/system/Database/BaseBuilder.php(2206): CodeIgniter\Database\BaseConnection->query('INSERT INTO `tr...', Array, false)
#4 /Applications/XAMPP/xamppfiles/htdocs/pos_beta/app/Models/Pembelian_model.php(64): CodeIgniter\Database\BaseBuilder->insert(Array)
#5 /Applications/XAMPP/xamppfiles/htdocs/pos_beta/app/Controllers/Pembelian.php(93): App\Models\Pembelian_model->addDataPembelianTemp(Array)
#6 /Applications/XAMPP/xamppfiles/htdocs/pos_beta/system/CodeIgniter.php(910): App\Controllers\Pembelian->addBeliTemp()
#7 /Applications/XAMPP/xamppfiles/htdocs/pos_beta/system/CodeIgniter.php(398): CodeIgniter\CodeIgniter->runController(Object(App\Controllers\Pembelian))
#8 /Applications/XAMPP/xamppfiles/htdocs/pos_beta/system/CodeIgniter.php(306): CodeIgniter\CodeIgniter->handleRequest(NULL, Object(Config\Cache), false)
#9 /Applications/XAMPP/xamppfiles/htdocs/pos_beta/index.php(45): CodeIgniter\CodeIgniter->run()
#10 {main}
CRITICAL - 2020-05-22 06:34:36 --> Argument 2 passed to CodeIgniter\Database\BaseBuilder::orLike() must be of the type string, null given, called in /Applications/XAMPP/xamppfiles/htdocs/pos_beta/app/Models/Pos_model.php on line 53
#0 /Applications/XAMPP/xamppfiles/htdocs/pos_beta/app/Models/Pos_model.php(53): CodeIgniter\Database\BaseBuilder->orLike('nama_produk', NULL)
#1 /Applications/XAMPP/xamppfiles/htdocs/pos_beta/app/Controllers/Pembelian.php(107): App\Models\Pos_model->getDataProdukSearch(NULL)
#2 /Applications/XAMPP/xamppfiles/htdocs/pos_beta/system/CodeIgniter.php(910): App\Controllers\Pembelian->getProdukSelect()
#3 /Applications/XAMPP/xamppfiles/htdocs/pos_beta/system/CodeIgniter.php(398): CodeIgniter\CodeIgniter->runController(Object(App\Controllers\Pembelian))
#4 /Applications/XAMPP/xamppfiles/htdocs/pos_beta/system/CodeIgniter.php(306): CodeIgniter\CodeIgniter->handleRequest(NULL, Object(Config\Cache), false)
#5 /Applications/XAMPP/xamppfiles/htdocs/pos_beta/index.php(45): CodeIgniter\CodeIgniter->run()
#6 {main}
