CRITICAL - 2020-04-22 07:34:13 --> Session: Configured save path "{0}" is not writable by the PHP process.
#0 /Applications/XAMPP/xamppfiles/htdocs/ci-pos-umkm/system/Session/Handlers/FileHandler.php(144): CodeIgniter\Session\Exceptions\SessionException::forWriteProtectedSavePath('NULL')
#1 [internal function]: CodeIgniter\Session\Handlers\FileHandler->open('NULL', 'ci_session')
#2 /Applications/XAMPP/xamppfiles/htdocs/ci-pos-umkm/system/Session/Session.php(1002): session_start()
#3 /Applications/XAMPP/xamppfiles/htdocs/ci-pos-umkm/system/Session/Session.php(238): CodeIgniter\Session\Session->startSession()
#4 /Applications/XAMPP/xamppfiles/htdocs/ci-pos-umkm/system/Config/Services.php(773): CodeIgniter\Session\Session->start()
#5 /Applications/XAMPP/xamppfiles/htdocs/ci-pos-umkm/system/Config/BaseService.php(123): CodeIgniter\Config\Services::session(Object(Config\App), false)
#6 /Applications/XAMPP/xamppfiles/htdocs/ci-pos-umkm/system/Config/Services.php(754): CodeIgniter\Config\BaseService::getSharedInstance('session', NULL)
#7 /Applications/XAMPP/xamppfiles/htdocs/ci-pos-umkm/system/Common.php(879): CodeIgniter\Config\Services::session()
#8 /Applications/XAMPP/xamppfiles/htdocs/ci-pos-umkm/CodeIgniter-Ion-Auth/Libraries/IonAuth.php(65): session()
#9 /Applications/XAMPP/xamppfiles/htdocs/ci-pos-umkm/CodeIgniter-Ion-Auth/Controllers/Auth.php(73): IonAuth\Libraries\IonAuth->__construct()
#10 /Applications/XAMPP/xamppfiles/htdocs/ci-pos-umkm/system/CodeIgniter.php(882): IonAuth\Controllers\Auth->__construct()
#11 /Applications/XAMPP/xamppfiles/htdocs/ci-pos-umkm/system/CodeIgniter.php(393): CodeIgniter\CodeIgniter->createController()
#12 /Applications/XAMPP/xamppfiles/htdocs/ci-pos-umkm/system/CodeIgniter.php(306): CodeIgniter\CodeIgniter->handleRequest(NULL, Object(Config\Cache), false)
#13 /Applications/XAMPP/xamppfiles/htdocs/ci-pos-umkm/public/index.php(45): CodeIgniter\CodeIgniter->run()
#14 /Applications/XAMPP/xamppfiles/htdocs/ci-pos-umkm/system/Commands/Server/rewrite.php(34): require_once('/Applications/X...')
#15 {main}
CRITICAL - 2020-04-22 07:34:16 --> Session: Configured save path "{0}" is not writable by the PHP process.
#0 /Applications/XAMPP/xamppfiles/htdocs/ci-pos-umkm/system/Session/Handlers/FileHandler.php(144): CodeIgniter\Session\Exceptions\SessionException::forWriteProtectedSavePath('NULL')
#1 [internal function]: CodeIgniter\Session\Handlers\FileHandler->open('NULL', 'ci_session')
#2 /Applications/XAMPP/xamppfiles/htdocs/ci-pos-umkm/system/Session/Session.php(1002): session_start()
#3 /Applications/XAMPP/xamppfiles/htdocs/ci-pos-umkm/system/Session/Session.php(238): CodeIgniter\Session\Session->startSession()
#4 /Applications/XAMPP/xamppfiles/htdocs/ci-pos-umkm/system/Config/Services.php(773): CodeIgniter\Session\Session->start()
#5 /Applications/XAMPP/xamppfiles/htdocs/ci-pos-umkm/system/Config/BaseService.php(123): CodeIgniter\Config\Services::session(Object(Config\App), false)
#6 /Applications/XAMPP/xamppfiles/htdocs/ci-pos-umkm/system/Config/Services.php(754): CodeIgniter\Config\BaseService::getSharedInstance('session', NULL)
#7 /Applications/XAMPP/xamppfiles/htdocs/ci-pos-umkm/system/Common.php(879): CodeIgniter\Config\Services::session()
#8 /Applications/XAMPP/xamppfiles/htdocs/ci-pos-umkm/CodeIgniter-Ion-Auth/Libraries/IonAuth.php(65): session()
#9 /Applications/XAMPP/xamppfiles/htdocs/ci-pos-umkm/CodeIgniter-Ion-Auth/Controllers/Auth.php(73): IonAuth\Libraries\IonAuth->__construct()
#10 /Applications/XAMPP/xamppfiles/htdocs/ci-pos-umkm/system/CodeIgniter.php(882): IonAuth\Controllers\Auth->__construct()
#11 /Applications/XAMPP/xamppfiles/htdocs/ci-pos-umkm/system/CodeIgniter.php(393): CodeIgniter\CodeIgniter->createController()
#12 /Applications/XAMPP/xamppfiles/htdocs/ci-pos-umkm/system/CodeIgniter.php(306): CodeIgniter\CodeIgniter->handleRequest(NULL, Object(Config\Cache), false)
#13 /Applications/XAMPP/xamppfiles/htdocs/ci-pos-umkm/public/index.php(45): CodeIgniter\CodeIgniter->run()
#14 /Applications/XAMPP/xamppfiles/htdocs/ci-pos-umkm/system/Commands/Server/rewrite.php(34): require_once('/Applications/X...')
#15 {main}
CRITICAL - 2020-04-22 07:35:43 --> Session: Configured save path "{0}" is not writable by the PHP process.
#0 /Applications/XAMPP/xamppfiles/htdocs/ci-pos-umkm/system/Session/Handlers/FileHandler.php(144): CodeIgniter\Session\Exceptions\SessionException::forWriteProtectedSavePath('NULL')
#1 [internal function]: CodeIgniter\Session\Handlers\FileHandler->open('NULL', 'ci_session')
#2 /Applications/XAMPP/xamppfiles/htdocs/ci-pos-umkm/system/Session/Session.php(1002): session_start()
#3 /Applications/XAMPP/xamppfiles/htdocs/ci-pos-umkm/system/Session/Session.php(238): CodeIgniter\Session\Session->startSession()
#4 /Applications/XAMPP/xamppfiles/htdocs/ci-pos-umkm/system/Config/Services.php(773): CodeIgniter\Session\Session->start()
#5 /Applications/XAMPP/xamppfiles/htdocs/ci-pos-umkm/system/Config/BaseService.php(123): CodeIgniter\Config\Services::session(Object(Config\App), false)
#6 /Applications/XAMPP/xamppfiles/htdocs/ci-pos-umkm/system/Config/Services.php(754): CodeIgniter\Config\BaseService::getSharedInstance('session', NULL)
#7 /Applications/XAMPP/xamppfiles/htdocs/ci-pos-umkm/system/Common.php(879): CodeIgniter\Config\Services::session()
#8 /Applications/XAMPP/xamppfiles/htdocs/ci-pos-umkm/CodeIgniter-Ion-Auth/Libraries/IonAuth.php(65): session()
#9 /Applications/XAMPP/xamppfiles/htdocs/ci-pos-umkm/CodeIgniter-Ion-Auth/Controllers/Auth.php(73): IonAuth\Libraries\IonAuth->__construct()
#10 /Applications/XAMPP/xamppfiles/htdocs/ci-pos-umkm/system/CodeIgniter.php(882): IonAuth\Controllers\Auth->__construct()
#11 /Applications/XAMPP/xamppfiles/htdocs/ci-pos-umkm/system/CodeIgniter.php(393): CodeIgniter\CodeIgniter->createController()
#12 /Applications/XAMPP/xamppfiles/htdocs/ci-pos-umkm/system/CodeIgniter.php(306): CodeIgniter\CodeIgniter->handleRequest(NULL, Object(Config\Cache), false)
#13 /Applications/XAMPP/xamppfiles/htdocs/ci-pos-umkm/public/index.php(45): CodeIgniter\CodeIgniter->run()
#14 /Applications/XAMPP/xamppfiles/htdocs/ci-pos-umkm/system/Commands/Server/rewrite.php(34): require_once('/Applications/X...')
#15 {main}
CRITICAL - 2020-04-22 07:36:54 --> Session: Configured save path "{0}" is not writable by the PHP process.
#0 /Applications/XAMPP/xamppfiles/htdocs/ci-pos-umkm/system/Session/Handlers/FileHandler.php(144): CodeIgniter\Session\Exceptions\SessionException::forWriteProtectedSavePath('NULL')
#1 [internal function]: CodeIgniter\Session\Handlers\FileHandler->open('NULL', 'ci_session')
#2 /Applications/XAMPP/xamppfiles/htdocs/ci-pos-umkm/system/Session/Session.php(1002): session_start()
#3 /Applications/XAMPP/xamppfiles/htdocs/ci-pos-umkm/system/Session/Session.php(238): CodeIgniter\Session\Session->startSession()
#4 /Applications/XAMPP/xamppfiles/htdocs/ci-pos-umkm/system/Config/Services.php(773): CodeIgniter\Session\Session->start()
#5 /Applications/XAMPP/xamppfiles/htdocs/ci-pos-umkm/system/Config/BaseService.php(123): CodeIgniter\Config\Services::session(Object(Config\App), false)
#6 /Applications/XAMPP/xamppfiles/htdocs/ci-pos-umkm/system/Config/Services.php(754): CodeIgniter\Config\BaseService::getSharedInstance('session', NULL)
#7 /Applications/XAMPP/xamppfiles/htdocs/ci-pos-umkm/system/Common.php(879): CodeIgniter\Config\Services::session()
#8 /Applications/XAMPP/xamppfiles/htdocs/ci-pos-umkm/CodeIgniter-Ion-Auth/Libraries/IonAuth.php(65): session()
#9 /Applications/XAMPP/xamppfiles/htdocs/ci-pos-umkm/CodeIgniter-Ion-Auth/Controllers/Auth.php(73): IonAuth\Libraries\IonAuth->__construct()
#10 /Applications/XAMPP/xamppfiles/htdocs/ci-pos-umkm/system/CodeIgniter.php(882): IonAuth\Controllers\Auth->__construct()
#11 /Applications/XAMPP/xamppfiles/htdocs/ci-pos-umkm/system/CodeIgniter.php(393): CodeIgniter\CodeIgniter->createController()
#12 /Applications/XAMPP/xamppfiles/htdocs/ci-pos-umkm/system/CodeIgniter.php(306): CodeIgniter\CodeIgniter->handleRequest(NULL, Object(Config\Cache), false)
#13 /Applications/XAMPP/xamppfiles/htdocs/ci-pos-umkm/public/index.php(45): CodeIgniter\CodeIgniter->run()
#14 /Applications/XAMPP/xamppfiles/htdocs/ci-pos-umkm/system/Commands/Server/rewrite.php(34): require_once('/Applications/X...')
#15 {main}
CRITICAL - 2020-04-22 07:37:32 --> Session: Configured save path "{0}" is not writable by the PHP process.
#0 /Applications/XAMPP/xamppfiles/htdocs/ci-pos-umkm/system/Session/Handlers/FileHandler.php(144): CodeIgniter\Session\Exceptions\SessionException::forWriteProtectedSavePath('NULL')
#1 [internal function]: CodeIgniter\Session\Handlers\FileHandler->open('NULL', 'ci_session')
#2 /Applications/XAMPP/xamppfiles/htdocs/ci-pos-umkm/system/Session/Session.php(1002): session_start()
#3 /Applications/XAMPP/xamppfiles/htdocs/ci-pos-umkm/system/Session/Session.php(238): CodeIgniter\Session\Session->startSession()
#4 /Applications/XAMPP/xamppfiles/htdocs/ci-pos-umkm/system/Config/Services.php(773): CodeIgniter\Session\Session->start()
#5 /Applications/XAMPP/xamppfiles/htdocs/ci-pos-umkm/system/Config/BaseService.php(123): CodeIgniter\Config\Services::session(Object(Config\App), false)
#6 /Applications/XAMPP/xamppfiles/htdocs/ci-pos-umkm/system/Config/Services.php(754): CodeIgniter\Config\BaseService::getSharedInstance('session', NULL)
#7 /Applications/XAMPP/xamppfiles/htdocs/ci-pos-umkm/system/Common.php(879): CodeIgniter\Config\Services::session()
#8 /Applications/XAMPP/xamppfiles/htdocs/ci-pos-umkm/CodeIgniter-Ion-Auth/Libraries/IonAuth.php(65): session()
#9 /Applications/XAMPP/xamppfiles/htdocs/ci-pos-umkm/CodeIgniter-Ion-Auth/Controllers/Auth.php(73): IonAuth\Libraries\IonAuth->__construct()
#10 /Applications/XAMPP/xamppfiles/htdocs/ci-pos-umkm/system/CodeIgniter.php(882): IonAuth\Controllers\Auth->__construct()
#11 /Applications/XAMPP/xamppfiles/htdocs/ci-pos-umkm/system/CodeIgniter.php(393): CodeIgniter\CodeIgniter->createController()
#12 /Applications/XAMPP/xamppfiles/htdocs/ci-pos-umkm/system/CodeIgniter.php(306): CodeIgniter\CodeIgniter->handleRequest(NULL, Object(Config\Cache), false)
#13 /Applications/XAMPP/xamppfiles/htdocs/ci-pos-umkm/public/index.php(45): CodeIgniter\CodeIgniter->run()
#14 /Applications/XAMPP/xamppfiles/htdocs/ci-pos-umkm/system/Commands/Server/rewrite.php(34): require_once('/Applications/X...')
#15 {main}
CRITICAL - 2020-04-22 07:56:40 --> Session: Configured save path "{0}" is not writable by the PHP process.
#0 /Applications/XAMPP/xamppfiles/htdocs/ci-pos-umkm/system/Session/Handlers/FileHandler.php(144): CodeIgniter\Session\Exceptions\SessionException::forWriteProtectedSavePath('NULL')
#1 [internal function]: CodeIgniter\Session\Handlers\FileHandler->open('NULL', 'ci_session')
#2 /Applications/XAMPP/xamppfiles/htdocs/ci-pos-umkm/system/Session/Session.php(1002): session_start()
#3 /Applications/XAMPP/xamppfiles/htdocs/ci-pos-umkm/system/Session/Session.php(238): CodeIgniter\Session\Session->startSession()
#4 /Applications/XAMPP/xamppfiles/htdocs/ci-pos-umkm/system/Config/Services.php(773): CodeIgniter\Session\Session->start()
#5 /Applications/XAMPP/xamppfiles/htdocs/ci-pos-umkm/system/Config/BaseService.php(123): CodeIgniter\Config\Services::session(Object(Config\App), false)
#6 /Applications/XAMPP/xamppfiles/htdocs/ci-pos-umkm/system/Config/Services.php(754): CodeIgniter\Config\BaseService::getSharedInstance('session', NULL)
#7 /Applications/XAMPP/xamppfiles/htdocs/ci-pos-umkm/system/Common.php(879): CodeIgniter\Config\Services::session()
#8 /Applications/XAMPP/xamppfiles/htdocs/ci-pos-umkm/CodeIgniter-Ion-Auth/Libraries/IonAuth.php(65): session()
#9 /Applications/XAMPP/xamppfiles/htdocs/ci-pos-umkm/CodeIgniter-Ion-Auth/Controllers/Auth.php(73): IonAuth\Libraries\IonAuth->__construct()
#10 /Applications/XAMPP/xamppfiles/htdocs/ci-pos-umkm/system/CodeIgniter.php(882): IonAuth\Controllers\Auth->__construct()
#11 /Applications/XAMPP/xamppfiles/htdocs/ci-pos-umkm/system/CodeIgniter.php(393): CodeIgniter\CodeIgniter->createController()
#12 /Applications/XAMPP/xamppfiles/htdocs/ci-pos-umkm/system/CodeIgniter.php(306): CodeIgniter\CodeIgniter->handleRequest(NULL, Object(Config\Cache), false)
#13 /Applications/XAMPP/xamppfiles/htdocs/ci-pos-umkm/public/index.php(45): CodeIgniter\CodeIgniter->run()
#14 /Applications/XAMPP/xamppfiles/htdocs/ci-pos-umkm/system/Commands/Server/rewrite.php(34): require_once('/Applications/X...')
#15 {main}
CRITICAL - 2020-04-22 08:47:40 --> Undefined variable: title
#0 /Applications/XAMPP/xamppfiles/htdocs/ci-pos-umkm/app/Views/default_layout.php(6): CodeIgniter\Debug\Exceptions->errorHandler(8, 'Undefined varia...', '/Applications/X...', 6, Array)
#1 /Applications/XAMPP/xamppfiles/htdocs/ci-pos-umkm/system/View/View.php(236): include('/Applications/X...')
#2 /Applications/XAMPP/xamppfiles/htdocs/ci-pos-umkm/system/View/View.php(247): CodeIgniter\View\View->render('default_layout', Array, true)
#3 /Applications/XAMPP/xamppfiles/htdocs/ci-pos-umkm/system/Common.php(1071): CodeIgniter\View\View->render('main_layout', Array, true)
#4 /Applications/XAMPP/xamppfiles/htdocs/ci-pos-umkm/app/Controllers/Home.php(8): view('main_layout')
#5 /Applications/XAMPP/xamppfiles/htdocs/ci-pos-umkm/system/CodeIgniter.php(910): App\Controllers\Home->index()
#6 /Applications/XAMPP/xamppfiles/htdocs/ci-pos-umkm/system/CodeIgniter.php(398): CodeIgniter\CodeIgniter->runController(Object(App\Controllers\Home))
#7 /Applications/XAMPP/xamppfiles/htdocs/ci-pos-umkm/system/CodeIgniter.php(306): CodeIgniter\CodeIgniter->handleRequest(NULL, Object(Config\Cache), false)
#8 /Applications/XAMPP/xamppfiles/htdocs/ci-pos-umkm/public/index.php(45): CodeIgniter\CodeIgniter->run()
#9 /Applications/XAMPP/xamppfiles/htdocs/ci-pos-umkm/system/Commands/Server/rewrite.php(34): require_once('/Applications/X...')
#10 {main}
