CRITICAL - 2020-09-28 08:39:06 --> Undefined variable: no
#0 /opt/lampp/htdocs/pos_umk/app/Views/admin/settings/userroles_view_edit.php(95): CodeIgniter\Debug\Exceptions->errorHandler(8, 'Undefined varia...', '/opt/lampp/htdo...', 95, Array)
#1 /opt/lampp/htdocs/pos_umk/system/View/View.php(236): include('/opt/lampp/htdo...')
#2 /opt/lampp/htdocs/pos_umk/system/Common.php(1071): CodeIgniter\View\View->render('admin/settings/...', Array, true)
#3 /opt/lampp/htdocs/pos_umk/app/Controllers/Settings.php(113): view('admin/settings/...', Array)
#4 /opt/lampp/htdocs/pos_umk/system/CodeIgniter.php(910): App\Controllers\Settings->userrolesedit()
#5 /opt/lampp/htdocs/pos_umk/system/CodeIgniter.php(398): CodeIgniter\CodeIgniter->runController(Object(App\Controllers\Settings))
#6 /opt/lampp/htdocs/pos_umk/system/CodeIgniter.php(306): CodeIgniter\CodeIgniter->handleRequest(NULL, Object(Config\Cache), false)
#7 /opt/lampp/htdocs/pos_umk/index.php(45): CodeIgniter\CodeIgniter->run()
#8 {main}
CRITICAL - 2020-09-28 08:39:29 --> Cannot use object of type stdClass as array
#0 /opt/lampp/htdocs/pos_umk/system/View/View.php(236): include()
#1 /opt/lampp/htdocs/pos_umk/system/Common.php(1071): CodeIgniter\View\View->render('admin/settings/...', Array, true)
#2 /opt/lampp/htdocs/pos_umk/app/Controllers/Settings.php(113): view('admin/settings/...', Array)
#3 /opt/lampp/htdocs/pos_umk/system/CodeIgniter.php(910): App\Controllers\Settings->userrolesedit()
#4 /opt/lampp/htdocs/pos_umk/system/CodeIgniter.php(398): CodeIgniter\CodeIgniter->runController(Object(App\Controllers\Settings))
#5 /opt/lampp/htdocs/pos_umk/system/CodeIgniter.php(306): CodeIgniter\CodeIgniter->handleRequest(NULL, Object(Config\Cache), false)
#6 /opt/lampp/htdocs/pos_umk/index.php(45): CodeIgniter\CodeIgniter->run()
#7 {main}
CRITICAL - 2020-09-28 15:18:13 --> Undefined index: username
#0 /opt/lampp/htdocs/pos_umk/app/Controllers/Settings.php(113): CodeIgniter\Debug\Exceptions->errorHandler(8, 'Undefined index...', '/opt/lampp/htdo...', 113, Array)
#1 /opt/lampp/htdocs/pos_umk/system/CodeIgniter.php(910): App\Controllers\Settings->userrolesedit()
#2 /opt/lampp/htdocs/pos_umk/system/CodeIgniter.php(398): CodeIgniter\CodeIgniter->runController(Object(App\Controllers\Settings))
#3 /opt/lampp/htdocs/pos_umk/system/CodeIgniter.php(306): CodeIgniter\CodeIgniter->handleRequest(NULL, Object(Config\Cache), false)
#4 /opt/lampp/htdocs/pos_umk/index.php(45): CodeIgniter\CodeIgniter->run()
#5 {main}
CRITICAL - 2020-09-28 15:18:17 --> Undefined index: username
#0 /opt/lampp/htdocs/pos_umk/app/Controllers/Settings.php(113): CodeIgniter\Debug\Exceptions->errorHandler(8, 'Undefined index...', '/opt/lampp/htdo...', 113, Array)
#1 /opt/lampp/htdocs/pos_umk/system/CodeIgniter.php(910): App\Controllers\Settings->userrolesedit()
#2 /opt/lampp/htdocs/pos_umk/system/CodeIgniter.php(398): CodeIgniter\CodeIgniter->runController(Object(App\Controllers\Settings))
#3 /opt/lampp/htdocs/pos_umk/system/CodeIgniter.php(306): CodeIgniter\CodeIgniter->handleRequest(NULL, Object(Config\Cache), false)
#4 /opt/lampp/htdocs/pos_umk/index.php(45): CodeIgniter\CodeIgniter->run()
#5 {main}
CRITICAL - 2020-09-28 15:18:18 --> Undefined index: username
#0 /opt/lampp/htdocs/pos_umk/app/Controllers/Settings.php(104): CodeIgniter\Debug\Exceptions->errorHandler(8, 'Undefined index...', '/opt/lampp/htdo...', 104, Array)
#1 /opt/lampp/htdocs/pos_umk/system/CodeIgniter.php(910): App\Controllers\Settings->userroles()
#2 /opt/lampp/htdocs/pos_umk/system/CodeIgniter.php(398): CodeIgniter\CodeIgniter->runController(Object(App\Controllers\Settings))
#3 /opt/lampp/htdocs/pos_umk/system/CodeIgniter.php(306): CodeIgniter\CodeIgniter->handleRequest(NULL, Object(Config\Cache), false)
#4 /opt/lampp/htdocs/pos_umk/index.php(45): CodeIgniter\CodeIgniter->run()
#5 {main}
CRITICAL - 2020-09-28 15:18:29 --> Undefined variable: result
#0 /opt/lampp/htdocs/pos_umk/app/Models/Setting_model.php(91): CodeIgniter\Debug\Exceptions->errorHandler(8, 'Undefined varia...', '/opt/lampp/htdo...', 91, Array)
#1 /opt/lampp/htdocs/pos_umk/app/Views/admin/settings/userroles_view_edit.php(91): App\Models\Setting_model->menuusers()
#2 /opt/lampp/htdocs/pos_umk/system/View/View.php(236): include('/opt/lampp/htdo...')
#3 /opt/lampp/htdocs/pos_umk/system/Common.php(1071): CodeIgniter\View\View->render('admin/settings/...', Array, true)
#4 /opt/lampp/htdocs/pos_umk/app/Controllers/Settings.php(114): view('admin/settings/...', Array)
#5 /opt/lampp/htdocs/pos_umk/system/CodeIgniter.php(910): App\Controllers\Settings->userrolesedit()
#6 /opt/lampp/htdocs/pos_umk/system/CodeIgniter.php(398): CodeIgniter\CodeIgniter->runController(Object(App\Controllers\Settings))
#7 /opt/lampp/htdocs/pos_umk/system/CodeIgniter.php(306): CodeIgniter\CodeIgniter->handleRequest(NULL, Object(Config\Cache), false)
#8 /opt/lampp/htdocs/pos_umk/index.php(45): CodeIgniter\CodeIgniter->run()
#9 {main}
CRITICAL - 2020-09-28 15:18:50 --> Call to undefined method CodeIgniter\Database\MySQLi\Builder::getResult()
#0 /opt/lampp/htdocs/pos_umk/system/View/View.php(236): include()
#1 /opt/lampp/htdocs/pos_umk/system/Common.php(1071): CodeIgniter\View\View->render('admin/settings/...', Array, true)
#2 /opt/lampp/htdocs/pos_umk/app/Controllers/Settings.php(114): view('admin/settings/...', Array)
#3 /opt/lampp/htdocs/pos_umk/system/CodeIgniter.php(910): App\Controllers\Settings->userrolesedit()
#4 /opt/lampp/htdocs/pos_umk/system/CodeIgniter.php(398): CodeIgniter\CodeIgniter->runController(Object(App\Controllers\Settings))
#5 /opt/lampp/htdocs/pos_umk/system/CodeIgniter.php(306): CodeIgniter\CodeIgniter->handleRequest(NULL, Object(Config\Cache), false)
#6 /opt/lampp/htdocs/pos_umk/index.php(45): CodeIgniter\CodeIgniter->run()
#7 {main}
CRITICAL - 2020-09-28 15:20:17 --> Call to undefined method CodeIgniter\Database\MySQLi\Builder::result()
#0 /opt/lampp/htdocs/pos_umk/system/View/View.php(236): include()
#1 /opt/lampp/htdocs/pos_umk/system/Common.php(1071): CodeIgniter\View\View->render('admin/settings/...', Array, true)
#2 /opt/lampp/htdocs/pos_umk/app/Controllers/Settings.php(114): view('admin/settings/...', Array)
#3 /opt/lampp/htdocs/pos_umk/system/CodeIgniter.php(910): App\Controllers\Settings->userrolesedit()
#4 /opt/lampp/htdocs/pos_umk/system/CodeIgniter.php(398): CodeIgniter\CodeIgniter->runController(Object(App\Controllers\Settings))
#5 /opt/lampp/htdocs/pos_umk/system/CodeIgniter.php(306): CodeIgniter\CodeIgniter->handleRequest(NULL, Object(Config\Cache), false)
#6 /opt/lampp/htdocs/pos_umk/index.php(45): CodeIgniter\CodeIgniter->run()
#7 {main}
CRITICAL - 2020-09-28 15:21:36 --> Call to undefined method CodeIgniter\Database\MySQLi\Builder::getResult()
#0 /opt/lampp/htdocs/pos_umk/system/View/View.php(236): include()
#1 /opt/lampp/htdocs/pos_umk/system/Common.php(1071): CodeIgniter\View\View->render('admin/settings/...', Array, true)
#2 /opt/lampp/htdocs/pos_umk/app/Controllers/Settings.php(114): view('admin/settings/...', Array)
#3 /opt/lampp/htdocs/pos_umk/system/CodeIgniter.php(910): App\Controllers\Settings->userrolesedit()
#4 /opt/lampp/htdocs/pos_umk/system/CodeIgniter.php(398): CodeIgniter\CodeIgniter->runController(Object(App\Controllers\Settings))
#5 /opt/lampp/htdocs/pos_umk/system/CodeIgniter.php(306): CodeIgniter\CodeIgniter->handleRequest(NULL, Object(Config\Cache), false)
#6 /opt/lampp/htdocs/pos_umk/index.php(45): CodeIgniter\CodeIgniter->run()
#7 {main}
CRITICAL - 2020-09-28 15:23:33 --> Call to undefined method CodeIgniter\Database\MySQLi\Builder::getResult()
#0 /opt/lampp/htdocs/pos_umk/system/View/View.php(236): include()
#1 /opt/lampp/htdocs/pos_umk/system/Common.php(1071): CodeIgniter\View\View->render('admin/settings/...', Array, true)
#2 /opt/lampp/htdocs/pos_umk/app/Controllers/Settings.php(114): view('admin/settings/...', Array)
#3 /opt/lampp/htdocs/pos_umk/system/CodeIgniter.php(910): App\Controllers\Settings->userrolesedit()
#4 /opt/lampp/htdocs/pos_umk/system/CodeIgniter.php(398): CodeIgniter\CodeIgniter->runController(Object(App\Controllers\Settings))
#5 /opt/lampp/htdocs/pos_umk/system/CodeIgniter.php(306): CodeIgniter\CodeIgniter->handleRequest(NULL, Object(Config\Cache), false)
#6 /opt/lampp/htdocs/pos_umk/index.php(45): CodeIgniter\CodeIgniter->run()
#7 {main}
CRITICAL - 2020-09-28 15:23:53 --> Call to undefined method CodeIgniter\Database\MySQLi\Builder::getResult()
#0 /opt/lampp/htdocs/pos_umk/system/View/View.php(236): include()
#1 /opt/lampp/htdocs/pos_umk/system/Common.php(1071): CodeIgniter\View\View->render('admin/settings/...', Array, true)
#2 /opt/lampp/htdocs/pos_umk/app/Controllers/Settings.php(114): view('admin/settings/...', Array)
#3 /opt/lampp/htdocs/pos_umk/system/CodeIgniter.php(910): App\Controllers\Settings->userrolesedit()
#4 /opt/lampp/htdocs/pos_umk/system/CodeIgniter.php(398): CodeIgniter\CodeIgniter->runController(Object(App\Controllers\Settings))
#5 /opt/lampp/htdocs/pos_umk/system/CodeIgniter.php(306): CodeIgniter\CodeIgniter->handleRequest(NULL, Object(Config\Cache), false)
#6 /opt/lampp/htdocs/pos_umk/index.php(45): CodeIgniter\CodeIgniter->run()
#7 {main}
CRITICAL - 2020-09-28 15:25:45 --> Object of class App\Models\Setting_model could not be converted to string
#0 /opt/lampp/htdocs/pos_umk/app/Views/admin/settings/userroles_view_edit.php(92): CodeIgniter\Debug\Exceptions->errorHandler(4096, 'Object of class...', '/opt/lampp/htdo...', 92, Array)
#1 /opt/lampp/htdocs/pos_umk/system/View/View.php(236): include('/opt/lampp/htdo...')
#2 /opt/lampp/htdocs/pos_umk/system/Common.php(1071): CodeIgniter\View\View->render('admin/settings/...', Array, true)
#3 /opt/lampp/htdocs/pos_umk/app/Controllers/Settings.php(114): view('admin/settings/...', Array)
#4 /opt/lampp/htdocs/pos_umk/system/CodeIgniter.php(910): App\Controllers\Settings->userrolesedit()
#5 /opt/lampp/htdocs/pos_umk/system/CodeIgniter.php(398): CodeIgniter\CodeIgniter->runController(Object(App\Controllers\Settings))
#6 /opt/lampp/htdocs/pos_umk/system/CodeIgniter.php(306): CodeIgniter\CodeIgniter->handleRequest(NULL, Object(Config\Cache), false)
#7 /opt/lampp/htdocs/pos_umk/index.php(45): CodeIgniter\CodeIgniter->run()
#8 {main}
CRITICAL - 2020-09-28 15:26:56 --> Call to undefined method CodeIgniter\Database\MySQLi\Builder::getResult()
#0 /opt/lampp/htdocs/pos_umk/system/View/View.php(236): include()
#1 /opt/lampp/htdocs/pos_umk/system/Common.php(1071): CodeIgniter\View\View->render('admin/settings/...', Array, true)
#2 /opt/lampp/htdocs/pos_umk/app/Controllers/Settings.php(114): view('admin/settings/...', Array)
#3 /opt/lampp/htdocs/pos_umk/system/CodeIgniter.php(910): App\Controllers\Settings->userrolesedit()
#4 /opt/lampp/htdocs/pos_umk/system/CodeIgniter.php(398): CodeIgniter\CodeIgniter->runController(Object(App\Controllers\Settings))
#5 /opt/lampp/htdocs/pos_umk/system/CodeIgniter.php(306): CodeIgniter\CodeIgniter->handleRequest(NULL, Object(Config\Cache), false)
#6 /opt/lampp/htdocs/pos_umk/index.php(45): CodeIgniter\CodeIgniter->run()
#7 {main}
CRITICAL - 2020-09-28 15:27:13 --> Undefined property: CodeIgniter\Database\MySQLi\Builder::$result
#0 /opt/lampp/htdocs/pos_umk/app/Views/admin/settings/userroles_view_edit.php(92): CodeIgniter\Debug\Exceptions->errorHandler(8, 'Undefined prope...', '/opt/lampp/htdo...', 92, Array)
#1 /opt/lampp/htdocs/pos_umk/system/View/View.php(236): include('/opt/lampp/htdo...')
#2 /opt/lampp/htdocs/pos_umk/system/Common.php(1071): CodeIgniter\View\View->render('admin/settings/...', Array, true)
#3 /opt/lampp/htdocs/pos_umk/app/Controllers/Settings.php(114): view('admin/settings/...', Array)
#4 /opt/lampp/htdocs/pos_umk/system/CodeIgniter.php(910): App\Controllers\Settings->userrolesedit()
#5 /opt/lampp/htdocs/pos_umk/system/CodeIgniter.php(398): CodeIgniter\CodeIgniter->runController(Object(App\Controllers\Settings))
#6 /opt/lampp/htdocs/pos_umk/system/CodeIgniter.php(306): CodeIgniter\CodeIgniter->handleRequest(NULL, Object(Config\Cache), false)
#7 /opt/lampp/htdocs/pos_umk/index.php(45): CodeIgniter\CodeIgniter->run()
#8 {main}
CRITICAL - 2020-09-28 15:27:49 --> Trying to get property 'menu' of non-object
#0 /opt/lampp/htdocs/pos_umk/app/Views/admin/settings/userroles_view_edit.php(94): CodeIgniter\Debug\Exceptions->errorHandler(8, 'Trying to get p...', '/opt/lampp/htdo...', 94, Array)
#1 /opt/lampp/htdocs/pos_umk/system/View/View.php(236): include('/opt/lampp/htdo...')
#2 /opt/lampp/htdocs/pos_umk/system/Common.php(1071): CodeIgniter\View\View->render('admin/settings/...', Array, true)
#3 /opt/lampp/htdocs/pos_umk/app/Controllers/Settings.php(114): view('admin/settings/...', Array)
#4 /opt/lampp/htdocs/pos_umk/system/CodeIgniter.php(910): App\Controllers\Settings->userrolesedit()
#5 /opt/lampp/htdocs/pos_umk/system/CodeIgniter.php(398): CodeIgniter\CodeIgniter->runController(Object(App\Controllers\Settings))
#6 /opt/lampp/htdocs/pos_umk/system/CodeIgniter.php(306): CodeIgniter\CodeIgniter->handleRequest(NULL, Object(Config\Cache), false)
#7 /opt/lampp/htdocs/pos_umk/index.php(45): CodeIgniter\CodeIgniter->run()
#8 {main}
CRITICAL - 2020-09-28 15:28:17 --> Undefined index: menu
#0 /opt/lampp/htdocs/pos_umk/app/Views/admin/settings/userroles_view_edit.php(94): CodeIgniter\Debug\Exceptions->errorHandler(8, 'Undefined index...', '/opt/lampp/htdo...', 94, Array)
#1 /opt/lampp/htdocs/pos_umk/system/View/View.php(236): include('/opt/lampp/htdo...')
#2 /opt/lampp/htdocs/pos_umk/system/Common.php(1071): CodeIgniter\View\View->render('admin/settings/...', Array, true)
#3 /opt/lampp/htdocs/pos_umk/app/Controllers/Settings.php(114): view('admin/settings/...', Array)
#4 /opt/lampp/htdocs/pos_umk/system/CodeIgniter.php(910): App\Controllers\Settings->userrolesedit()
#5 /opt/lampp/htdocs/pos_umk/system/CodeIgniter.php(398): CodeIgniter\CodeIgniter->runController(Object(App\Controllers\Settings))
#6 /opt/lampp/htdocs/pos_umk/system/CodeIgniter.php(306): CodeIgniter\CodeIgniter->handleRequest(NULL, Object(Config\Cache), false)
#7 /opt/lampp/htdocs/pos_umk/index.php(45): CodeIgniter\CodeIgniter->run()
#8 {main}
CRITICAL - 2020-09-28 15:28:20 --> Undefined index: menu
#0 /opt/lampp/htdocs/pos_umk/app/Views/admin/settings/userroles_view_edit.php(94): CodeIgniter\Debug\Exceptions->errorHandler(8, 'Undefined index...', '/opt/lampp/htdo...', 94, Array)
#1 /opt/lampp/htdocs/pos_umk/system/View/View.php(236): include('/opt/lampp/htdo...')
#2 /opt/lampp/htdocs/pos_umk/system/Common.php(1071): CodeIgniter\View\View->render('admin/settings/...', Array, true)
#3 /opt/lampp/htdocs/pos_umk/app/Controllers/Settings.php(114): view('admin/settings/...', Array)
#4 /opt/lampp/htdocs/pos_umk/system/CodeIgniter.php(910): App\Controllers\Settings->userrolesedit()
#5 /opt/lampp/htdocs/pos_umk/system/CodeIgniter.php(398): CodeIgniter\CodeIgniter->runController(Object(App\Controllers\Settings))
#6 /opt/lampp/htdocs/pos_umk/system/CodeIgniter.php(306): CodeIgniter\CodeIgniter->handleRequest(NULL, Object(Config\Cache), false)
#7 /opt/lampp/htdocs/pos_umk/index.php(45): CodeIgniter\CodeIgniter->run()
#8 {main}
CRITICAL - 2020-09-28 15:29:19 --> Call to undefined method CodeIgniter\Database\MySQLi\Builder::getResult()
#0 /opt/lampp/htdocs/pos_umk/system/CodeIgniter.php(910): App\Controllers\Settings->userrolesedit()
#1 /opt/lampp/htdocs/pos_umk/system/CodeIgniter.php(398): CodeIgniter\CodeIgniter->runController(Object(App\Controllers\Settings))
#2 /opt/lampp/htdocs/pos_umk/system/CodeIgniter.php(306): CodeIgniter\CodeIgniter->handleRequest(NULL, Object(Config\Cache), false)
#3 /opt/lampp/htdocs/pos_umk/index.php(45): CodeIgniter\CodeIgniter->run()
#4 {main}
CRITICAL - 2020-09-28 15:30:38 --> Call to undefined method CodeIgniter\Database\MySQLi\Builder::getResult()
#0 /opt/lampp/htdocs/pos_umk/system/View/View.php(236): include()
#1 /opt/lampp/htdocs/pos_umk/system/Common.php(1071): CodeIgniter\View\View->render('admin/settings/...', Array, true)
#2 /opt/lampp/htdocs/pos_umk/app/Controllers/Settings.php(115): view('admin/settings/...', Array)
#3 /opt/lampp/htdocs/pos_umk/system/CodeIgniter.php(910): App\Controllers\Settings->userrolesedit()
#4 /opt/lampp/htdocs/pos_umk/system/CodeIgniter.php(398): CodeIgniter\CodeIgniter->runController(Object(App\Controllers\Settings))
#5 /opt/lampp/htdocs/pos_umk/system/CodeIgniter.php(306): CodeIgniter\CodeIgniter->handleRequest(NULL, Object(Config\Cache), false)
#6 /opt/lampp/htdocs/pos_umk/index.php(45): CodeIgniter\CodeIgniter->run()
#7 {main}
CRITICAL - 2020-09-28 15:34:35 --> Call to undefined method CodeIgniter\Database\MySQLi\Builder::getResult()
#0 /opt/lampp/htdocs/pos_umk/system/CodeIgniter.php(910): App\Controllers\Settings->userrolesedit()
#1 /opt/lampp/htdocs/pos_umk/system/CodeIgniter.php(398): CodeIgniter\CodeIgniter->runController(Object(App\Controllers\Settings))
#2 /opt/lampp/htdocs/pos_umk/system/CodeIgniter.php(306): CodeIgniter\CodeIgniter->handleRequest(NULL, Object(Config\Cache), false)
#3 /opt/lampp/htdocs/pos_umk/index.php(45): CodeIgniter\CodeIgniter->run()
#4 {main}
CRITICAL - 2020-09-28 15:36:20 --> Call to undefined method CodeIgniter\Database\MySQLi\Builder::getResult()
#0 /opt/lampp/htdocs/pos_umk/system/CodeIgniter.php(910): App\Controllers\Settings->userrolesedit()
#1 /opt/lampp/htdocs/pos_umk/system/CodeIgniter.php(398): CodeIgniter\CodeIgniter->runController(Object(App\Controllers\Settings))
#2 /opt/lampp/htdocs/pos_umk/system/CodeIgniter.php(306): CodeIgniter\CodeIgniter->handleRequest(NULL, Object(Config\Cache), false)
#3 /opt/lampp/htdocs/pos_umk/index.php(45): CodeIgniter\CodeIgniter->run()
#4 {main}
CRITICAL - 2020-09-28 15:36:43 --> Call to undefined method CodeIgniter\Database\MySQLi\Builder::getResult()
#0 /opt/lampp/htdocs/pos_umk/system/CodeIgniter.php(910): App\Controllers\Settings->userrolesedit()
#1 /opt/lampp/htdocs/pos_umk/system/CodeIgniter.php(398): CodeIgniter\CodeIgniter->runController(Object(App\Controllers\Settings))
#2 /opt/lampp/htdocs/pos_umk/system/CodeIgniter.php(306): CodeIgniter\CodeIgniter->handleRequest(NULL, Object(Config\Cache), false)
#3 /opt/lampp/htdocs/pos_umk/index.php(45): CodeIgniter\CodeIgniter->run()
#4 {main}
CRITICAL - 2020-09-28 15:36:46 --> Call to undefined method CodeIgniter\Database\MySQLi\Builder::getResult()
#0 /opt/lampp/htdocs/pos_umk/system/CodeIgniter.php(910): App\Controllers\Settings->userrolesedit()
#1 /opt/lampp/htdocs/pos_umk/system/CodeIgniter.php(398): CodeIgniter\CodeIgniter->runController(Object(App\Controllers\Settings))
#2 /opt/lampp/htdocs/pos_umk/system/CodeIgniter.php(306): CodeIgniter\CodeIgniter->handleRequest(NULL, Object(Config\Cache), false)
#3 /opt/lampp/htdocs/pos_umk/index.php(45): CodeIgniter\CodeIgniter->run()
#4 {main}
CRITICAL - 2020-09-28 15:37:46 --> Undefined property: stdClass::$menu
#0 /opt/lampp/htdocs/pos_umk/app/Views/admin/settings/userroles_view_edit.php(94): CodeIgniter\Debug\Exceptions->errorHandler(8, 'Undefined prope...', '/opt/lampp/htdo...', 94, Array)
#1 /opt/lampp/htdocs/pos_umk/system/View/View.php(236): include('/opt/lampp/htdo...')
#2 /opt/lampp/htdocs/pos_umk/system/Common.php(1071): CodeIgniter\View\View->render('admin/settings/...', Array, true)
#3 /opt/lampp/htdocs/pos_umk/app/Controllers/Settings.php(115): view('admin/settings/...', Array)
#4 /opt/lampp/htdocs/pos_umk/system/CodeIgniter.php(910): App\Controllers\Settings->userrolesedit()
#5 /opt/lampp/htdocs/pos_umk/system/CodeIgniter.php(398): CodeIgniter\CodeIgniter->runController(Object(App\Controllers\Settings))
#6 /opt/lampp/htdocs/pos_umk/system/CodeIgniter.php(306): CodeIgniter\CodeIgniter->handleRequest(NULL, Object(Config\Cache), false)
#7 /opt/lampp/htdocs/pos_umk/index.php(45): CodeIgniter\CodeIgniter->run()
#8 {main}
CRITICAL - 2020-09-28 15:38:45 --> Undefined property: stdClass::$menu
#0 /opt/lampp/htdocs/pos_umk/app/Views/admin/settings/userroles_view_edit.php(94): CodeIgniter\Debug\Exceptions->errorHandler(8, 'Undefined prope...', '/opt/lampp/htdo...', 94, Array)
#1 /opt/lampp/htdocs/pos_umk/system/View/View.php(236): include('/opt/lampp/htdo...')
#2 /opt/lampp/htdocs/pos_umk/system/Common.php(1071): CodeIgniter\View\View->render('admin/settings/...', Array, true)
#3 /opt/lampp/htdocs/pos_umk/app/Controllers/Settings.php(115): view('admin/settings/...', Array)
#4 /opt/lampp/htdocs/pos_umk/system/CodeIgniter.php(910): App\Controllers\Settings->userrolesedit()
#5 /opt/lampp/htdocs/pos_umk/system/CodeIgniter.php(398): CodeIgniter\CodeIgniter->runController(Object(App\Controllers\Settings))
#6 /opt/lampp/htdocs/pos_umk/system/CodeIgniter.php(306): CodeIgniter\CodeIgniter->handleRequest(NULL, Object(Config\Cache), false)
#7 /opt/lampp/htdocs/pos_umk/index.php(45): CodeIgniter\CodeIgniter->run()
#8 {main}
CRITICAL - 2020-09-28 15:38:46 --> Undefined property: stdClass::$menu
#0 /opt/lampp/htdocs/pos_umk/app/Views/admin/settings/userroles_view_edit.php(94): CodeIgniter\Debug\Exceptions->errorHandler(8, 'Undefined prope...', '/opt/lampp/htdo...', 94, Array)
#1 /opt/lampp/htdocs/pos_umk/system/View/View.php(236): include('/opt/lampp/htdo...')
#2 /opt/lampp/htdocs/pos_umk/system/Common.php(1071): CodeIgniter\View\View->render('admin/settings/...', Array, true)
#3 /opt/lampp/htdocs/pos_umk/app/Controllers/Settings.php(115): view('admin/settings/...', Array)
#4 /opt/lampp/htdocs/pos_umk/system/CodeIgniter.php(910): App\Controllers\Settings->userrolesedit()
#5 /opt/lampp/htdocs/pos_umk/system/CodeIgniter.php(398): CodeIgniter\CodeIgniter->runController(Object(App\Controllers\Settings))
#6 /opt/lampp/htdocs/pos_umk/system/CodeIgniter.php(306): CodeIgniter\CodeIgniter->handleRequest(NULL, Object(Config\Cache), false)
#7 /opt/lampp/htdocs/pos_umk/index.php(45): CodeIgniter\CodeIgniter->run()
#8 {main}
CRITICAL - 2020-09-28 15:38:46 --> Undefined property: stdClass::$menu
#0 /opt/lampp/htdocs/pos_umk/app/Views/admin/settings/userroles_view_edit.php(94): CodeIgniter\Debug\Exceptions->errorHandler(8, 'Undefined prope...', '/opt/lampp/htdo...', 94, Array)
#1 /opt/lampp/htdocs/pos_umk/system/View/View.php(236): include('/opt/lampp/htdo...')
#2 /opt/lampp/htdocs/pos_umk/system/Common.php(1071): CodeIgniter\View\View->render('admin/settings/...', Array, true)
#3 /opt/lampp/htdocs/pos_umk/app/Controllers/Settings.php(115): view('admin/settings/...', Array)
#4 /opt/lampp/htdocs/pos_umk/system/CodeIgniter.php(910): App\Controllers\Settings->userrolesedit()
#5 /opt/lampp/htdocs/pos_umk/system/CodeIgniter.php(398): CodeIgniter\CodeIgniter->runController(Object(App\Controllers\Settings))
#6 /opt/lampp/htdocs/pos_umk/system/CodeIgniter.php(306): CodeIgniter\CodeIgniter->handleRequest(NULL, Object(Config\Cache), false)
#7 /opt/lampp/htdocs/pos_umk/index.php(45): CodeIgniter\CodeIgniter->run()
#8 {main}
CRITICAL - 2020-09-28 15:38:46 --> Undefined property: stdClass::$menu
#0 /opt/lampp/htdocs/pos_umk/app/Views/admin/settings/userroles_view_edit.php(94): CodeIgniter\Debug\Exceptions->errorHandler(8, 'Undefined prope...', '/opt/lampp/htdo...', 94, Array)
#1 /opt/lampp/htdocs/pos_umk/system/View/View.php(236): include('/opt/lampp/htdo...')
#2 /opt/lampp/htdocs/pos_umk/system/Common.php(1071): CodeIgniter\View\View->render('admin/settings/...', Array, true)
#3 /opt/lampp/htdocs/pos_umk/app/Controllers/Settings.php(115): view('admin/settings/...', Array)
#4 /opt/lampp/htdocs/pos_umk/system/CodeIgniter.php(910): App\Controllers\Settings->userrolesedit()
#5 /opt/lampp/htdocs/pos_umk/system/CodeIgniter.php(398): CodeIgniter\CodeIgniter->runController(Object(App\Controllers\Settings))
#6 /opt/lampp/htdocs/pos_umk/system/CodeIgniter.php(306): CodeIgniter\CodeIgniter->handleRequest(NULL, Object(Config\Cache), false)
#7 /opt/lampp/htdocs/pos_umk/index.php(45): CodeIgniter\CodeIgniter->run()
#8 {main}
CRITICAL - 2020-09-28 15:38:46 --> Undefined property: stdClass::$menu
#0 /opt/lampp/htdocs/pos_umk/app/Views/admin/settings/userroles_view_edit.php(94): CodeIgniter\Debug\Exceptions->errorHandler(8, 'Undefined prope...', '/opt/lampp/htdo...', 94, Array)
#1 /opt/lampp/htdocs/pos_umk/system/View/View.php(236): include('/opt/lampp/htdo...')
#2 /opt/lampp/htdocs/pos_umk/system/Common.php(1071): CodeIgniter\View\View->render('admin/settings/...', Array, true)
#3 /opt/lampp/htdocs/pos_umk/app/Controllers/Settings.php(115): view('admin/settings/...', Array)
#4 /opt/lampp/htdocs/pos_umk/system/CodeIgniter.php(910): App\Controllers\Settings->userrolesedit()
#5 /opt/lampp/htdocs/pos_umk/system/CodeIgniter.php(398): CodeIgniter\CodeIgniter->runController(Object(App\Controllers\Settings))
#6 /opt/lampp/htdocs/pos_umk/system/CodeIgniter.php(306): CodeIgniter\CodeIgniter->handleRequest(NULL, Object(Config\Cache), false)
#7 /opt/lampp/htdocs/pos_umk/index.php(45): CodeIgniter\CodeIgniter->run()
#8 {main}
CRITICAL - 2020-09-28 15:38:47 --> Undefined property: stdClass::$menu
#0 /opt/lampp/htdocs/pos_umk/app/Views/admin/settings/userroles_view_edit.php(94): CodeIgniter\Debug\Exceptions->errorHandler(8, 'Undefined prope...', '/opt/lampp/htdo...', 94, Array)
#1 /opt/lampp/htdocs/pos_umk/system/View/View.php(236): include('/opt/lampp/htdo...')
#2 /opt/lampp/htdocs/pos_umk/system/Common.php(1071): CodeIgniter\View\View->render('admin/settings/...', Array, true)
#3 /opt/lampp/htdocs/pos_umk/app/Controllers/Settings.php(115): view('admin/settings/...', Array)
#4 /opt/lampp/htdocs/pos_umk/system/CodeIgniter.php(910): App\Controllers\Settings->userrolesedit()
#5 /opt/lampp/htdocs/pos_umk/system/CodeIgniter.php(398): CodeIgniter\CodeIgniter->runController(Object(App\Controllers\Settings))
#6 /opt/lampp/htdocs/pos_umk/system/CodeIgniter.php(306): CodeIgniter\CodeIgniter->handleRequest(NULL, Object(Config\Cache), false)
#7 /opt/lampp/htdocs/pos_umk/index.php(45): CodeIgniter\CodeIgniter->run()
#8 {main}
CRITICAL - 2020-09-28 15:38:47 --> Undefined property: stdClass::$menu
#0 /opt/lampp/htdocs/pos_umk/app/Views/admin/settings/userroles_view_edit.php(94): CodeIgniter\Debug\Exceptions->errorHandler(8, 'Undefined prope...', '/opt/lampp/htdo...', 94, Array)
#1 /opt/lampp/htdocs/pos_umk/system/View/View.php(236): include('/opt/lampp/htdo...')
#2 /opt/lampp/htdocs/pos_umk/system/Common.php(1071): CodeIgniter\View\View->render('admin/settings/...', Array, true)
#3 /opt/lampp/htdocs/pos_umk/app/Controllers/Settings.php(115): view('admin/settings/...', Array)
#4 /opt/lampp/htdocs/pos_umk/system/CodeIgniter.php(910): App\Controllers\Settings->userrolesedit()
#5 /opt/lampp/htdocs/pos_umk/system/CodeIgniter.php(398): CodeIgniter\CodeIgniter->runController(Object(App\Controllers\Settings))
#6 /opt/lampp/htdocs/pos_umk/system/CodeIgniter.php(306): CodeIgniter\CodeIgniter->handleRequest(NULL, Object(Config\Cache), false)
#7 /opt/lampp/htdocs/pos_umk/index.php(45): CodeIgniter\CodeIgniter->run()
#8 {main}
CRITICAL - 2020-09-28 15:38:47 --> Undefined property: stdClass::$menu
#0 /opt/lampp/htdocs/pos_umk/app/Views/admin/settings/userroles_view_edit.php(94): CodeIgniter\Debug\Exceptions->errorHandler(8, 'Undefined prope...', '/opt/lampp/htdo...', 94, Array)
#1 /opt/lampp/htdocs/pos_umk/system/View/View.php(236): include('/opt/lampp/htdo...')
#2 /opt/lampp/htdocs/pos_umk/system/Common.php(1071): CodeIgniter\View\View->render('admin/settings/...', Array, true)
#3 /opt/lampp/htdocs/pos_umk/app/Controllers/Settings.php(115): view('admin/settings/...', Array)
#4 /opt/lampp/htdocs/pos_umk/system/CodeIgniter.php(910): App\Controllers\Settings->userrolesedit()
#5 /opt/lampp/htdocs/pos_umk/system/CodeIgniter.php(398): CodeIgniter\CodeIgniter->runController(Object(App\Controllers\Settings))
#6 /opt/lampp/htdocs/pos_umk/system/CodeIgniter.php(306): CodeIgniter\CodeIgniter->handleRequest(NULL, Object(Config\Cache), false)
#7 /opt/lampp/htdocs/pos_umk/index.php(45): CodeIgniter\CodeIgniter->run()
#8 {main}
CRITICAL - 2020-09-28 15:38:47 --> Undefined property: stdClass::$menu
#0 /opt/lampp/htdocs/pos_umk/app/Views/admin/settings/userroles_view_edit.php(94): CodeIgniter\Debug\Exceptions->errorHandler(8, 'Undefined prope...', '/opt/lampp/htdo...', 94, Array)
#1 /opt/lampp/htdocs/pos_umk/system/View/View.php(236): include('/opt/lampp/htdo...')
#2 /opt/lampp/htdocs/pos_umk/system/Common.php(1071): CodeIgniter\View\View->render('admin/settings/...', Array, true)
#3 /opt/lampp/htdocs/pos_umk/app/Controllers/Settings.php(115): view('admin/settings/...', Array)
#4 /opt/lampp/htdocs/pos_umk/system/CodeIgniter.php(910): App\Controllers\Settings->userrolesedit()
#5 /opt/lampp/htdocs/pos_umk/system/CodeIgniter.php(398): CodeIgniter\CodeIgniter->runController(Object(App\Controllers\Settings))
#6 /opt/lampp/htdocs/pos_umk/system/CodeIgniter.php(306): CodeIgniter\CodeIgniter->handleRequest(NULL, Object(Config\Cache), false)
#7 /opt/lampp/htdocs/pos_umk/index.php(45): CodeIgniter\CodeIgniter->run()
#8 {main}
CRITICAL - 2020-09-28 15:38:47 --> Undefined property: stdClass::$menu
#0 /opt/lampp/htdocs/pos_umk/app/Views/admin/settings/userroles_view_edit.php(94): CodeIgniter\Debug\Exceptions->errorHandler(8, 'Undefined prope...', '/opt/lampp/htdo...', 94, Array)
#1 /opt/lampp/htdocs/pos_umk/system/View/View.php(236): include('/opt/lampp/htdo...')
#2 /opt/lampp/htdocs/pos_umk/system/Common.php(1071): CodeIgniter\View\View->render('admin/settings/...', Array, true)
#3 /opt/lampp/htdocs/pos_umk/app/Controllers/Settings.php(115): view('admin/settings/...', Array)
#4 /opt/lampp/htdocs/pos_umk/system/CodeIgniter.php(910): App\Controllers\Settings->userrolesedit()
#5 /opt/lampp/htdocs/pos_umk/system/CodeIgniter.php(398): CodeIgniter\CodeIgniter->runController(Object(App\Controllers\Settings))
#6 /opt/lampp/htdocs/pos_umk/system/CodeIgniter.php(306): CodeIgniter\CodeIgniter->handleRequest(NULL, Object(Config\Cache), false)
#7 /opt/lampp/htdocs/pos_umk/index.php(45): CodeIgniter\CodeIgniter->run()
#8 {main}
CRITICAL - 2020-09-28 15:38:48 --> Undefined property: stdClass::$menu
#0 /opt/lampp/htdocs/pos_umk/app/Views/admin/settings/userroles_view_edit.php(94): CodeIgniter\Debug\Exceptions->errorHandler(8, 'Undefined prope...', '/opt/lampp/htdo...', 94, Array)
#1 /opt/lampp/htdocs/pos_umk/system/View/View.php(236): include('/opt/lampp/htdo...')
#2 /opt/lampp/htdocs/pos_umk/system/Common.php(1071): CodeIgniter\View\View->render('admin/settings/...', Array, true)
#3 /opt/lampp/htdocs/pos_umk/app/Controllers/Settings.php(115): view('admin/settings/...', Array)
#4 /opt/lampp/htdocs/pos_umk/system/CodeIgniter.php(910): App\Controllers\Settings->userrolesedit()
#5 /opt/lampp/htdocs/pos_umk/system/CodeIgniter.php(398): CodeIgniter\CodeIgniter->runController(Object(App\Controllers\Settings))
#6 /opt/lampp/htdocs/pos_umk/system/CodeIgniter.php(306): CodeIgniter\CodeIgniter->handleRequest(NULL, Object(Config\Cache), false)
#7 /opt/lampp/htdocs/pos_umk/index.php(45): CodeIgniter\CodeIgniter->run()
#8 {main}
CRITICAL - 2020-09-28 15:38:48 --> Undefined property: stdClass::$menu
#0 /opt/lampp/htdocs/pos_umk/app/Views/admin/settings/userroles_view_edit.php(94): CodeIgniter\Debug\Exceptions->errorHandler(8, 'Undefined prope...', '/opt/lampp/htdo...', 94, Array)
#1 /opt/lampp/htdocs/pos_umk/system/View/View.php(236): include('/opt/lampp/htdo...')
#2 /opt/lampp/htdocs/pos_umk/system/Common.php(1071): CodeIgniter\View\View->render('admin/settings/...', Array, true)
#3 /opt/lampp/htdocs/pos_umk/app/Controllers/Settings.php(115): view('admin/settings/...', Array)
#4 /opt/lampp/htdocs/pos_umk/system/CodeIgniter.php(910): App\Controllers\Settings->userrolesedit()
#5 /opt/lampp/htdocs/pos_umk/system/CodeIgniter.php(398): CodeIgniter\CodeIgniter->runController(Object(App\Controllers\Settings))
#6 /opt/lampp/htdocs/pos_umk/system/CodeIgniter.php(306): CodeIgniter\CodeIgniter->handleRequest(NULL, Object(Config\Cache), false)
#7 /opt/lampp/htdocs/pos_umk/index.php(45): CodeIgniter\CodeIgniter->run()
#8 {main}
CRITICAL - 2020-09-28 15:38:48 --> Undefined property: stdClass::$menu
#0 /opt/lampp/htdocs/pos_umk/app/Views/admin/settings/userroles_view_edit.php(94): CodeIgniter\Debug\Exceptions->errorHandler(8, 'Undefined prope...', '/opt/lampp/htdo...', 94, Array)
#1 /opt/lampp/htdocs/pos_umk/system/View/View.php(236): include('/opt/lampp/htdo...')
#2 /opt/lampp/htdocs/pos_umk/system/Common.php(1071): CodeIgniter\View\View->render('admin/settings/...', Array, true)
#3 /opt/lampp/htdocs/pos_umk/app/Controllers/Settings.php(115): view('admin/settings/...', Array)
#4 /opt/lampp/htdocs/pos_umk/system/CodeIgniter.php(910): App\Controllers\Settings->userrolesedit()
#5 /opt/lampp/htdocs/pos_umk/system/CodeIgniter.php(398): CodeIgniter\CodeIgniter->runController(Object(App\Controllers\Settings))
#6 /opt/lampp/htdocs/pos_umk/system/CodeIgniter.php(306): CodeIgniter\CodeIgniter->handleRequest(NULL, Object(Config\Cache), false)
#7 /opt/lampp/htdocs/pos_umk/index.php(45): CodeIgniter\CodeIgniter->run()
#8 {main}
CRITICAL - 2020-09-28 15:38:48 --> Undefined property: stdClass::$menu
#0 /opt/lampp/htdocs/pos_umk/app/Views/admin/settings/userroles_view_edit.php(94): CodeIgniter\Debug\Exceptions->errorHandler(8, 'Undefined prope...', '/opt/lampp/htdo...', 94, Array)
#1 /opt/lampp/htdocs/pos_umk/system/View/View.php(236): include('/opt/lampp/htdo...')
#2 /opt/lampp/htdocs/pos_umk/system/Common.php(1071): CodeIgniter\View\View->render('admin/settings/...', Array, true)
#3 /opt/lampp/htdocs/pos_umk/app/Controllers/Settings.php(115): view('admin/settings/...', Array)
#4 /opt/lampp/htdocs/pos_umk/system/CodeIgniter.php(910): App\Controllers\Settings->userrolesedit()
#5 /opt/lampp/htdocs/pos_umk/system/CodeIgniter.php(398): CodeIgniter\CodeIgniter->runController(Object(App\Controllers\Settings))
#6 /opt/lampp/htdocs/pos_umk/system/CodeIgniter.php(306): CodeIgniter\CodeIgniter->handleRequest(NULL, Object(Config\Cache), false)
#7 /opt/lampp/htdocs/pos_umk/index.php(45): CodeIgniter\CodeIgniter->run()
#8 {main}
