CRITICAL - 2020-08-14 19:45:32 --> Connection refused
#0 /Applications/XAMPP/xamppfiles/htdocs/pos_beta/system/Database/BaseConnection.php(377): CodeIgniter\Database\MySQLi\Connection->connect(false)
#1 /Applications/XAMPP/xamppfiles/htdocs/pos_beta/system/Database/BaseConnection.php(643): CodeIgniter\Database\BaseConnection->initialize()
#2 /Applications/XAMPP/xamppfiles/htdocs/pos_beta/system/Database/BaseBuilder.php(1819): CodeIgniter\Database\BaseConnection->query('SELECT *\nFROM `...', Array, false)
#3 /Applications/XAMPP/xamppfiles/htdocs/pos_beta/app/Models/Pos_model.php(44): CodeIgniter\Database\BaseBuilder->get()
#4 /Applications/XAMPP/xamppfiles/htdocs/pos_beta/app/Controllers/Produk.php(22): App\Models\Pos_model->getmargin()
#5 /Applications/XAMPP/xamppfiles/htdocs/pos_beta/system/CodeIgniter.php(910): App\Controllers\Produk->index()
#6 /Applications/XAMPP/xamppfiles/htdocs/pos_beta/system/CodeIgniter.php(398): CodeIgniter\CodeIgniter->runController(Object(App\Controllers\Produk))
#7 /Applications/XAMPP/xamppfiles/htdocs/pos_beta/system/CodeIgniter.php(306): CodeIgniter\CodeIgniter->handleRequest(NULL, Object(Config\Cache), false)
#8 /Applications/XAMPP/xamppfiles/htdocs/pos_beta/index.php(45): CodeIgniter\CodeIgniter->run()
#9 {main}
CRITICAL - 2020-08-14 19:50:19 --> Connection refused
#0 /Applications/XAMPP/xamppfiles/htdocs/pos_beta/system/Database/BaseConnection.php(377): CodeIgniter\Database\MySQLi\Connection->connect(false)
#1 /Applications/XAMPP/xamppfiles/htdocs/pos_beta/system/Database/BaseConnection.php(643): CodeIgniter\Database\BaseConnection->initialize()
#2 /Applications/XAMPP/xamppfiles/htdocs/pos_beta/app/Models/Pembelian_model.php(130): CodeIgniter\Database\BaseConnection->query('TRUNCATE trx_pe...')
#3 /Applications/XAMPP/xamppfiles/htdocs/pos_beta/app/Controllers/Pembelian.php(22): App\Models\Pembelian_model->truncatetmp()
#4 /Applications/XAMPP/xamppfiles/htdocs/pos_beta/system/CodeIgniter.php(910): App\Controllers\Pembelian->index()
#5 /Applications/XAMPP/xamppfiles/htdocs/pos_beta/system/CodeIgniter.php(398): CodeIgniter\CodeIgniter->runController(Object(App\Controllers\Pembelian))
#6 /Applications/XAMPP/xamppfiles/htdocs/pos_beta/system/CodeIgniter.php(306): CodeIgniter\CodeIgniter->handleRequest(NULL, Object(Config\Cache), false)
#7 /Applications/XAMPP/xamppfiles/htdocs/pos_beta/index.php(45): CodeIgniter\CodeIgniter->run()
#8 {main}
CRITICAL - 2020-08-14 19:50:19 --> Uncaught ErrorException: print_r(): Property access is not allowed yet in /Applications/XAMPP/xamppfiles/htdocs/pos_beta/app/Views/errors/html/error_exception.php:100
Stack trace:
#0 [internal function]: CodeIgniter\Debug\Exceptions->errorHandler(2, 'print_r(): Prop...', '/Applications/X...', 100, Array)
#1 /Applications/XAMPP/xamppfiles/htdocs/pos_beta/app/Views/errors/html/error_exception.php(100): print_r(Object(App\Controllers\Pembelian), true)
#2 /Applications/XAMPP/xamppfiles/htdocs/pos_beta/system/Debug/Exceptions.php(298): include('/Applications/X...')
#3 /Applications/XAMPP/xamppfiles/htdocs/pos_beta/system/Debug/Exceptions.php(171): CodeIgniter\Debug\Exceptions->render(Object(mysqli_sql_exception), 500)
#4 [internal function]: CodeIgniter\Debug\Exceptions->exceptionHandler(Object(mysqli_sql_exception))
#5 {main}
  thrown
#0 [internal function]: CodeIgniter\Debug\Exceptions->shutdownHandler()
#1 {main}
CRITICAL - 2020-08-14 20:12:19 --> syntax error, unexpected 'endif' (T_ENDIF), expecting end of file
#0 /Applications/XAMPP/xamppfiles/htdocs/pos_beta/system/Common.php(1071): CodeIgniter\View\View->render('admin/settings/...', Array, true)
#1 /Applications/XAMPP/xamppfiles/htdocs/pos_beta/app/Controllers/Settings.php(80): view('admin/settings/...', Array)
#2 /Applications/XAMPP/xamppfiles/htdocs/pos_beta/system/CodeIgniter.php(910): App\Controllers\Settings->settingsatuan()
#3 /Applications/XAMPP/xamppfiles/htdocs/pos_beta/system/CodeIgniter.php(398): CodeIgniter\CodeIgniter->runController(Object(App\Controllers\Settings))
#4 /Applications/XAMPP/xamppfiles/htdocs/pos_beta/system/CodeIgniter.php(306): CodeIgniter\CodeIgniter->handleRequest(NULL, Object(Config\Cache), false)
#5 /Applications/XAMPP/xamppfiles/htdocs/pos_beta/index.php(45): CodeIgniter\CodeIgniter->run()
#6 {main}
CRITICAL - 2020-08-14 20:12:46 --> Undefined variable: nomor
#0 /Applications/XAMPP/xamppfiles/htdocs/pos_beta/app/Views/admin/settings/setting_satuan.php(84): CodeIgniter\Debug\Exceptions->errorHandler(8, 'Undefined varia...', '/Applications/X...', 84, Array)
#1 /Applications/XAMPP/xamppfiles/htdocs/pos_beta/system/View/View.php(236): include('/Applications/X...')
#2 /Applications/XAMPP/xamppfiles/htdocs/pos_beta/system/Common.php(1071): CodeIgniter\View\View->render('admin/settings/...', Array, true)
#3 /Applications/XAMPP/xamppfiles/htdocs/pos_beta/app/Controllers/Settings.php(80): view('admin/settings/...', Array)
#4 /Applications/XAMPP/xamppfiles/htdocs/pos_beta/system/CodeIgniter.php(910): App\Controllers\Settings->settingsatuan()
#5 /Applications/XAMPP/xamppfiles/htdocs/pos_beta/system/CodeIgniter.php(398): CodeIgniter\CodeIgniter->runController(Object(App\Controllers\Settings))
#6 /Applications/XAMPP/xamppfiles/htdocs/pos_beta/system/CodeIgniter.php(306): CodeIgniter\CodeIgniter->handleRequest(NULL, Object(Config\Cache), false)
#7 /Applications/XAMPP/xamppfiles/htdocs/pos_beta/index.php(45): CodeIgniter\CodeIgniter->run()
#8 {main}
CRITICAL - 2020-08-14 20:13:10 --> Cannot use object of type stdClass as array
#0 /Applications/XAMPP/xamppfiles/htdocs/pos_beta/system/View/View.php(236): include()
#1 /Applications/XAMPP/xamppfiles/htdocs/pos_beta/system/Common.php(1071): CodeIgniter\View\View->render('admin/settings/...', Array, true)
#2 /Applications/XAMPP/xamppfiles/htdocs/pos_beta/app/Controllers/Settings.php(80): view('admin/settings/...', Array)
#3 /Applications/XAMPP/xamppfiles/htdocs/pos_beta/system/CodeIgniter.php(910): App\Controllers\Settings->settingsatuan()
#4 /Applications/XAMPP/xamppfiles/htdocs/pos_beta/system/CodeIgniter.php(398): CodeIgniter\CodeIgniter->runController(Object(App\Controllers\Settings))
#5 /Applications/XAMPP/xamppfiles/htdocs/pos_beta/system/CodeIgniter.php(306): CodeIgniter\CodeIgniter->handleRequest(NULL, Object(Config\Cache), false)
#6 /Applications/XAMPP/xamppfiles/htdocs/pos_beta/index.php(45): CodeIgniter\CodeIgniter->run()
#7 {main}
CRITICAL - 2020-08-14 20:23:00 --> Argument 2 passed to CodeIgniter\Database\BaseBuilder::like() must be of the type string, null given, called in /Applications/XAMPP/xamppfiles/htdocs/pos_beta/app/Models/Pos_model.php on line 114
#0 /Applications/XAMPP/xamppfiles/htdocs/pos_beta/app/Models/Pos_model.php(114): CodeIgniter\Database\BaseBuilder->like('nama_suplier', NULL)
#1 /Applications/XAMPP/xamppfiles/htdocs/pos_beta/app/Controllers/Pembelian.php(162): App\Models\Pos_model->getListSuplier(NULL)
#2 /Applications/XAMPP/xamppfiles/htdocs/pos_beta/system/CodeIgniter.php(910): App\Controllers\Pembelian->getSuplier()
#3 /Applications/XAMPP/xamppfiles/htdocs/pos_beta/system/CodeIgniter.php(398): CodeIgniter\CodeIgniter->runController(Object(App\Controllers\Pembelian))
#4 /Applications/XAMPP/xamppfiles/htdocs/pos_beta/system/CodeIgniter.php(306): CodeIgniter\CodeIgniter->handleRequest(NULL, Object(Config\Cache), false)
#5 /Applications/XAMPP/xamppfiles/htdocs/pos_beta/index.php(45): CodeIgniter\CodeIgniter->run()
#6 {main}
CRITICAL - 2020-08-14 20:23:03 --> Argument 2 passed to CodeIgniter\Database\BaseBuilder::like() must be of the type string, null given, called in /Applications/XAMPP/xamppfiles/htdocs/pos_beta/app/Models/Pos_model.php on line 114
#0 /Applications/XAMPP/xamppfiles/htdocs/pos_beta/app/Models/Pos_model.php(114): CodeIgniter\Database\BaseBuilder->like('nama_suplier', NULL)
#1 /Applications/XAMPP/xamppfiles/htdocs/pos_beta/app/Controllers/Pembelian.php(162): App\Models\Pos_model->getListSuplier(NULL)
#2 /Applications/XAMPP/xamppfiles/htdocs/pos_beta/system/CodeIgniter.php(910): App\Controllers\Pembelian->getSuplier()
#3 /Applications/XAMPP/xamppfiles/htdocs/pos_beta/system/CodeIgniter.php(398): CodeIgniter\CodeIgniter->runController(Object(App\Controllers\Pembelian))
#4 /Applications/XAMPP/xamppfiles/htdocs/pos_beta/system/CodeIgniter.php(306): CodeIgniter\CodeIgniter->handleRequest(NULL, Object(Config\Cache), false)
#5 /Applications/XAMPP/xamppfiles/htdocs/pos_beta/index.php(45): CodeIgniter\CodeIgniter->run()
#6 {main}
