CRITICAL - 2020-09-16 10:10:22 --> Undefined variable: querycek
#0 /opt/lampp/htdocs/pos_umk/app/Controllers/Login.php(26): CodeIgniter\Debug\Exceptions->errorHandler(8, 'Undefined varia...', '/opt/lampp/htdo...', 26, Array)
#1 /opt/lampp/htdocs/pos_umk/system/CodeIgniter.php(910): App\Controllers\Login->posLogin()
#2 /opt/lampp/htdocs/pos_umk/system/CodeIgniter.php(398): CodeIgniter\CodeIgniter->runController(Object(App\Controllers\Login))
#3 /opt/lampp/htdocs/pos_umk/system/CodeIgniter.php(306): CodeIgniter\CodeIgniter->handleRequest(NULL, Object(Config\Cache), false)
#4 /opt/lampp/htdocs/pos_umk/index.php(45): CodeIgniter\CodeIgniter->run()
#5 {main}
CRITICAL - 2020-09-16 10:10:58 --> Undefined property: App\Controllers\Login::$db
#0 /opt/lampp/htdocs/pos_umk/app/Controllers/Login.php(26): CodeIgniter\Debug\Exceptions->errorHandler(8, 'Undefined prope...', '/opt/lampp/htdo...', 26, Array)
#1 /opt/lampp/htdocs/pos_umk/system/CodeIgniter.php(910): App\Controllers\Login->posLogin()
#2 /opt/lampp/htdocs/pos_umk/system/CodeIgniter.php(398): CodeIgniter\CodeIgniter->runController(Object(App\Controllers\Login))
#3 /opt/lampp/htdocs/pos_umk/system/CodeIgniter.php(306): CodeIgniter\CodeIgniter->handleRequest(NULL, Object(Config\Cache), false)
#4 /opt/lampp/htdocs/pos_umk/index.php(45): CodeIgniter\CodeIgniter->run()
#5 {main}
CRITICAL - 2020-09-16 10:14:14 --> Undefined variable: user_password
#0 /opt/lampp/htdocs/pos_umk/app/Controllers/Login.php(27): CodeIgniter\Debug\Exceptions->errorHandler(8, 'Undefined varia...', '/opt/lampp/htdo...', 27, Array)
#1 /opt/lampp/htdocs/pos_umk/system/CodeIgniter.php(910): App\Controllers\Login->posLogin()
#2 /opt/lampp/htdocs/pos_umk/system/CodeIgniter.php(398): CodeIgniter\CodeIgniter->runController(Object(App\Controllers\Login))
#3 /opt/lampp/htdocs/pos_umk/system/CodeIgniter.php(306): CodeIgniter\CodeIgniter->handleRequest(NULL, Object(Config\Cache), false)
#4 /opt/lampp/htdocs/pos_umk/index.php(45): CodeIgniter\CodeIgniter->run()
#5 {main}
CRITICAL - 2020-09-16 10:19:37 --> Undefined variable: user_password
#0 /opt/lampp/htdocs/pos_umk/app/Controllers/Login.php(28): CodeIgniter\Debug\Exceptions->errorHandler(8, 'Undefined varia...', '/opt/lampp/htdo...', 28, Array)
#1 /opt/lampp/htdocs/pos_umk/system/CodeIgniter.php(910): App\Controllers\Login->posLogin()
#2 /opt/lampp/htdocs/pos_umk/system/CodeIgniter.php(398): CodeIgniter\CodeIgniter->runController(Object(App\Controllers\Login))
#3 /opt/lampp/htdocs/pos_umk/system/CodeIgniter.php(306): CodeIgniter\CodeIgniter->handleRequest(NULL, Object(Config\Cache), false)
#4 /opt/lampp/htdocs/pos_umk/index.php(45): CodeIgniter\CodeIgniter->run()
#5 {main}
CRITICAL - 2020-09-16 10:20:01 --> Undefined variable: user_password
#0 /opt/lampp/htdocs/pos_umk/app/Controllers/Login.php(28): CodeIgniter\Debug\Exceptions->errorHandler(8, 'Undefined varia...', '/opt/lampp/htdo...', 28, Array)
#1 /opt/lampp/htdocs/pos_umk/system/CodeIgniter.php(910): App\Controllers\Login->posLogin()
#2 /opt/lampp/htdocs/pos_umk/system/CodeIgniter.php(398): CodeIgniter\CodeIgniter->runController(Object(App\Controllers\Login))
#3 /opt/lampp/htdocs/pos_umk/system/CodeIgniter.php(306): CodeIgniter\CodeIgniter->handleRequest(NULL, Object(Config\Cache), false)
#4 /opt/lampp/htdocs/pos_umk/index.php(45): CodeIgniter\CodeIgniter->run()
#5 {main}
CRITICAL - 2020-09-16 10:21:24 --> Undefined variable: user_password
#0 /opt/lampp/htdocs/pos_umk/app/Controllers/Login.php(28): CodeIgniter\Debug\Exceptions->errorHandler(8, 'Undefined varia...', '/opt/lampp/htdo...', 28, Array)
#1 /opt/lampp/htdocs/pos_umk/system/CodeIgniter.php(910): App\Controllers\Login->posLogin()
#2 /opt/lampp/htdocs/pos_umk/system/CodeIgniter.php(398): CodeIgniter\CodeIgniter->runController(Object(App\Controllers\Login))
#3 /opt/lampp/htdocs/pos_umk/system/CodeIgniter.php(306): CodeIgniter\CodeIgniter->handleRequest(NULL, Object(Config\Cache), false)
#4 /opt/lampp/htdocs/pos_umk/index.php(45): CodeIgniter\CodeIgniter->run()
#5 {main}
CRITICAL - 2020-09-16 10:21:45 --> You have an error in your SQL syntax; check the manual that corresponds to your MariaDB server version for the right syntax to use near '? AND password=?' at line 1
#0 /opt/lampp/htdocs/pos_umk/system/Database/MySQLi/Connection.php(330): mysqli->query('SELECT * FROM u...')
#1 /opt/lampp/htdocs/pos_umk/system/Database/BaseConnection.php(738): CodeIgniter\Database\MySQLi\Connection->execute('SELECT * FROM u...')
#2 /opt/lampp/htdocs/pos_umk/system/Database/BaseConnection.php(666): CodeIgniter\Database\BaseConnection->simpleQuery('SELECT * FROM u...')
#3 /opt/lampp/htdocs/pos_umk/app/Controllers/Login.php(28): CodeIgniter\Database\BaseConnection->query('SELECT * FROM u...')
#4 /opt/lampp/htdocs/pos_umk/system/CodeIgniter.php(910): App\Controllers\Login->posLogin()
#5 /opt/lampp/htdocs/pos_umk/system/CodeIgniter.php(398): CodeIgniter\CodeIgniter->runController(Object(App\Controllers\Login))
#6 /opt/lampp/htdocs/pos_umk/system/CodeIgniter.php(306): CodeIgniter\CodeIgniter->handleRequest(NULL, Object(Config\Cache), false)
#7 /opt/lampp/htdocs/pos_umk/index.php(45): CodeIgniter\CodeIgniter->run()
#8 {main}
CRITICAL - 2020-09-16 10:23:32 --> Call to undefined method CodeIgniter\Database\MySQLi\Result::num_rows()
#0 /opt/lampp/htdocs/pos_umk/system/CodeIgniter.php(910): App\Controllers\Login->posLogin()
#1 /opt/lampp/htdocs/pos_umk/system/CodeIgniter.php(398): CodeIgniter\CodeIgniter->runController(Object(App\Controllers\Login))
#2 /opt/lampp/htdocs/pos_umk/system/CodeIgniter.php(306): CodeIgniter\CodeIgniter->handleRequest(NULL, Object(Config\Cache), false)
#3 /opt/lampp/htdocs/pos_umk/index.php(45): CodeIgniter\CodeIgniter->run()
#4 {main}
CRITICAL - 2020-09-16 10:26:21 --> Object of class CodeIgniter\Database\MySQLi\Result could not be converted to string
#0 /opt/lampp/htdocs/pos_umk/app/Controllers/Login.php(35): CodeIgniter\Debug\Exceptions->errorHandler(4096, 'Object of class...', '/opt/lampp/htdo...', 35, Array)
#1 /opt/lampp/htdocs/pos_umk/system/CodeIgniter.php(910): App\Controllers\Login->posLogin()
#2 /opt/lampp/htdocs/pos_umk/system/CodeIgniter.php(398): CodeIgniter\CodeIgniter->runController(Object(App\Controllers\Login))
#3 /opt/lampp/htdocs/pos_umk/system/CodeIgniter.php(306): CodeIgniter\CodeIgniter->handleRequest(NULL, Object(Config\Cache), false)
#4 /opt/lampp/htdocs/pos_umk/index.php(45): CodeIgniter\CodeIgniter->run()
#5 {main}
CRITICAL - 2020-09-16 10:36:58 --> Use of undefined constant ceking2 - assumed 'ceking2' (this will throw an Error in a future version of PHP)
#0 /opt/lampp/htdocs/pos_umk/app/Controllers/Login.php(53): CodeIgniter\Debug\Exceptions->errorHandler(2, 'Use of undefine...', '/opt/lampp/htdo...', 53, Array)
#1 /opt/lampp/htdocs/pos_umk/system/CodeIgniter.php(910): App\Controllers\Login->posLogin()
#2 /opt/lampp/htdocs/pos_umk/system/CodeIgniter.php(398): CodeIgniter\CodeIgniter->runController(Object(App\Controllers\Login))
#3 /opt/lampp/htdocs/pos_umk/system/CodeIgniter.php(306): CodeIgniter\CodeIgniter->handleRequest(NULL, Object(Config\Cache), false)
#4 /opt/lampp/htdocs/pos_umk/index.php(45): CodeIgniter\CodeIgniter->run()
#5 {main}
CRITICAL - 2020-09-16 10:53:23 --> Undefined variable: username
#0 /opt/lampp/htdocs/pos_umk/app/Views/default_layout.php(165): CodeIgniter\Debug\Exceptions->errorHandler(8, 'Undefined varia...', '/opt/lampp/htdo...', 165, Array)
#1 /opt/lampp/htdocs/pos_umk/system/View/View.php(236): include('/opt/lampp/htdo...')
#2 /opt/lampp/htdocs/pos_umk/system/View/View.php(247): CodeIgniter\View\View->render('default_layout', Array, true)
#3 /opt/lampp/htdocs/pos_umk/system/Common.php(1071): CodeIgniter\View\View->render('admin/product_v...', Array, true)
#4 /opt/lampp/htdocs/pos_umk/app/Controllers/Produk.php(30): view('admin/product_v...', Array)
#5 /opt/lampp/htdocs/pos_umk/system/CodeIgniter.php(910): App\Controllers\Produk->index()
#6 /opt/lampp/htdocs/pos_umk/system/CodeIgniter.php(398): CodeIgniter\CodeIgniter->runController(Object(App\Controllers\Produk))
#7 /opt/lampp/htdocs/pos_umk/system/CodeIgniter.php(306): CodeIgniter\CodeIgniter->handleRequest(NULL, Object(Config\Cache), false)
#8 /opt/lampp/htdocs/pos_umk/index.php(45): CodeIgniter\CodeIgniter->run()
#9 {main}
CRITICAL - 2020-09-16 10:54:26 --> Undefined variable: username
#0 /opt/lampp/htdocs/pos_umk/app/Views/default_layout.php(165): CodeIgniter\Debug\Exceptions->errorHandler(8, 'Undefined varia...', '/opt/lampp/htdo...', 165, Array)
#1 /opt/lampp/htdocs/pos_umk/system/View/View.php(236): include('/opt/lampp/htdo...')
#2 /opt/lampp/htdocs/pos_umk/system/View/View.php(247): CodeIgniter\View\View->render('default_layout', Array, true)
#3 /opt/lampp/htdocs/pos_umk/system/Common.php(1071): CodeIgniter\View\View->render('admin/settings/...', Array, true)
#4 /opt/lampp/htdocs/pos_umk/app/Controllers/Settings.php(33): view('admin/settings/...', Array)
#5 /opt/lampp/htdocs/pos_umk/system/CodeIgniter.php(910): App\Controllers\Settings->psetting()
#6 /opt/lampp/htdocs/pos_umk/system/CodeIgniter.php(398): CodeIgniter\CodeIgniter->runController(Object(App\Controllers\Settings))
#7 /opt/lampp/htdocs/pos_umk/system/CodeIgniter.php(306): CodeIgniter\CodeIgniter->handleRequest(NULL, Object(Config\Cache), false)
#8 /opt/lampp/htdocs/pos_umk/index.php(45): CodeIgniter\CodeIgniter->run()
#9 {main}
CRITICAL - 2020-09-16 10:54:37 --> Undefined variable: username
#0 /opt/lampp/htdocs/pos_umk/app/Views/default_layout.php(165): CodeIgniter\Debug\Exceptions->errorHandler(8, 'Undefined varia...', '/opt/lampp/htdo...', 165, Array)
#1 /opt/lampp/htdocs/pos_umk/system/View/View.php(236): include('/opt/lampp/htdo...')
#2 /opt/lampp/htdocs/pos_umk/system/View/View.php(247): CodeIgniter\View\View->render('default_layout', Array, true)
#3 /opt/lampp/htdocs/pos_umk/system/Common.php(1071): CodeIgniter\View\View->render('admin/pembelian...', Array, true)
#4 /opt/lampp/htdocs/pos_umk/app/Controllers/Pembelian.php(44): view('admin/pembelian...', Array)
#5 /opt/lampp/htdocs/pos_umk/system/CodeIgniter.php(910): App\Controllers\Pembelian->index()
#6 /opt/lampp/htdocs/pos_umk/system/CodeIgniter.php(398): CodeIgniter\CodeIgniter->runController(Object(App\Controllers\Pembelian))
#7 /opt/lampp/htdocs/pos_umk/system/CodeIgniter.php(306): CodeIgniter\CodeIgniter->handleRequest(NULL, Object(Config\Cache), false)
#8 /opt/lampp/htdocs/pos_umk/index.php(45): CodeIgniter\CodeIgniter->run()
#9 {main}
CRITICAL - 2020-09-16 11:01:34 --> Undefined variable: _SESSION
#0 /opt/lampp/htdocs/pos_umk/app/Controllers/Laporan.php(24): CodeIgniter\Debug\Exceptions->errorHandler(8, 'Undefined varia...', '/opt/lampp/htdo...', 24, Array)
#1 /opt/lampp/htdocs/pos_umk/system/CodeIgniter.php(910): App\Controllers\Laporan->index()
#2 /opt/lampp/htdocs/pos_umk/system/CodeIgniter.php(398): CodeIgniter\CodeIgniter->runController(Object(App\Controllers\Laporan))
#3 /opt/lampp/htdocs/pos_umk/system/CodeIgniter.php(306): CodeIgniter\CodeIgniter->handleRequest(NULL, Object(Config\Cache), false)
#4 /opt/lampp/htdocs/pos_umk/index.php(45): CodeIgniter\CodeIgniter->run()
#5 {main}
CRITICAL - 2020-09-16 11:06:55 --> Undefined variable: username
#0 /opt/lampp/htdocs/pos_umk/app/Views/default_layout.php(165): CodeIgniter\Debug\Exceptions->errorHandler(8, 'Undefined varia...', '/opt/lampp/htdo...', 165, Array)
#1 /opt/lampp/htdocs/pos_umk/system/View/View.php(236): include('/opt/lampp/htdo...')
#2 /opt/lampp/htdocs/pos_umk/system/View/View.php(247): CodeIgniter\View\View->render('default_layout', Array, true)
#3 /opt/lampp/htdocs/pos_umk/system/Common.php(1071): CodeIgniter\View\View->render('admin/settings/...', Array, true)
#4 /opt/lampp/htdocs/pos_umk/app/Controllers/Settings.php(116): view('admin/settings/...', Array)
#5 /opt/lampp/htdocs/pos_umk/system/CodeIgniter.php(910): App\Controllers\Settings->setingkategori()
#6 /opt/lampp/htdocs/pos_umk/system/CodeIgniter.php(398): CodeIgniter\CodeIgniter->runController(Object(App\Controllers\Settings))
#7 /opt/lampp/htdocs/pos_umk/system/CodeIgniter.php(306): CodeIgniter\CodeIgniter->handleRequest(NULL, Object(Config\Cache), false)
#8 /opt/lampp/htdocs/pos_umk/index.php(45): CodeIgniter\CodeIgniter->run()
#9 {main}
CRITICAL - 2020-09-16 11:07:00 --> Undefined variable: username
#0 /opt/lampp/htdocs/pos_umk/app/Views/default_layout.php(165): CodeIgniter\Debug\Exceptions->errorHandler(8, 'Undefined varia...', '/opt/lampp/htdo...', 165, Array)
#1 /opt/lampp/htdocs/pos_umk/system/View/View.php(236): include('/opt/lampp/htdo...')
#2 /opt/lampp/htdocs/pos_umk/system/View/View.php(247): CodeIgniter\View\View->render('default_layout', Array, true)
#3 /opt/lampp/htdocs/pos_umk/system/Common.php(1071): CodeIgniter\View\View->render('admin/settings/...', Array, true)
#4 /opt/lampp/htdocs/pos_umk/app/Controllers/Settings.php(116): view('admin/settings/...', Array)
#5 /opt/lampp/htdocs/pos_umk/system/CodeIgniter.php(910): App\Controllers\Settings->setingkategori()
#6 /opt/lampp/htdocs/pos_umk/system/CodeIgniter.php(398): CodeIgniter\CodeIgniter->runController(Object(App\Controllers\Settings))
#7 /opt/lampp/htdocs/pos_umk/system/CodeIgniter.php(306): CodeIgniter\CodeIgniter->handleRequest(NULL, Object(Config\Cache), false)
#8 /opt/lampp/htdocs/pos_umk/index.php(45): CodeIgniter\CodeIgniter->run()
#9 {main}
CRITICAL - 2020-09-16 11:08:38 --> Undefined variable: username
#0 /opt/lampp/htdocs/pos_umk/app/Views/default_layout.php(165): CodeIgniter\Debug\Exceptions->errorHandler(8, 'Undefined varia...', '/opt/lampp/htdo...', 165, Array)
#1 /opt/lampp/htdocs/pos_umk/system/View/View.php(236): include('/opt/lampp/htdo...')
#2 /opt/lampp/htdocs/pos_umk/system/View/View.php(247): CodeIgniter\View\View->render('default_layout', Array, true)
#3 /opt/lampp/htdocs/pos_umk/system/Common.php(1071): CodeIgniter\View\View->render('admin/settings/...', Array, true)
#4 /opt/lampp/htdocs/pos_umk/app/Controllers/Settings.php(116): view('admin/settings/...', Array)
#5 /opt/lampp/htdocs/pos_umk/system/CodeIgniter.php(910): App\Controllers\Settings->setingkategori()
#6 /opt/lampp/htdocs/pos_umk/system/CodeIgniter.php(398): CodeIgniter\CodeIgniter->runController(Object(App\Controllers\Settings))
#7 /opt/lampp/htdocs/pos_umk/system/CodeIgniter.php(306): CodeIgniter\CodeIgniter->handleRequest(NULL, Object(Config\Cache), false)
#8 /opt/lampp/htdocs/pos_umk/index.php(45): CodeIgniter\CodeIgniter->run()
#9 {main}
CRITICAL - 2020-09-16 11:11:19 --> Undefined variable: username
#0 /opt/lampp/htdocs/pos_umk/app/Views/default_layout.php(165): CodeIgniter\Debug\Exceptions->errorHandler(8, 'Undefined varia...', '/opt/lampp/htdo...', 165, Array)
#1 /opt/lampp/htdocs/pos_umk/system/View/View.php(236): include('/opt/lampp/htdo...')
#2 /opt/lampp/htdocs/pos_umk/system/View/View.php(247): CodeIgniter\View\View->render('default_layout', Array, true)
#3 /opt/lampp/htdocs/pos_umk/system/Common.php(1071): CodeIgniter\View\View->render('admin/settings/...', Array, true)
#4 /opt/lampp/htdocs/pos_umk/app/Controllers/Profile.php(7): view('admin/settings/...')
#5 /opt/lampp/htdocs/pos_umk/system/CodeIgniter.php(910): App\Controllers\Profile->index()
#6 /opt/lampp/htdocs/pos_umk/system/CodeIgniter.php(398): CodeIgniter\CodeIgniter->runController(Object(App\Controllers\Profile))
#7 /opt/lampp/htdocs/pos_umk/system/CodeIgniter.php(306): CodeIgniter\CodeIgniter->handleRequest(NULL, Object(Config\Cache), false)
#8 /opt/lampp/htdocs/pos_umk/index.php(45): CodeIgniter\CodeIgniter->run()
#9 {main}
CRITICAL - 2020-09-16 12:01:14 --> Undefined index: username
#0 /opt/lampp/htdocs/pos_umk/app/Controllers/Pembelian.php(44): CodeIgniter\Debug\Exceptions->errorHandler(8, 'Undefined index...', '/opt/lampp/htdo...', 44, Array)
#1 /opt/lampp/htdocs/pos_umk/system/CodeIgniter.php(910): App\Controllers\Pembelian->index()
#2 /opt/lampp/htdocs/pos_umk/system/CodeIgniter.php(398): CodeIgniter\CodeIgniter->runController(Object(App\Controllers\Pembelian))
#3 /opt/lampp/htdocs/pos_umk/system/CodeIgniter.php(306): CodeIgniter\CodeIgniter->handleRequest(NULL, Object(Config\Cache), false)
#4 /opt/lampp/htdocs/pos_umk/index.php(45): CodeIgniter\CodeIgniter->run()
#5 {main}
CRITICAL - 2020-09-16 12:29:40 --> Undefined variable: roles
#0 /opt/lampp/htdocs/pos_umk/app/Views/admin/settings/all_user_view.php(87): CodeIgniter\Debug\Exceptions->errorHandler(8, 'Undefined varia...', '/opt/lampp/htdo...', 87, Array)
#1 /opt/lampp/htdocs/pos_umk/system/View/View.php(236): include('/opt/lampp/htdo...')
#2 /opt/lampp/htdocs/pos_umk/system/Common.php(1071): CodeIgniter\View\View->render('admin/settings/...', Array, true)
#3 /opt/lampp/htdocs/pos_umk/app/Controllers/Settings.php(129): view('admin/settings/...', Array)
#4 /opt/lampp/htdocs/pos_umk/system/CodeIgniter.php(910): App\Controllers\Settings->all_user_settings()
#5 /opt/lampp/htdocs/pos_umk/system/CodeIgniter.php(398): CodeIgniter\CodeIgniter->runController(Object(App\Controllers\Settings))
#6 /opt/lampp/htdocs/pos_umk/system/CodeIgniter.php(306): CodeIgniter\CodeIgniter->handleRequest(NULL, Object(Config\Cache), false)
#7 /opt/lampp/htdocs/pos_umk/index.php(45): CodeIgniter\CodeIgniter->run()
#8 {main}
CRITICAL - 2020-09-16 12:30:49 --> Undefined variable: roles
#0 /opt/lampp/htdocs/pos_umk/app/Views/admin/settings/all_user_view.php(87): CodeIgniter\Debug\Exceptions->errorHandler(8, 'Undefined varia...', '/opt/lampp/htdo...', 87, Array)
#1 /opt/lampp/htdocs/pos_umk/system/View/View.php(236): include('/opt/lampp/htdo...')
#2 /opt/lampp/htdocs/pos_umk/system/Common.php(1071): CodeIgniter\View\View->render('admin/settings/...', Array, true)
#3 /opt/lampp/htdocs/pos_umk/app/Controllers/Settings.php(129): view('admin/settings/...', Array)
#4 /opt/lampp/htdocs/pos_umk/system/CodeIgniter.php(910): App\Controllers\Settings->all_user_settings()
#5 /opt/lampp/htdocs/pos_umk/system/CodeIgniter.php(398): CodeIgniter\CodeIgniter->runController(Object(App\Controllers\Settings))
#6 /opt/lampp/htdocs/pos_umk/system/CodeIgniter.php(306): CodeIgniter\CodeIgniter->handleRequest(NULL, Object(Config\Cache), false)
#7 /opt/lampp/htdocs/pos_umk/index.php(45): CodeIgniter\CodeIgniter->run()
#8 {main}
CRITICAL - 2020-09-16 12:50:19 --> Undefined property: stdClass::$first_name4
#0 /opt/lampp/htdocs/pos_umk/app/Views/admin/settings/all_user_view.php(97): CodeIgniter\Debug\Exceptions->errorHandler(8, 'Undefined prope...', '/opt/lampp/htdo...', 97, Array)
#1 /opt/lampp/htdocs/pos_umk/system/View/View.php(236): include('/opt/lampp/htdo...')
#2 /opt/lampp/htdocs/pos_umk/system/Common.php(1071): CodeIgniter\View\View->render('admin/settings/...', Array, true)
#3 /opt/lampp/htdocs/pos_umk/app/Controllers/Settings.php(129): view('admin/settings/...', Array)
#4 /opt/lampp/htdocs/pos_umk/system/CodeIgniter.php(910): App\Controllers\Settings->all_user_settings()
#5 /opt/lampp/htdocs/pos_umk/system/CodeIgniter.php(398): CodeIgniter\CodeIgniter->runController(Object(App\Controllers\Settings))
#6 /opt/lampp/htdocs/pos_umk/system/CodeIgniter.php(306): CodeIgniter\CodeIgniter->handleRequest(NULL, Object(Config\Cache), false)
#7 /opt/lampp/htdocs/pos_umk/index.php(45): CodeIgniter\CodeIgniter->run()
#8 {main}
CRITICAL - 2020-09-16 15:02:45 --> Undefined property: stdClass::$status
#0 /opt/lampp/htdocs/pos_umk/app/Views/admin/settings/all_user_view.php(103): CodeIgniter\Debug\Exceptions->errorHandler(8, 'Undefined prope...', '/opt/lampp/htdo...', 103, Array)
#1 /opt/lampp/htdocs/pos_umk/system/View/View.php(236): include('/opt/lampp/htdo...')
#2 /opt/lampp/htdocs/pos_umk/system/Common.php(1071): CodeIgniter\View\View->render('admin/settings/...', Array, true)
#3 /opt/lampp/htdocs/pos_umk/app/Controllers/Settings.php(129): view('admin/settings/...', Array)
#4 /opt/lampp/htdocs/pos_umk/system/CodeIgniter.php(910): App\Controllers\Settings->all_user_settings()
#5 /opt/lampp/htdocs/pos_umk/system/CodeIgniter.php(398): CodeIgniter\CodeIgniter->runController(Object(App\Controllers\Settings))
#6 /opt/lampp/htdocs/pos_umk/system/CodeIgniter.php(306): CodeIgniter\CodeIgniter->handleRequest(NULL, Object(Config\Cache), false)
#7 /opt/lampp/htdocs/pos_umk/index.php(45): CodeIgniter\CodeIgniter->run()
#8 {main}
CRITICAL - 2020-09-16 15:03:02 --> syntax error, unexpected ''Aktive'' (T_CONSTANT_ENCAPSED_STRING), expecting ',' or ';'
#0 /opt/lampp/htdocs/pos_umk/system/Common.php(1071): CodeIgniter\View\View->render('admin/settings/...', Array, true)
#1 /opt/lampp/htdocs/pos_umk/app/Controllers/Settings.php(129): view('admin/settings/...', Array)
#2 /opt/lampp/htdocs/pos_umk/system/CodeIgniter.php(910): App\Controllers\Settings->all_user_settings()
#3 /opt/lampp/htdocs/pos_umk/system/CodeIgniter.php(398): CodeIgniter\CodeIgniter->runController(Object(App\Controllers\Settings))
#4 /opt/lampp/htdocs/pos_umk/system/CodeIgniter.php(306): CodeIgniter\CodeIgniter->handleRequest(NULL, Object(Config\Cache), false)
#5 /opt/lampp/htdocs/pos_umk/index.php(45): CodeIgniter\CodeIgniter->run()
#6 {main}
CRITICAL - 2020-09-16 15:05:59 --> syntax error, unexpected '}', expecting ',' or ';'
#0 /opt/lampp/htdocs/pos_umk/system/Common.php(1071): CodeIgniter\View\View->render('admin/settings/...', Array, true)
#1 /opt/lampp/htdocs/pos_umk/app/Controllers/Settings.php(129): view('admin/settings/...', Array)
#2 /opt/lampp/htdocs/pos_umk/system/CodeIgniter.php(910): App\Controllers\Settings->all_user_settings()
#3 /opt/lampp/htdocs/pos_umk/system/CodeIgniter.php(398): CodeIgniter\CodeIgniter->runController(Object(App\Controllers\Settings))
#4 /opt/lampp/htdocs/pos_umk/system/CodeIgniter.php(306): CodeIgniter\CodeIgniter->handleRequest(NULL, Object(Config\Cache), false)
#5 /opt/lampp/htdocs/pos_umk/index.php(45): CodeIgniter\CodeIgniter->run()
#6 {main}
CRITICAL - 2020-09-16 15:06:13 --> Undefined property: stdClass::$status
#0 /opt/lampp/htdocs/pos_umk/app/Views/admin/settings/all_user_view.php(103): CodeIgniter\Debug\Exceptions->errorHandler(8, 'Undefined prope...', '/opt/lampp/htdo...', 103, Array)
#1 /opt/lampp/htdocs/pos_umk/system/View/View.php(236): include('/opt/lampp/htdo...')
#2 /opt/lampp/htdocs/pos_umk/system/Common.php(1071): CodeIgniter\View\View->render('admin/settings/...', Array, true)
#3 /opt/lampp/htdocs/pos_umk/app/Controllers/Settings.php(129): view('admin/settings/...', Array)
#4 /opt/lampp/htdocs/pos_umk/system/CodeIgniter.php(910): App\Controllers\Settings->all_user_settings()
#5 /opt/lampp/htdocs/pos_umk/system/CodeIgniter.php(398): CodeIgniter\CodeIgniter->runController(Object(App\Controllers\Settings))
#6 /opt/lampp/htdocs/pos_umk/system/CodeIgniter.php(306): CodeIgniter\CodeIgniter->handleRequest(NULL, Object(Config\Cache), false)
#7 /opt/lampp/htdocs/pos_umk/index.php(45): CodeIgniter\CodeIgniter->run()
#8 {main}
CRITICAL - 2020-09-16 15:09:26 --> syntax error, unexpected ':'
#0 /opt/lampp/htdocs/pos_umk/system/Common.php(1071): CodeIgniter\View\View->render('admin/settings/...', Array, true)
#1 /opt/lampp/htdocs/pos_umk/app/Controllers/Settings.php(129): view('admin/settings/...', Array)
#2 /opt/lampp/htdocs/pos_umk/system/CodeIgniter.php(910): App\Controllers\Settings->all_user_settings()
#3 /opt/lampp/htdocs/pos_umk/system/CodeIgniter.php(398): CodeIgniter\CodeIgniter->runController(Object(App\Controllers\Settings))
#4 /opt/lampp/htdocs/pos_umk/system/CodeIgniter.php(306): CodeIgniter\CodeIgniter->handleRequest(NULL, Object(Config\Cache), false)
#5 /opt/lampp/htdocs/pos_umk/index.php(45): CodeIgniter\CodeIgniter->run()
#6 {main}
