<<<<<<< HEAD
CRITICAL - 2020-10-07 06:31:03 --> Call to a member function submenuusers() on string
#0 /Applications/XAMPP/xamppfiles/htdocs/pos_beta/system/View/View.php(236): include()
#1 /Applications/XAMPP/xamppfiles/htdocs/pos_beta/system/Common.php(1071): CodeIgniter\View\View->render('admin/settings/...', Array, true)
#2 /Applications/XAMPP/xamppfiles/htdocs/pos_beta/app/Controllers/Settings.php(414): view('admin/settings/...', Array)
#3 /Applications/XAMPP/xamppfiles/htdocs/pos_beta/system/CodeIgniter.php(910): App\Controllers\Settings->usermenu()
#4 /Applications/XAMPP/xamppfiles/htdocs/pos_beta/system/CodeIgniter.php(398): CodeIgniter\CodeIgniter->runController(Object(App\Controllers\Settings))
#5 /Applications/XAMPP/xamppfiles/htdocs/pos_beta/system/CodeIgniter.php(306): CodeIgniter\CodeIgniter->handleRequest(NULL, Object(Config\Cache), false)
#6 /Applications/XAMPP/xamppfiles/htdocs/pos_beta/index.php(45): CodeIgniter\CodeIgniter->run()
#7 {main}
=======
CRITICAL - 2020-10-07 16:07:45 --> syntax error, unexpected 'echo' (T_ECHO)
#0 /opt/lampp/htdocs/pos_umk/system/Common.php(1071): CodeIgniter\View\View->render('main_layout', Array, true)
#1 /opt/lampp/htdocs/pos_umk/app/Controllers/Home.php(55): view('main_layout', Array)
#2 /opt/lampp/htdocs/pos_umk/system/CodeIgniter.php(910): App\Controllers\Home->index()
#3 /opt/lampp/htdocs/pos_umk/system/CodeIgniter.php(398): CodeIgniter\CodeIgniter->runController(Object(App\Controllers\Home))
#4 /opt/lampp/htdocs/pos_umk/system/CodeIgniter.php(306): CodeIgniter\CodeIgniter->handleRequest(NULL, Object(Config\Cache), false)
#5 /opt/lampp/htdocs/pos_umk/index.php(45): CodeIgniter\CodeIgniter->run()
#6 {main}
>>>>>>> origin/fiture-manage-menu
