CRITICAL - 2020-09-10 14:30:23 --> Argument 2 passed to CodeIgniter\Database\BaseBuilder::orLike() must be of the type string, null given, called in /Applications/XAMPP/xamppfiles/htdocs/pos_beta/app/Models/Pos_model.php on line 86
#0 /Applications/XAMPP/xamppfiles/htdocs/pos_beta/app/Models/Pos_model.php(86): CodeIgniter\Database\BaseBuilder->orLike('nama_produk', NULL)
#1 /Applications/XAMPP/xamppfiles/htdocs/pos_beta/app/Controllers/Pos.php(153): App\Models\Pos_model->getDataProdukBySearch(NULL)
#2 /Applications/XAMPP/xamppfiles/htdocs/pos_beta/system/CodeIgniter.php(910): App\Controllers\Pos->addproduktemp()
#3 /Applications/XAMPP/xamppfiles/htdocs/pos_beta/system/CodeIgniter.php(398): CodeIgniter\CodeIgniter->runController(Object(App\Controllers\Pos))
#4 /Applications/XAMPP/xamppfiles/htdocs/pos_beta/system/CodeIgniter.php(306): CodeIgniter\CodeIgniter->handleRequest(NULL, Object(Config\Cache), false)
#5 /Applications/XAMPP/xamppfiles/htdocs/pos_beta/index.php(45): CodeIgniter\CodeIgniter->run()
#6 {main}
CRITICAL - 2020-09-10 15:37:07 --> Argument 2 passed to CodeIgniter\Database\BaseBuilder::orLike() must be of the type string, null given, called in /Applications/XAMPP/xamppfiles/htdocs/pos_beta/app/Models/Pos_model.php on line 86
#0 /Applications/XAMPP/xamppfiles/htdocs/pos_beta/app/Models/Pos_model.php(86): CodeIgniter\Database\BaseBuilder->orLike('nama_produk', NULL)
#1 /Applications/XAMPP/xamppfiles/htdocs/pos_beta/app/Controllers/Pos.php(153): App\Models\Pos_model->getDataProdukBySearch(NULL)
#2 /Applications/XAMPP/xamppfiles/htdocs/pos_beta/system/CodeIgniter.php(910): App\Controllers\Pos->addproduktemp()
#3 /Applications/XAMPP/xamppfiles/htdocs/pos_beta/system/CodeIgniter.php(398): CodeIgniter\CodeIgniter->runController(Object(App\Controllers\Pos))
#4 /Applications/XAMPP/xamppfiles/htdocs/pos_beta/system/CodeIgniter.php(306): CodeIgniter\CodeIgniter->handleRequest(NULL, Object(Config\Cache), false)
#5 /Applications/XAMPP/xamppfiles/htdocs/pos_beta/index.php(45): CodeIgniter\CodeIgniter->run()
#6 {main}
CRITICAL - 2020-09-10 15:37:40 --> Argument 2 passed to CodeIgniter\Database\BaseBuilder::orLike() must be of the type string, null given, called in /Applications/XAMPP/xamppfiles/htdocs/pos_beta/app/Models/Pos_model.php on line 86
#0 /Applications/XAMPP/xamppfiles/htdocs/pos_beta/app/Models/Pos_model.php(86): CodeIgniter\Database\BaseBuilder->orLike('nama_produk', NULL)
#1 /Applications/XAMPP/xamppfiles/htdocs/pos_beta/app/Controllers/Pos.php(153): App\Models\Pos_model->getDataProdukBySearch(NULL)
#2 /Applications/XAMPP/xamppfiles/htdocs/pos_beta/system/CodeIgniter.php(910): App\Controllers\Pos->addproduktemp()
#3 /Applications/XAMPP/xamppfiles/htdocs/pos_beta/system/CodeIgniter.php(398): CodeIgniter\CodeIgniter->runController(Object(App\Controllers\Pos))
#4 /Applications/XAMPP/xamppfiles/htdocs/pos_beta/system/CodeIgniter.php(306): CodeIgniter\CodeIgniter->handleRequest(NULL, Object(Config\Cache), false)
#5 /Applications/XAMPP/xamppfiles/htdocs/pos_beta/index.php(45): CodeIgniter\CodeIgniter->run()
#6 {main}
CRITICAL - 2020-09-10 15:39:17 --> Argument 2 passed to CodeIgniter\Database\BaseBuilder::orLike() must be of the type string, null given, called in /Applications/XAMPP/xamppfiles/htdocs/pos_beta/app/Models/Pos_model.php on line 86
#0 /Applications/XAMPP/xamppfiles/htdocs/pos_beta/app/Models/Pos_model.php(86): CodeIgniter\Database\BaseBuilder->orLike('nama_produk', NULL)
#1 /Applications/XAMPP/xamppfiles/htdocs/pos_beta/app/Controllers/Pos.php(153): App\Models\Pos_model->getDataProdukBySearch(NULL)
#2 /Applications/XAMPP/xamppfiles/htdocs/pos_beta/system/CodeIgniter.php(910): App\Controllers\Pos->addproduktemp()
#3 /Applications/XAMPP/xamppfiles/htdocs/pos_beta/system/CodeIgniter.php(398): CodeIgniter\CodeIgniter->runController(Object(App\Controllers\Pos))
#4 /Applications/XAMPP/xamppfiles/htdocs/pos_beta/system/CodeIgniter.php(306): CodeIgniter\CodeIgniter->handleRequest(NULL, Object(Config\Cache), false)
#5 /Applications/XAMPP/xamppfiles/htdocs/pos_beta/index.php(45): CodeIgniter\CodeIgniter->run()
#6 {main}
CRITICAL - 2020-09-10 15:40:51 --> Argument 2 passed to CodeIgniter\Database\BaseBuilder::orLike() must be of the type string, null given, called in /Applications/XAMPP/xamppfiles/htdocs/pos_beta/app/Models/Pos_model.php on line 86
#0 /Applications/XAMPP/xamppfiles/htdocs/pos_beta/app/Models/Pos_model.php(86): CodeIgniter\Database\BaseBuilder->orLike('nama_produk', NULL)
#1 /Applications/XAMPP/xamppfiles/htdocs/pos_beta/app/Controllers/Pos.php(153): App\Models\Pos_model->getDataProdukBySearch(NULL)
#2 /Applications/XAMPP/xamppfiles/htdocs/pos_beta/system/CodeIgniter.php(910): App\Controllers\Pos->addproduktemp()
#3 /Applications/XAMPP/xamppfiles/htdocs/pos_beta/system/CodeIgniter.php(398): CodeIgniter\CodeIgniter->runController(Object(App\Controllers\Pos))
#4 /Applications/XAMPP/xamppfiles/htdocs/pos_beta/system/CodeIgniter.php(306): CodeIgniter\CodeIgniter->handleRequest(NULL, Object(Config\Cache), false)
#5 /Applications/XAMPP/xamppfiles/htdocs/pos_beta/index.php(45): CodeIgniter\CodeIgniter->run()
#6 {main}
CRITICAL - 2020-09-10 15:41:54 --> Argument 2 passed to CodeIgniter\Database\BaseBuilder::orLike() must be of the type string, null given, called in /Applications/XAMPP/xamppfiles/htdocs/pos_beta/app/Models/Pos_model.php on line 86
#0 /Applications/XAMPP/xamppfiles/htdocs/pos_beta/app/Models/Pos_model.php(86): CodeIgniter\Database\BaseBuilder->orLike('nama_produk', NULL)
#1 /Applications/XAMPP/xamppfiles/htdocs/pos_beta/app/Controllers/Pos.php(153): App\Models\Pos_model->getDataProdukBySearch(NULL)
#2 /Applications/XAMPP/xamppfiles/htdocs/pos_beta/system/CodeIgniter.php(910): App\Controllers\Pos->addproduktemp()
#3 /Applications/XAMPP/xamppfiles/htdocs/pos_beta/system/CodeIgniter.php(398): CodeIgniter\CodeIgniter->runController(Object(App\Controllers\Pos))
#4 /Applications/XAMPP/xamppfiles/htdocs/pos_beta/system/CodeIgniter.php(306): CodeIgniter\CodeIgniter->handleRequest(NULL, Object(Config\Cache), false)
#5 /Applications/XAMPP/xamppfiles/htdocs/pos_beta/index.php(45): CodeIgniter\CodeIgniter->run()
#6 {main}
CRITICAL - 2020-09-10 15:45:02 --> Argument 2 passed to CodeIgniter\Database\BaseBuilder::orLike() must be of the type string, null given, called in /Applications/XAMPP/xamppfiles/htdocs/pos_beta/app/Models/Pos_model.php on line 86
#0 /Applications/XAMPP/xamppfiles/htdocs/pos_beta/app/Models/Pos_model.php(86): CodeIgniter\Database\BaseBuilder->orLike('nama_produk', NULL)
#1 /Applications/XAMPP/xamppfiles/htdocs/pos_beta/app/Controllers/Pos.php(153): App\Models\Pos_model->getDataProdukBySearch(NULL)
#2 /Applications/XAMPP/xamppfiles/htdocs/pos_beta/system/CodeIgniter.php(910): App\Controllers\Pos->addproduktemp()
#3 /Applications/XAMPP/xamppfiles/htdocs/pos_beta/system/CodeIgniter.php(398): CodeIgniter\CodeIgniter->runController(Object(App\Controllers\Pos))
#4 /Applications/XAMPP/xamppfiles/htdocs/pos_beta/system/CodeIgniter.php(306): CodeIgniter\CodeIgniter->handleRequest(NULL, Object(Config\Cache), false)
#5 /Applications/XAMPP/xamppfiles/htdocs/pos_beta/index.php(45): CodeIgniter\CodeIgniter->run()
#6 {main}
CRITICAL - 2020-09-10 15:45:03 --> Argument 2 passed to CodeIgniter\Database\BaseBuilder::orLike() must be of the type string, null given, called in /Applications/XAMPP/xamppfiles/htdocs/pos_beta/app/Models/Pos_model.php on line 86
#0 /Applications/XAMPP/xamppfiles/htdocs/pos_beta/app/Models/Pos_model.php(86): CodeIgniter\Database\BaseBuilder->orLike('nama_produk', NULL)
#1 /Applications/XAMPP/xamppfiles/htdocs/pos_beta/app/Controllers/Pos.php(153): App\Models\Pos_model->getDataProdukBySearch(NULL)
#2 /Applications/XAMPP/xamppfiles/htdocs/pos_beta/system/CodeIgniter.php(910): App\Controllers\Pos->addproduktemp()
#3 /Applications/XAMPP/xamppfiles/htdocs/pos_beta/system/CodeIgniter.php(398): CodeIgniter\CodeIgniter->runController(Object(App\Controllers\Pos))
#4 /Applications/XAMPP/xamppfiles/htdocs/pos_beta/system/CodeIgniter.php(306): CodeIgniter\CodeIgniter->handleRequest(NULL, Object(Config\Cache), false)
#5 /Applications/XAMPP/xamppfiles/htdocs/pos_beta/index.php(45): CodeIgniter\CodeIgniter->run()
#6 {main}
CRITICAL - 2020-09-10 17:43:09 --> Argument 2 passed to CodeIgniter\Database\BaseBuilder::orLike() must be of the type string, null given, called in /Applications/XAMPP/xamppfiles/htdocs/pos_beta/app/Models/Pos_model.php on line 86
#0 /Applications/XAMPP/xamppfiles/htdocs/pos_beta/app/Models/Pos_model.php(86): CodeIgniter\Database\BaseBuilder->orLike('nama_produk', NULL)
#1 /Applications/XAMPP/xamppfiles/htdocs/pos_beta/app/Controllers/Pos.php(153): App\Models\Pos_model->getDataProdukBySearch(NULL)
#2 /Applications/XAMPP/xamppfiles/htdocs/pos_beta/system/CodeIgniter.php(910): App\Controllers\Pos->addproduktemp()
#3 /Applications/XAMPP/xamppfiles/htdocs/pos_beta/system/CodeIgniter.php(398): CodeIgniter\CodeIgniter->runController(Object(App\Controllers\Pos))
#4 /Applications/XAMPP/xamppfiles/htdocs/pos_beta/system/CodeIgniter.php(306): CodeIgniter\CodeIgniter->handleRequest(NULL, Object(Config\Cache), false)
#5 /Applications/XAMPP/xamppfiles/htdocs/pos_beta/index.php(45): CodeIgniter\CodeIgniter->run()
#6 {main}
CRITICAL - 2020-09-10 17:43:18 --> Argument 2 passed to CodeIgniter\Database\BaseBuilder::orLike() must be of the type string, null given, called in /Applications/XAMPP/xamppfiles/htdocs/pos_beta/app/Models/Pos_model.php on line 86
#0 /Applications/XAMPP/xamppfiles/htdocs/pos_beta/app/Models/Pos_model.php(86): CodeIgniter\Database\BaseBuilder->orLike('nama_produk', NULL)
#1 /Applications/XAMPP/xamppfiles/htdocs/pos_beta/app/Controllers/Pos.php(153): App\Models\Pos_model->getDataProdukBySearch(NULL)
#2 /Applications/XAMPP/xamppfiles/htdocs/pos_beta/system/CodeIgniter.php(910): App\Controllers\Pos->addproduktemp()
#3 /Applications/XAMPP/xamppfiles/htdocs/pos_beta/system/CodeIgniter.php(398): CodeIgniter\CodeIgniter->runController(Object(App\Controllers\Pos))
#4 /Applications/XAMPP/xamppfiles/htdocs/pos_beta/system/CodeIgniter.php(306): CodeIgniter\CodeIgniter->handleRequest(NULL, Object(Config\Cache), false)
#5 /Applications/XAMPP/xamppfiles/htdocs/pos_beta/index.php(45): CodeIgniter\CodeIgniter->run()
#6 {main}
CRITICAL - 2020-09-10 17:44:06 --> Argument 2 passed to CodeIgniter\Database\BaseBuilder::orLike() must be of the type string, null given, called in /Applications/XAMPP/xamppfiles/htdocs/pos_beta/app/Models/Pos_model.php on line 86
#0 /Applications/XAMPP/xamppfiles/htdocs/pos_beta/app/Models/Pos_model.php(86): CodeIgniter\Database\BaseBuilder->orLike('nama_produk', NULL)
#1 /Applications/XAMPP/xamppfiles/htdocs/pos_beta/app/Controllers/Pos.php(153): App\Models\Pos_model->getDataProdukBySearch(NULL)
#2 /Applications/XAMPP/xamppfiles/htdocs/pos_beta/system/CodeIgniter.php(910): App\Controllers\Pos->addproduktemp()
#3 /Applications/XAMPP/xamppfiles/htdocs/pos_beta/system/CodeIgniter.php(398): CodeIgniter\CodeIgniter->runController(Object(App\Controllers\Pos))
#4 /Applications/XAMPP/xamppfiles/htdocs/pos_beta/system/CodeIgniter.php(306): CodeIgniter\CodeIgniter->handleRequest(NULL, Object(Config\Cache), false)
#5 /Applications/XAMPP/xamppfiles/htdocs/pos_beta/index.php(45): CodeIgniter\CodeIgniter->run()
#6 {main}
CRITICAL - 2020-09-10 17:44:36 --> Argument 2 passed to CodeIgniter\Database\BaseBuilder::orLike() must be of the type string, null given, called in /Applications/XAMPP/xamppfiles/htdocs/pos_beta/app/Models/Pos_model.php on line 86
#0 /Applications/XAMPP/xamppfiles/htdocs/pos_beta/app/Models/Pos_model.php(86): CodeIgniter\Database\BaseBuilder->orLike('nama_produk', NULL)
#1 /Applications/XAMPP/xamppfiles/htdocs/pos_beta/app/Controllers/Pos.php(153): App\Models\Pos_model->getDataProdukBySearch(NULL)
#2 /Applications/XAMPP/xamppfiles/htdocs/pos_beta/system/CodeIgniter.php(910): App\Controllers\Pos->addproduktemp()
#3 /Applications/XAMPP/xamppfiles/htdocs/pos_beta/system/CodeIgniter.php(398): CodeIgniter\CodeIgniter->runController(Object(App\Controllers\Pos))
#4 /Applications/XAMPP/xamppfiles/htdocs/pos_beta/system/CodeIgniter.php(306): CodeIgniter\CodeIgniter->handleRequest(NULL, Object(Config\Cache), false)
#5 /Applications/XAMPP/xamppfiles/htdocs/pos_beta/index.php(45): CodeIgniter\CodeIgniter->run()
#6 {main}
CRITICAL - 2020-09-10 17:45:50 --> Argument 2 passed to CodeIgniter\Database\BaseBuilder::orLike() must be of the type string, null given, called in /Applications/XAMPP/xamppfiles/htdocs/pos_beta/app/Models/Pos_model.php on line 86
#0 /Applications/XAMPP/xamppfiles/htdocs/pos_beta/app/Models/Pos_model.php(86): CodeIgniter\Database\BaseBuilder->orLike('nama_produk', NULL)
#1 /Applications/XAMPP/xamppfiles/htdocs/pos_beta/app/Controllers/Pos.php(153): App\Models\Pos_model->getDataProdukBySearch(NULL)
#2 /Applications/XAMPP/xamppfiles/htdocs/pos_beta/system/CodeIgniter.php(910): App\Controllers\Pos->addproduktemp()
#3 /Applications/XAMPP/xamppfiles/htdocs/pos_beta/system/CodeIgniter.php(398): CodeIgniter\CodeIgniter->runController(Object(App\Controllers\Pos))
#4 /Applications/XAMPP/xamppfiles/htdocs/pos_beta/system/CodeIgniter.php(306): CodeIgniter\CodeIgniter->handleRequest(NULL, Object(Config\Cache), false)
#5 /Applications/XAMPP/xamppfiles/htdocs/pos_beta/index.php(45): CodeIgniter\CodeIgniter->run()
#6 {main}
CRITICAL - 2020-09-10 18:39:48 --> Argument 2 passed to CodeIgniter\Database\BaseBuilder::orLike() must be of the type string, null given, called in /Applications/XAMPP/xamppfiles/htdocs/pos_beta/app/Models/Pos_model.php on line 86
#0 /Applications/XAMPP/xamppfiles/htdocs/pos_beta/app/Models/Pos_model.php(86): CodeIgniter\Database\BaseBuilder->orLike('nama_produk', NULL)
#1 /Applications/XAMPP/xamppfiles/htdocs/pos_beta/app/Controllers/Pos.php(158): App\Models\Pos_model->getDataProdukBySearch(NULL)
#2 /Applications/XAMPP/xamppfiles/htdocs/pos_beta/system/CodeIgniter.php(910): App\Controllers\Pos->addproduktemp()
#3 /Applications/XAMPP/xamppfiles/htdocs/pos_beta/system/CodeIgniter.php(398): CodeIgniter\CodeIgniter->runController(Object(App\Controllers\Pos))
#4 /Applications/XAMPP/xamppfiles/htdocs/pos_beta/system/CodeIgniter.php(306): CodeIgniter\CodeIgniter->handleRequest(NULL, Object(Config\Cache), false)
#5 /Applications/XAMPP/xamppfiles/htdocs/pos_beta/index.php(45): CodeIgniter\CodeIgniter->run()
#6 {main}
CRITICAL - 2020-09-10 19:05:48 --> Unknown column 'kd_produk' in 'where clause'
#0 /Applications/XAMPP/xamppfiles/htdocs/pos_beta/system/Database/MySQLi/Connection.php(330): mysqli->query('SELECT id as kd...')
#1 /Applications/XAMPP/xamppfiles/htdocs/pos_beta/system/Database/BaseConnection.php(738): CodeIgniter\Database\MySQLi\Connection->execute('SELECT id as kd...')
#2 /Applications/XAMPP/xamppfiles/htdocs/pos_beta/system/Database/BaseConnection.php(666): CodeIgniter\Database\BaseConnection->simpleQuery('SELECT id as kd...')
#3 /Applications/XAMPP/xamppfiles/htdocs/pos_beta/app/Models/Pos_model.php(129): CodeIgniter\Database\BaseConnection->query('SELECT id as kd...')
#4 /Applications/XAMPP/xamppfiles/htdocs/pos_beta/app/Controllers/Pembelian.php(132): App\Models\Pos_model->getDataProdukSearchv2(NULL)
#5 /Applications/XAMPP/xamppfiles/htdocs/pos_beta/system/CodeIgniter.php(910): App\Controllers\Pembelian->getProdukSelect()
#6 /Applications/XAMPP/xamppfiles/htdocs/pos_beta/system/CodeIgniter.php(398): CodeIgniter\CodeIgniter->runController(Object(App\Controllers\Pembelian))
#7 /Applications/XAMPP/xamppfiles/htdocs/pos_beta/system/CodeIgniter.php(306): CodeIgniter\CodeIgniter->handleRequest(NULL, Object(Config\Cache), false)
#8 /Applications/XAMPP/xamppfiles/htdocs/pos_beta/index.php(45): CodeIgniter\CodeIgniter->run()
#9 {main}
CRITICAL - 2020-09-10 19:05:50 --> Unknown column 'kd_produk' in 'where clause'
#0 /Applications/XAMPP/xamppfiles/htdocs/pos_beta/system/Database/MySQLi/Connection.php(330): mysqli->query('SELECT id as kd...')
#1 /Applications/XAMPP/xamppfiles/htdocs/pos_beta/system/Database/BaseConnection.php(738): CodeIgniter\Database\MySQLi\Connection->execute('SELECT id as kd...')
#2 /Applications/XAMPP/xamppfiles/htdocs/pos_beta/system/Database/BaseConnection.php(666): CodeIgniter\Database\BaseConnection->simpleQuery('SELECT id as kd...')
#3 /Applications/XAMPP/xamppfiles/htdocs/pos_beta/app/Models/Pos_model.php(129): CodeIgniter\Database\BaseConnection->query('SELECT id as kd...')
#4 /Applications/XAMPP/xamppfiles/htdocs/pos_beta/app/Controllers/Pembelian.php(132): App\Models\Pos_model->getDataProdukSearchv2(NULL)
#5 /Applications/XAMPP/xamppfiles/htdocs/pos_beta/system/CodeIgniter.php(910): App\Controllers\Pembelian->getProdukSelect()
#6 /Applications/XAMPP/xamppfiles/htdocs/pos_beta/system/CodeIgniter.php(398): CodeIgniter\CodeIgniter->runController(Object(App\Controllers\Pembelian))
#7 /Applications/XAMPP/xamppfiles/htdocs/pos_beta/system/CodeIgniter.php(306): CodeIgniter\CodeIgniter->handleRequest(NULL, Object(Config\Cache), false)
#8 /Applications/XAMPP/xamppfiles/htdocs/pos_beta/index.php(45): CodeIgniter\CodeIgniter->run()
#9 {main}
CRITICAL - 2020-09-10 19:06:49 --> Unknown column 'kd_produk' in 'where clause'
#0 /Applications/XAMPP/xamppfiles/htdocs/pos_beta/system/Database/MySQLi/Connection.php(330): mysqli->query('SELECT id as kd...')
#1 /Applications/XAMPP/xamppfiles/htdocs/pos_beta/system/Database/BaseConnection.php(738): CodeIgniter\Database\MySQLi\Connection->execute('SELECT id as kd...')
#2 /Applications/XAMPP/xamppfiles/htdocs/pos_beta/system/Database/BaseConnection.php(666): CodeIgniter\Database\BaseConnection->simpleQuery('SELECT id as kd...')
#3 /Applications/XAMPP/xamppfiles/htdocs/pos_beta/app/Models/Pos_model.php(151): CodeIgniter\Database\BaseConnection->query('SELECT id as kd...')
#4 /Applications/XAMPP/xamppfiles/htdocs/pos_beta/app/Controllers/Pos.php(425): App\Models\Pos_model->getDataProdukSearchByKodeTemp('1')
#5 /Applications/XAMPP/xamppfiles/htdocs/pos_beta/system/CodeIgniter.php(910): App\Controllers\Pos->showproduk('1')
#6 /Applications/XAMPP/xamppfiles/htdocs/pos_beta/system/CodeIgniter.php(398): CodeIgniter\CodeIgniter->runController(Object(App\Controllers\Pos))
#7 /Applications/XAMPP/xamppfiles/htdocs/pos_beta/system/CodeIgniter.php(306): CodeIgniter\CodeIgniter->handleRequest(NULL, Object(Config\Cache), false)
#8 /Applications/XAMPP/xamppfiles/htdocs/pos_beta/index.php(45): CodeIgniter\CodeIgniter->run()
#9 {main}
CRITICAL - 2020-09-10 19:19:23 --> Unknown column 'kd_produk' in 'where clause'
#0 /Applications/XAMPP/xamppfiles/htdocs/pos_beta/system/Database/MySQLi/Connection.php(330): mysqli->query('SELECT id as kd...')
#1 /Applications/XAMPP/xamppfiles/htdocs/pos_beta/system/Database/BaseConnection.php(738): CodeIgniter\Database\MySQLi\Connection->execute('SELECT id as kd...')
#2 /Applications/XAMPP/xamppfiles/htdocs/pos_beta/system/Database/BaseConnection.php(666): CodeIgniter\Database\BaseConnection->simpleQuery('SELECT id as kd...')
#3 /Applications/XAMPP/xamppfiles/htdocs/pos_beta/app/Models/Pos_model.php(151): CodeIgniter\Database\BaseConnection->query('SELECT id as kd...')
#4 /Applications/XAMPP/xamppfiles/htdocs/pos_beta/app/Controllers/Pos.php(425): App\Models\Pos_model->getDataProdukSearchByKodeTemp('2')
#5 /Applications/XAMPP/xamppfiles/htdocs/pos_beta/system/CodeIgniter.php(910): App\Controllers\Pos->showproduk('2')
#6 /Applications/XAMPP/xamppfiles/htdocs/pos_beta/system/CodeIgniter.php(398): CodeIgniter\CodeIgniter->runController(Object(App\Controllers\Pos))
#7 /Applications/XAMPP/xamppfiles/htdocs/pos_beta/system/CodeIgniter.php(306): CodeIgniter\CodeIgniter->handleRequest(NULL, Object(Config\Cache), false)
#8 /Applications/XAMPP/xamppfiles/htdocs/pos_beta/index.php(45): CodeIgniter\CodeIgniter->run()
#9 {main}
