CRITICAL - 2020-05-18 01:41:40 --> Argument 2 passed to CodeIgniter\Database\BaseBuilder::orLike() must be of the type string, null given, called in /Applications/XAMPP/xamppfiles/htdocs/pos_beta/app/Models/Pos_model.php on line 53
#0 /Applications/XAMPP/xamppfiles/htdocs/pos_beta/app/Models/Pos_model.php(53): CodeIgniter\Database\BaseBuilder->orLike('nama_produk', NULL)
#1 /Applications/XAMPP/xamppfiles/htdocs/pos_beta/app/Controllers/Pembelian.php(98): App\Models\Pos_model->getDataProdukSearch(NULL)
#2 /Applications/XAMPP/xamppfiles/htdocs/pos_beta/system/CodeIgniter.php(910): App\Controllers\Pembelian->getProdukSelect()
#3 /Applications/XAMPP/xamppfiles/htdocs/pos_beta/system/CodeIgniter.php(398): CodeIgniter\CodeIgniter->runController(Object(App\Controllers\Pembelian))
#4 /Applications/XAMPP/xamppfiles/htdocs/pos_beta/system/CodeIgniter.php(306): CodeIgniter\CodeIgniter->handleRequest(NULL, Object(Config\Cache), false)
#5 /Applications/XAMPP/xamppfiles/htdocs/pos_beta/index.php(45): CodeIgniter\CodeIgniter->run()
#6 {main}
CRITICAL - 2020-05-18 01:42:26 --> Argument 2 passed to CodeIgniter\Database\BaseBuilder::orLike() must be of the type string, null given, called in /Applications/XAMPP/xamppfiles/htdocs/pos_beta/app/Models/Pos_model.php on line 53
#0 /Applications/XAMPP/xamppfiles/htdocs/pos_beta/app/Models/Pos_model.php(53): CodeIgniter\Database\BaseBuilder->orLike('nama_produk', NULL)
#1 /Applications/XAMPP/xamppfiles/htdocs/pos_beta/app/Controllers/Pembelian.php(98): App\Models\Pos_model->getDataProdukSearch(NULL)
#2 /Applications/XAMPP/xamppfiles/htdocs/pos_beta/system/CodeIgniter.php(910): App\Controllers\Pembelian->getProdukSelect()
#3 /Applications/XAMPP/xamppfiles/htdocs/pos_beta/system/CodeIgniter.php(398): CodeIgniter\CodeIgniter->runController(Object(App\Controllers\Pembelian))
#4 /Applications/XAMPP/xamppfiles/htdocs/pos_beta/system/CodeIgniter.php(306): CodeIgniter\CodeIgniter->handleRequest(NULL, Object(Config\Cache), false)
#5 /Applications/XAMPP/xamppfiles/htdocs/pos_beta/index.php(45): CodeIgniter\CodeIgniter->run()
#6 {main}
CRITICAL - 2020-05-18 01:43:22 --> Argument 2 passed to CodeIgniter\Database\BaseBuilder::orLike() must be of the type string, null given, called in /Applications/XAMPP/xamppfiles/htdocs/pos_beta/app/Models/Pos_model.php on line 53
#0 /Applications/XAMPP/xamppfiles/htdocs/pos_beta/app/Models/Pos_model.php(53): CodeIgniter\Database\BaseBuilder->orLike('nama_produk', NULL)
#1 /Applications/XAMPP/xamppfiles/htdocs/pos_beta/app/Controllers/Pembelian.php(98): App\Models\Pos_model->getDataProdukSearch(NULL)
#2 /Applications/XAMPP/xamppfiles/htdocs/pos_beta/system/CodeIgniter.php(910): App\Controllers\Pembelian->getProdukSelect()
#3 /Applications/XAMPP/xamppfiles/htdocs/pos_beta/system/CodeIgniter.php(398): CodeIgniter\CodeIgniter->runController(Object(App\Controllers\Pembelian))
#4 /Applications/XAMPP/xamppfiles/htdocs/pos_beta/system/CodeIgniter.php(306): CodeIgniter\CodeIgniter->handleRequest(NULL, Object(Config\Cache), false)
#5 /Applications/XAMPP/xamppfiles/htdocs/pos_beta/index.php(45): CodeIgniter\CodeIgniter->run()
#6 {main}
CRITICAL - 2020-05-18 01:44:12 --> Argument 2 passed to CodeIgniter\Database\BaseBuilder::orLike() must be of the type string, null given, called in /Applications/XAMPP/xamppfiles/htdocs/pos_beta/app/Models/Pos_model.php on line 53
#0 /Applications/XAMPP/xamppfiles/htdocs/pos_beta/app/Models/Pos_model.php(53): CodeIgniter\Database\BaseBuilder->orLike('nama_produk', NULL)
#1 /Applications/XAMPP/xamppfiles/htdocs/pos_beta/app/Controllers/Pembelian.php(98): App\Models\Pos_model->getDataProdukSearch(NULL)
#2 /Applications/XAMPP/xamppfiles/htdocs/pos_beta/system/CodeIgniter.php(910): App\Controllers\Pembelian->getProdukSelect()
#3 /Applications/XAMPP/xamppfiles/htdocs/pos_beta/system/CodeIgniter.php(398): CodeIgniter\CodeIgniter->runController(Object(App\Controllers\Pembelian))
#4 /Applications/XAMPP/xamppfiles/htdocs/pos_beta/system/CodeIgniter.php(306): CodeIgniter\CodeIgniter->handleRequest(NULL, Object(Config\Cache), false)
#5 /Applications/XAMPP/xamppfiles/htdocs/pos_beta/index.php(45): CodeIgniter\CodeIgniter->run()
#6 {main}
CRITICAL - 2020-05-18 01:44:51 --> Argument 2 passed to CodeIgniter\Database\BaseBuilder::orLike() must be of the type string, null given, called in /Applications/XAMPP/xamppfiles/htdocs/pos_beta/app/Models/Pos_model.php on line 53
#0 /Applications/XAMPP/xamppfiles/htdocs/pos_beta/app/Models/Pos_model.php(53): CodeIgniter\Database\BaseBuilder->orLike('nama_produk', NULL)
#1 /Applications/XAMPP/xamppfiles/htdocs/pos_beta/app/Controllers/Pembelian.php(98): App\Models\Pos_model->getDataProdukSearch(NULL)
#2 /Applications/XAMPP/xamppfiles/htdocs/pos_beta/system/CodeIgniter.php(910): App\Controllers\Pembelian->getProdukSelect()
#3 /Applications/XAMPP/xamppfiles/htdocs/pos_beta/system/CodeIgniter.php(398): CodeIgniter\CodeIgniter->runController(Object(App\Controllers\Pembelian))
#4 /Applications/XAMPP/xamppfiles/htdocs/pos_beta/system/CodeIgniter.php(306): CodeIgniter\CodeIgniter->handleRequest(NULL, Object(Config\Cache), false)
#5 /Applications/XAMPP/xamppfiles/htdocs/pos_beta/index.php(45): CodeIgniter\CodeIgniter->run()
#6 {main}
CRITICAL - 2020-05-18 01:44:54 --> Argument 2 passed to CodeIgniter\Database\BaseBuilder::orLike() must be of the type string, null given, called in /Applications/XAMPP/xamppfiles/htdocs/pos_beta/app/Models/Pos_model.php on line 53
#0 /Applications/XAMPP/xamppfiles/htdocs/pos_beta/app/Models/Pos_model.php(53): CodeIgniter\Database\BaseBuilder->orLike('nama_produk', NULL)
#1 /Applications/XAMPP/xamppfiles/htdocs/pos_beta/app/Controllers/Pembelian.php(98): App\Models\Pos_model->getDataProdukSearch(NULL)
#2 /Applications/XAMPP/xamppfiles/htdocs/pos_beta/system/CodeIgniter.php(910): App\Controllers\Pembelian->getProdukSelect()
#3 /Applications/XAMPP/xamppfiles/htdocs/pos_beta/system/CodeIgniter.php(398): CodeIgniter\CodeIgniter->runController(Object(App\Controllers\Pembelian))
#4 /Applications/XAMPP/xamppfiles/htdocs/pos_beta/system/CodeIgniter.php(306): CodeIgniter\CodeIgniter->handleRequest(NULL, Object(Config\Cache), false)
#5 /Applications/XAMPP/xamppfiles/htdocs/pos_beta/index.php(45): CodeIgniter\CodeIgniter->run()
#6 {main}
CRITICAL - 2020-05-18 01:45:09 --> Argument 2 passed to CodeIgniter\Database\BaseBuilder::orLike() must be of the type string, null given, called in /Applications/XAMPP/xamppfiles/htdocs/pos_beta/app/Models/Pos_model.php on line 53
#0 /Applications/XAMPP/xamppfiles/htdocs/pos_beta/app/Models/Pos_model.php(53): CodeIgniter\Database\BaseBuilder->orLike('nama_produk', NULL)
#1 /Applications/XAMPP/xamppfiles/htdocs/pos_beta/app/Controllers/Pembelian.php(98): App\Models\Pos_model->getDataProdukSearch(NULL)
#2 /Applications/XAMPP/xamppfiles/htdocs/pos_beta/system/CodeIgniter.php(910): App\Controllers\Pembelian->getProdukSelect()
#3 /Applications/XAMPP/xamppfiles/htdocs/pos_beta/system/CodeIgniter.php(398): CodeIgniter\CodeIgniter->runController(Object(App\Controllers\Pembelian))
#4 /Applications/XAMPP/xamppfiles/htdocs/pos_beta/system/CodeIgniter.php(306): CodeIgniter\CodeIgniter->handleRequest(NULL, Object(Config\Cache), false)
#5 /Applications/XAMPP/xamppfiles/htdocs/pos_beta/index.php(45): CodeIgniter\CodeIgniter->run()
#6 {main}
CRITICAL - 2020-05-18 01:45:10 --> Argument 2 passed to CodeIgniter\Database\BaseBuilder::orLike() must be of the type string, null given, called in /Applications/XAMPP/xamppfiles/htdocs/pos_beta/app/Models/Pos_model.php on line 53
#0 /Applications/XAMPP/xamppfiles/htdocs/pos_beta/app/Models/Pos_model.php(53): CodeIgniter\Database\BaseBuilder->orLike('nama_produk', NULL)
#1 /Applications/XAMPP/xamppfiles/htdocs/pos_beta/app/Controllers/Pembelian.php(98): App\Models\Pos_model->getDataProdukSearch(NULL)
#2 /Applications/XAMPP/xamppfiles/htdocs/pos_beta/system/CodeIgniter.php(910): App\Controllers\Pembelian->getProdukSelect()
#3 /Applications/XAMPP/xamppfiles/htdocs/pos_beta/system/CodeIgniter.php(398): CodeIgniter\CodeIgniter->runController(Object(App\Controllers\Pembelian))
#4 /Applications/XAMPP/xamppfiles/htdocs/pos_beta/system/CodeIgniter.php(306): CodeIgniter\CodeIgniter->handleRequest(NULL, Object(Config\Cache), false)
#5 /Applications/XAMPP/xamppfiles/htdocs/pos_beta/index.php(45): CodeIgniter\CodeIgniter->run()
#6 {main}
CRITICAL - 2020-05-18 01:45:56 --> Argument 2 passed to CodeIgniter\Database\BaseBuilder::orLike() must be of the type string, null given, called in /Applications/XAMPP/xamppfiles/htdocs/pos_beta/app/Models/Pos_model.php on line 53
#0 /Applications/XAMPP/xamppfiles/htdocs/pos_beta/app/Models/Pos_model.php(53): CodeIgniter\Database\BaseBuilder->orLike('nama_produk', NULL)
#1 /Applications/XAMPP/xamppfiles/htdocs/pos_beta/app/Controllers/Pembelian.php(98): App\Models\Pos_model->getDataProdukSearch(NULL)
#2 /Applications/XAMPP/xamppfiles/htdocs/pos_beta/system/CodeIgniter.php(910): App\Controllers\Pembelian->getProdukSelect()
#3 /Applications/XAMPP/xamppfiles/htdocs/pos_beta/system/CodeIgniter.php(398): CodeIgniter\CodeIgniter->runController(Object(App\Controllers\Pembelian))
#4 /Applications/XAMPP/xamppfiles/htdocs/pos_beta/system/CodeIgniter.php(306): CodeIgniter\CodeIgniter->handleRequest(NULL, Object(Config\Cache), false)
#5 /Applications/XAMPP/xamppfiles/htdocs/pos_beta/index.php(45): CodeIgniter\CodeIgniter->run()
#6 {main}
CRITICAL - 2020-05-18 01:49:42 --> Argument 2 passed to CodeIgniter\Database\BaseBuilder::orLike() must be of the type string, null given, called in /Applications/XAMPP/xamppfiles/htdocs/pos_beta/app/Models/Pos_model.php on line 53
#0 /Applications/XAMPP/xamppfiles/htdocs/pos_beta/app/Models/Pos_model.php(53): CodeIgniter\Database\BaseBuilder->orLike('nama_produk', NULL)
#1 /Applications/XAMPP/xamppfiles/htdocs/pos_beta/app/Controllers/Pembelian.php(98): App\Models\Pos_model->getDataProdukSearch(NULL)
#2 /Applications/XAMPP/xamppfiles/htdocs/pos_beta/system/CodeIgniter.php(910): App\Controllers\Pembelian->getProdukSelect()
#3 /Applications/XAMPP/xamppfiles/htdocs/pos_beta/system/CodeIgniter.php(398): CodeIgniter\CodeIgniter->runController(Object(App\Controllers\Pembelian))
#4 /Applications/XAMPP/xamppfiles/htdocs/pos_beta/system/CodeIgniter.php(306): CodeIgniter\CodeIgniter->handleRequest(NULL, Object(Config\Cache), false)
#5 /Applications/XAMPP/xamppfiles/htdocs/pos_beta/index.php(45): CodeIgniter\CodeIgniter->run()
#6 {main}
CRITICAL - 2020-05-18 01:51:46 --> Argument 2 passed to CodeIgniter\Database\BaseBuilder::orLike() must be of the type string, null given, called in /Applications/XAMPP/xamppfiles/htdocs/pos_beta/app/Models/Pos_model.php on line 53
#0 /Applications/XAMPP/xamppfiles/htdocs/pos_beta/app/Models/Pos_model.php(53): CodeIgniter\Database\BaseBuilder->orLike('nama_produk', NULL)
#1 /Applications/XAMPP/xamppfiles/htdocs/pos_beta/app/Controllers/Pembelian.php(98): App\Models\Pos_model->getDataProdukSearch(NULL)
#2 /Applications/XAMPP/xamppfiles/htdocs/pos_beta/system/CodeIgniter.php(910): App\Controllers\Pembelian->getProdukSelect()
#3 /Applications/XAMPP/xamppfiles/htdocs/pos_beta/system/CodeIgniter.php(398): CodeIgniter\CodeIgniter->runController(Object(App\Controllers\Pembelian))
#4 /Applications/XAMPP/xamppfiles/htdocs/pos_beta/system/CodeIgniter.php(306): CodeIgniter\CodeIgniter->handleRequest(NULL, Object(Config\Cache), false)
#5 /Applications/XAMPP/xamppfiles/htdocs/pos_beta/index.php(45): CodeIgniter\CodeIgniter->run()
#6 {main}
CRITICAL - 2020-05-18 01:52:51 --> Argument 2 passed to CodeIgniter\Database\BaseBuilder::orLike() must be of the type string, null given, called in /Applications/XAMPP/xamppfiles/htdocs/pos_beta/app/Models/Pos_model.php on line 53
#0 /Applications/XAMPP/xamppfiles/htdocs/pos_beta/app/Models/Pos_model.php(53): CodeIgniter\Database\BaseBuilder->orLike('nama_produk', NULL)
#1 /Applications/XAMPP/xamppfiles/htdocs/pos_beta/app/Controllers/Pembelian.php(98): App\Models\Pos_model->getDataProdukSearch(NULL)
#2 /Applications/XAMPP/xamppfiles/htdocs/pos_beta/system/CodeIgniter.php(910): App\Controllers\Pembelian->getProdukSelect()
#3 /Applications/XAMPP/xamppfiles/htdocs/pos_beta/system/CodeIgniter.php(398): CodeIgniter\CodeIgniter->runController(Object(App\Controllers\Pembelian))
#4 /Applications/XAMPP/xamppfiles/htdocs/pos_beta/system/CodeIgniter.php(306): CodeIgniter\CodeIgniter->handleRequest(NULL, Object(Config\Cache), false)
#5 /Applications/XAMPP/xamppfiles/htdocs/pos_beta/index.php(45): CodeIgniter\CodeIgniter->run()
#6 {main}
CRITICAL - 2020-05-18 01:54:05 --> Argument 2 passed to CodeIgniter\Database\BaseBuilder::orLike() must be of the type string, null given, called in /Applications/XAMPP/xamppfiles/htdocs/pos_beta/app/Models/Pos_model.php on line 53
#0 /Applications/XAMPP/xamppfiles/htdocs/pos_beta/app/Models/Pos_model.php(53): CodeIgniter\Database\BaseBuilder->orLike('nama_produk', NULL)
#1 /Applications/XAMPP/xamppfiles/htdocs/pos_beta/app/Controllers/Pembelian.php(98): App\Models\Pos_model->getDataProdukSearch(NULL)
#2 /Applications/XAMPP/xamppfiles/htdocs/pos_beta/system/CodeIgniter.php(910): App\Controllers\Pembelian->getProdukSelect()
#3 /Applications/XAMPP/xamppfiles/htdocs/pos_beta/system/CodeIgniter.php(398): CodeIgniter\CodeIgniter->runController(Object(App\Controllers\Pembelian))
#4 /Applications/XAMPP/xamppfiles/htdocs/pos_beta/system/CodeIgniter.php(306): CodeIgniter\CodeIgniter->handleRequest(NULL, Object(Config\Cache), false)
#5 /Applications/XAMPP/xamppfiles/htdocs/pos_beta/index.php(45): CodeIgniter\CodeIgniter->run()
#6 {main}
CRITICAL - 2020-05-18 01:55:06 --> Argument 2 passed to CodeIgniter\Database\BaseBuilder::orLike() must be of the type string, null given, called in /Applications/XAMPP/xamppfiles/htdocs/pos_beta/app/Models/Pos_model.php on line 53
#0 /Applications/XAMPP/xamppfiles/htdocs/pos_beta/app/Models/Pos_model.php(53): CodeIgniter\Database\BaseBuilder->orLike('nama_produk', NULL)
#1 /Applications/XAMPP/xamppfiles/htdocs/pos_beta/app/Controllers/Pembelian.php(98): App\Models\Pos_model->getDataProdukSearch(NULL)
#2 /Applications/XAMPP/xamppfiles/htdocs/pos_beta/system/CodeIgniter.php(910): App\Controllers\Pembelian->getProdukSelect()
#3 /Applications/XAMPP/xamppfiles/htdocs/pos_beta/system/CodeIgniter.php(398): CodeIgniter\CodeIgniter->runController(Object(App\Controllers\Pembelian))
#4 /Applications/XAMPP/xamppfiles/htdocs/pos_beta/system/CodeIgniter.php(306): CodeIgniter\CodeIgniter->handleRequest(NULL, Object(Config\Cache), false)
#5 /Applications/XAMPP/xamppfiles/htdocs/pos_beta/index.php(45): CodeIgniter\CodeIgniter->run()
#6 {main}
CRITICAL - 2020-05-18 01:55:10 --> Argument 2 passed to CodeIgniter\Database\BaseBuilder::orLike() must be of the type string, null given, called in /Applications/XAMPP/xamppfiles/htdocs/pos_beta/app/Models/Pos_model.php on line 53
#0 /Applications/XAMPP/xamppfiles/htdocs/pos_beta/app/Models/Pos_model.php(53): CodeIgniter\Database\BaseBuilder->orLike('nama_produk', NULL)
#1 /Applications/XAMPP/xamppfiles/htdocs/pos_beta/app/Controllers/Pembelian.php(98): App\Models\Pos_model->getDataProdukSearch(NULL)
#2 /Applications/XAMPP/xamppfiles/htdocs/pos_beta/system/CodeIgniter.php(910): App\Controllers\Pembelian->getProdukSelect()
#3 /Applications/XAMPP/xamppfiles/htdocs/pos_beta/system/CodeIgniter.php(398): CodeIgniter\CodeIgniter->runController(Object(App\Controllers\Pembelian))
#4 /Applications/XAMPP/xamppfiles/htdocs/pos_beta/system/CodeIgniter.php(306): CodeIgniter\CodeIgniter->handleRequest(NULL, Object(Config\Cache), false)
#5 /Applications/XAMPP/xamppfiles/htdocs/pos_beta/index.php(45): CodeIgniter\CodeIgniter->run()
#6 {main}
CRITICAL - 2020-05-18 01:55:11 --> Argument 2 passed to CodeIgniter\Database\BaseBuilder::orLike() must be of the type string, null given, called in /Applications/XAMPP/xamppfiles/htdocs/pos_beta/app/Models/Pos_model.php on line 53
#0 /Applications/XAMPP/xamppfiles/htdocs/pos_beta/app/Models/Pos_model.php(53): CodeIgniter\Database\BaseBuilder->orLike('nama_produk', NULL)
#1 /Applications/XAMPP/xamppfiles/htdocs/pos_beta/app/Controllers/Pembelian.php(98): App\Models\Pos_model->getDataProdukSearch(NULL)
#2 /Applications/XAMPP/xamppfiles/htdocs/pos_beta/system/CodeIgniter.php(910): App\Controllers\Pembelian->getProdukSelect()
#3 /Applications/XAMPP/xamppfiles/htdocs/pos_beta/system/CodeIgniter.php(398): CodeIgniter\CodeIgniter->runController(Object(App\Controllers\Pembelian))
#4 /Applications/XAMPP/xamppfiles/htdocs/pos_beta/system/CodeIgniter.php(306): CodeIgniter\CodeIgniter->handleRequest(NULL, Object(Config\Cache), false)
#5 /Applications/XAMPP/xamppfiles/htdocs/pos_beta/index.php(45): CodeIgniter\CodeIgniter->run()
#6 {main}
CRITICAL - 2020-05-18 01:55:30 --> Argument 2 passed to CodeIgniter\Database\BaseBuilder::orLike() must be of the type string, null given, called in /Applications/XAMPP/xamppfiles/htdocs/pos_beta/app/Models/Pos_model.php on line 53
#0 /Applications/XAMPP/xamppfiles/htdocs/pos_beta/app/Models/Pos_model.php(53): CodeIgniter\Database\BaseBuilder->orLike('nama_produk', NULL)
#1 /Applications/XAMPP/xamppfiles/htdocs/pos_beta/app/Controllers/Pembelian.php(98): App\Models\Pos_model->getDataProdukSearch(NULL)
#2 /Applications/XAMPP/xamppfiles/htdocs/pos_beta/system/CodeIgniter.php(910): App\Controllers\Pembelian->getProdukSelect()
#3 /Applications/XAMPP/xamppfiles/htdocs/pos_beta/system/CodeIgniter.php(398): CodeIgniter\CodeIgniter->runController(Object(App\Controllers\Pembelian))
#4 /Applications/XAMPP/xamppfiles/htdocs/pos_beta/system/CodeIgniter.php(306): CodeIgniter\CodeIgniter->handleRequest(NULL, Object(Config\Cache), false)
#5 /Applications/XAMPP/xamppfiles/htdocs/pos_beta/index.php(45): CodeIgniter\CodeIgniter->run()
#6 {main}
CRITICAL - 2020-05-18 01:57:38 --> Argument 2 passed to CodeIgniter\Database\BaseBuilder::orLike() must be of the type string, null given, called in /Applications/XAMPP/xamppfiles/htdocs/pos_beta/app/Models/Pos_model.php on line 53
#0 /Applications/XAMPP/xamppfiles/htdocs/pos_beta/app/Models/Pos_model.php(53): CodeIgniter\Database\BaseBuilder->orLike('nama_produk', NULL)
#1 /Applications/XAMPP/xamppfiles/htdocs/pos_beta/app/Controllers/Pembelian.php(98): App\Models\Pos_model->getDataProdukSearch(NULL)
#2 /Applications/XAMPP/xamppfiles/htdocs/pos_beta/system/CodeIgniter.php(910): App\Controllers\Pembelian->getProdukSelect()
#3 /Applications/XAMPP/xamppfiles/htdocs/pos_beta/system/CodeIgniter.php(398): CodeIgniter\CodeIgniter->runController(Object(App\Controllers\Pembelian))
#4 /Applications/XAMPP/xamppfiles/htdocs/pos_beta/system/CodeIgniter.php(306): CodeIgniter\CodeIgniter->handleRequest(NULL, Object(Config\Cache), false)
#5 /Applications/XAMPP/xamppfiles/htdocs/pos_beta/index.php(45): CodeIgniter\CodeIgniter->run()
#6 {main}
CRITICAL - 2020-05-18 01:58:04 --> Argument 2 passed to CodeIgniter\Database\BaseBuilder::orLike() must be of the type string, null given, called in /Applications/XAMPP/xamppfiles/htdocs/pos_beta/app/Models/Pos_model.php on line 53
#0 /Applications/XAMPP/xamppfiles/htdocs/pos_beta/app/Models/Pos_model.php(53): CodeIgniter\Database\BaseBuilder->orLike('nama_produk', NULL)
#1 /Applications/XAMPP/xamppfiles/htdocs/pos_beta/app/Controllers/Pembelian.php(98): App\Models\Pos_model->getDataProdukSearch(NULL)
#2 /Applications/XAMPP/xamppfiles/htdocs/pos_beta/system/CodeIgniter.php(910): App\Controllers\Pembelian->getProdukSelect()
#3 /Applications/XAMPP/xamppfiles/htdocs/pos_beta/system/CodeIgniter.php(398): CodeIgniter\CodeIgniter->runController(Object(App\Controllers\Pembelian))
#4 /Applications/XAMPP/xamppfiles/htdocs/pos_beta/system/CodeIgniter.php(306): CodeIgniter\CodeIgniter->handleRequest(NULL, Object(Config\Cache), false)
#5 /Applications/XAMPP/xamppfiles/htdocs/pos_beta/index.php(45): CodeIgniter\CodeIgniter->run()
#6 {main}
CRITICAL - 2020-05-18 01:58:18 --> Argument 2 passed to CodeIgniter\Database\BaseBuilder::orLike() must be of the type string, null given, called in /Applications/XAMPP/xamppfiles/htdocs/pos_beta/app/Models/Pos_model.php on line 53
#0 /Applications/XAMPP/xamppfiles/htdocs/pos_beta/app/Models/Pos_model.php(53): CodeIgniter\Database\BaseBuilder->orLike('nama_produk', NULL)
#1 /Applications/XAMPP/xamppfiles/htdocs/pos_beta/app/Controllers/Pembelian.php(98): App\Models\Pos_model->getDataProdukSearch(NULL)
#2 /Applications/XAMPP/xamppfiles/htdocs/pos_beta/system/CodeIgniter.php(910): App\Controllers\Pembelian->getProdukSelect()
#3 /Applications/XAMPP/xamppfiles/htdocs/pos_beta/system/CodeIgniter.php(398): CodeIgniter\CodeIgniter->runController(Object(App\Controllers\Pembelian))
#4 /Applications/XAMPP/xamppfiles/htdocs/pos_beta/system/CodeIgniter.php(306): CodeIgniter\CodeIgniter->handleRequest(NULL, Object(Config\Cache), false)
#5 /Applications/XAMPP/xamppfiles/htdocs/pos_beta/index.php(45): CodeIgniter\CodeIgniter->run()
#6 {main}
CRITICAL - 2020-05-18 01:58:23 --> Argument 2 passed to CodeIgniter\Database\BaseBuilder::orLike() must be of the type string, null given, called in /Applications/XAMPP/xamppfiles/htdocs/pos_beta/app/Models/Pos_model.php on line 53
#0 /Applications/XAMPP/xamppfiles/htdocs/pos_beta/app/Models/Pos_model.php(53): CodeIgniter\Database\BaseBuilder->orLike('nama_produk', NULL)
#1 /Applications/XAMPP/xamppfiles/htdocs/pos_beta/app/Controllers/Pembelian.php(98): App\Models\Pos_model->getDataProdukSearch(NULL)
#2 /Applications/XAMPP/xamppfiles/htdocs/pos_beta/system/CodeIgniter.php(910): App\Controllers\Pembelian->getProdukSelect()
#3 /Applications/XAMPP/xamppfiles/htdocs/pos_beta/system/CodeIgniter.php(398): CodeIgniter\CodeIgniter->runController(Object(App\Controllers\Pembelian))
#4 /Applications/XAMPP/xamppfiles/htdocs/pos_beta/system/CodeIgniter.php(306): CodeIgniter\CodeIgniter->handleRequest(NULL, Object(Config\Cache), false)
#5 /Applications/XAMPP/xamppfiles/htdocs/pos_beta/index.php(45): CodeIgniter\CodeIgniter->run()
#6 {main}
CRITICAL - 2020-05-18 01:58:55 --> Argument 2 passed to CodeIgniter\Database\BaseBuilder::orLike() must be of the type string, null given, called in /Applications/XAMPP/xamppfiles/htdocs/pos_beta/app/Models/Pos_model.php on line 53
#0 /Applications/XAMPP/xamppfiles/htdocs/pos_beta/app/Models/Pos_model.php(53): CodeIgniter\Database\BaseBuilder->orLike('nama_produk', NULL)
#1 /Applications/XAMPP/xamppfiles/htdocs/pos_beta/app/Controllers/Pembelian.php(98): App\Models\Pos_model->getDataProdukSearch(NULL)
#2 /Applications/XAMPP/xamppfiles/htdocs/pos_beta/system/CodeIgniter.php(910): App\Controllers\Pembelian->getProdukSelect()
#3 /Applications/XAMPP/xamppfiles/htdocs/pos_beta/system/CodeIgniter.php(398): CodeIgniter\CodeIgniter->runController(Object(App\Controllers\Pembelian))
#4 /Applications/XAMPP/xamppfiles/htdocs/pos_beta/system/CodeIgniter.php(306): CodeIgniter\CodeIgniter->handleRequest(NULL, Object(Config\Cache), false)
#5 /Applications/XAMPP/xamppfiles/htdocs/pos_beta/index.php(45): CodeIgniter\CodeIgniter->run()
#6 {main}
CRITICAL - 2020-05-18 01:59:59 --> Argument 2 passed to CodeIgniter\Database\BaseBuilder::orLike() must be of the type string, null given, called in /Applications/XAMPP/xamppfiles/htdocs/pos_beta/app/Models/Pos_model.php on line 53
#0 /Applications/XAMPP/xamppfiles/htdocs/pos_beta/app/Models/Pos_model.php(53): CodeIgniter\Database\BaseBuilder->orLike('nama_produk', NULL)
#1 /Applications/XAMPP/xamppfiles/htdocs/pos_beta/app/Controllers/Pembelian.php(98): App\Models\Pos_model->getDataProdukSearch(NULL)
#2 /Applications/XAMPP/xamppfiles/htdocs/pos_beta/system/CodeIgniter.php(910): App\Controllers\Pembelian->getProdukSelect()
#3 /Applications/XAMPP/xamppfiles/htdocs/pos_beta/system/CodeIgniter.php(398): CodeIgniter\CodeIgniter->runController(Object(App\Controllers\Pembelian))
#4 /Applications/XAMPP/xamppfiles/htdocs/pos_beta/system/CodeIgniter.php(306): CodeIgniter\CodeIgniter->handleRequest(NULL, Object(Config\Cache), false)
#5 /Applications/XAMPP/xamppfiles/htdocs/pos_beta/index.php(45): CodeIgniter\CodeIgniter->run()
#6 {main}
CRITICAL - 2020-05-18 02:00:38 --> Argument 2 passed to CodeIgniter\Database\BaseBuilder::orLike() must be of the type string, null given, called in /Applications/XAMPP/xamppfiles/htdocs/pos_beta/app/Models/Pos_model.php on line 53
#0 /Applications/XAMPP/xamppfiles/htdocs/pos_beta/app/Models/Pos_model.php(53): CodeIgniter\Database\BaseBuilder->orLike('nama_produk', NULL)
#1 /Applications/XAMPP/xamppfiles/htdocs/pos_beta/app/Controllers/Pembelian.php(98): App\Models\Pos_model->getDataProdukSearch(NULL)
#2 /Applications/XAMPP/xamppfiles/htdocs/pos_beta/system/CodeIgniter.php(910): App\Controllers\Pembelian->getProdukSelect()
#3 /Applications/XAMPP/xamppfiles/htdocs/pos_beta/system/CodeIgniter.php(398): CodeIgniter\CodeIgniter->runController(Object(App\Controllers\Pembelian))
#4 /Applications/XAMPP/xamppfiles/htdocs/pos_beta/system/CodeIgniter.php(306): CodeIgniter\CodeIgniter->handleRequest(NULL, Object(Config\Cache), false)
#5 /Applications/XAMPP/xamppfiles/htdocs/pos_beta/index.php(45): CodeIgniter\CodeIgniter->run()
#6 {main}
CRITICAL - 2020-05-18 02:01:03 --> Argument 2 passed to CodeIgniter\Database\BaseBuilder::orLike() must be of the type string, null given, called in /Applications/XAMPP/xamppfiles/htdocs/pos_beta/app/Models/Pos_model.php on line 53
#0 /Applications/XAMPP/xamppfiles/htdocs/pos_beta/app/Models/Pos_model.php(53): CodeIgniter\Database\BaseBuilder->orLike('nama_produk', NULL)
#1 /Applications/XAMPP/xamppfiles/htdocs/pos_beta/app/Controllers/Pembelian.php(98): App\Models\Pos_model->getDataProdukSearch(NULL)
#2 /Applications/XAMPP/xamppfiles/htdocs/pos_beta/system/CodeIgniter.php(910): App\Controllers\Pembelian->getProdukSelect()
#3 /Applications/XAMPP/xamppfiles/htdocs/pos_beta/system/CodeIgniter.php(398): CodeIgniter\CodeIgniter->runController(Object(App\Controllers\Pembelian))
#4 /Applications/XAMPP/xamppfiles/htdocs/pos_beta/system/CodeIgniter.php(306): CodeIgniter\CodeIgniter->handleRequest(NULL, Object(Config\Cache), false)
#5 /Applications/XAMPP/xamppfiles/htdocs/pos_beta/index.php(45): CodeIgniter\CodeIgniter->run()
#6 {main}
CRITICAL - 2020-05-18 02:01:34 --> Argument 2 passed to CodeIgniter\Database\BaseBuilder::orLike() must be of the type string, null given, called in /Applications/XAMPP/xamppfiles/htdocs/pos_beta/app/Models/Pos_model.php on line 53
#0 /Applications/XAMPP/xamppfiles/htdocs/pos_beta/app/Models/Pos_model.php(53): CodeIgniter\Database\BaseBuilder->orLike('nama_produk', NULL)
#1 /Applications/XAMPP/xamppfiles/htdocs/pos_beta/app/Controllers/Pembelian.php(98): App\Models\Pos_model->getDataProdukSearch(NULL)
#2 /Applications/XAMPP/xamppfiles/htdocs/pos_beta/system/CodeIgniter.php(910): App\Controllers\Pembelian->getProdukSelect()
#3 /Applications/XAMPP/xamppfiles/htdocs/pos_beta/system/CodeIgniter.php(398): CodeIgniter\CodeIgniter->runController(Object(App\Controllers\Pembelian))
#4 /Applications/XAMPP/xamppfiles/htdocs/pos_beta/system/CodeIgniter.php(306): CodeIgniter\CodeIgniter->handleRequest(NULL, Object(Config\Cache), false)
#5 /Applications/XAMPP/xamppfiles/htdocs/pos_beta/index.php(45): CodeIgniter\CodeIgniter->run()
#6 {main}
CRITICAL - 2020-05-18 02:02:11 --> Argument 2 passed to CodeIgniter\Database\BaseBuilder::orLike() must be of the type string, null given, called in /Applications/XAMPP/xamppfiles/htdocs/pos_beta/app/Models/Pos_model.php on line 53
#0 /Applications/XAMPP/xamppfiles/htdocs/pos_beta/app/Models/Pos_model.php(53): CodeIgniter\Database\BaseBuilder->orLike('nama_produk', NULL)
#1 /Applications/XAMPP/xamppfiles/htdocs/pos_beta/app/Controllers/Pembelian.php(98): App\Models\Pos_model->getDataProdukSearch(NULL)
#2 /Applications/XAMPP/xamppfiles/htdocs/pos_beta/system/CodeIgniter.php(910): App\Controllers\Pembelian->getProdukSelect()
#3 /Applications/XAMPP/xamppfiles/htdocs/pos_beta/system/CodeIgniter.php(398): CodeIgniter\CodeIgniter->runController(Object(App\Controllers\Pembelian))
#4 /Applications/XAMPP/xamppfiles/htdocs/pos_beta/system/CodeIgniter.php(306): CodeIgniter\CodeIgniter->handleRequest(NULL, Object(Config\Cache), false)
#5 /Applications/XAMPP/xamppfiles/htdocs/pos_beta/index.php(45): CodeIgniter\CodeIgniter->run()
#6 {main}
CRITICAL - 2020-05-18 02:02:23 --> Argument 2 passed to CodeIgniter\Database\BaseBuilder::orLike() must be of the type string, null given, called in /Applications/XAMPP/xamppfiles/htdocs/pos_beta/app/Models/Pos_model.php on line 53
#0 /Applications/XAMPP/xamppfiles/htdocs/pos_beta/app/Models/Pos_model.php(53): CodeIgniter\Database\BaseBuilder->orLike('nama_produk', NULL)
#1 /Applications/XAMPP/xamppfiles/htdocs/pos_beta/app/Controllers/Pembelian.php(98): App\Models\Pos_model->getDataProdukSearch(NULL)
#2 /Applications/XAMPP/xamppfiles/htdocs/pos_beta/system/CodeIgniter.php(910): App\Controllers\Pembelian->getProdukSelect()
#3 /Applications/XAMPP/xamppfiles/htdocs/pos_beta/system/CodeIgniter.php(398): CodeIgniter\CodeIgniter->runController(Object(App\Controllers\Pembelian))
#4 /Applications/XAMPP/xamppfiles/htdocs/pos_beta/system/CodeIgniter.php(306): CodeIgniter\CodeIgniter->handleRequest(NULL, Object(Config\Cache), false)
#5 /Applications/XAMPP/xamppfiles/htdocs/pos_beta/index.php(45): CodeIgniter\CodeIgniter->run()
#6 {main}
CRITICAL - 2020-05-18 02:06:08 --> Argument 2 passed to CodeIgniter\Database\BaseBuilder::orLike() must be of the type string, null given, called in /Applications/XAMPP/xamppfiles/htdocs/pos_beta/app/Models/Pos_model.php on line 53
#0 /Applications/XAMPP/xamppfiles/htdocs/pos_beta/app/Models/Pos_model.php(53): CodeIgniter\Database\BaseBuilder->orLike('nama_produk', NULL)
#1 /Applications/XAMPP/xamppfiles/htdocs/pos_beta/app/Controllers/Pembelian.php(98): App\Models\Pos_model->getDataProdukSearch(NULL)
#2 /Applications/XAMPP/xamppfiles/htdocs/pos_beta/system/CodeIgniter.php(910): App\Controllers\Pembelian->getProdukSelect()
#3 /Applications/XAMPP/xamppfiles/htdocs/pos_beta/system/CodeIgniter.php(398): CodeIgniter\CodeIgniter->runController(Object(App\Controllers\Pembelian))
#4 /Applications/XAMPP/xamppfiles/htdocs/pos_beta/system/CodeIgniter.php(306): CodeIgniter\CodeIgniter->handleRequest(NULL, Object(Config\Cache), false)
#5 /Applications/XAMPP/xamppfiles/htdocs/pos_beta/index.php(45): CodeIgniter\CodeIgniter->run()
#6 {main}
CRITICAL - 2020-05-18 02:07:08 --> Argument 2 passed to CodeIgniter\Database\BaseBuilder::orLike() must be of the type string, null given, called in /Applications/XAMPP/xamppfiles/htdocs/pos_beta/app/Models/Pos_model.php on line 53
#0 /Applications/XAMPP/xamppfiles/htdocs/pos_beta/app/Models/Pos_model.php(53): CodeIgniter\Database\BaseBuilder->orLike('nama_produk', NULL)
#1 /Applications/XAMPP/xamppfiles/htdocs/pos_beta/app/Controllers/Pembelian.php(98): App\Models\Pos_model->getDataProdukSearch(NULL)
#2 /Applications/XAMPP/xamppfiles/htdocs/pos_beta/system/CodeIgniter.php(910): App\Controllers\Pembelian->getProdukSelect()
#3 /Applications/XAMPP/xamppfiles/htdocs/pos_beta/system/CodeIgniter.php(398): CodeIgniter\CodeIgniter->runController(Object(App\Controllers\Pembelian))
#4 /Applications/XAMPP/xamppfiles/htdocs/pos_beta/system/CodeIgniter.php(306): CodeIgniter\CodeIgniter->handleRequest(NULL, Object(Config\Cache), false)
#5 /Applications/XAMPP/xamppfiles/htdocs/pos_beta/index.php(45): CodeIgniter\CodeIgniter->run()
#6 {main}
CRITICAL - 2020-05-18 02:07:09 --> Argument 2 passed to CodeIgniter\Database\BaseBuilder::orLike() must be of the type string, null given, called in /Applications/XAMPP/xamppfiles/htdocs/pos_beta/app/Models/Pos_model.php on line 53
#0 /Applications/XAMPP/xamppfiles/htdocs/pos_beta/app/Models/Pos_model.php(53): CodeIgniter\Database\BaseBuilder->orLike('nama_produk', NULL)
#1 /Applications/XAMPP/xamppfiles/htdocs/pos_beta/app/Controllers/Pembelian.php(98): App\Models\Pos_model->getDataProdukSearch(NULL)
#2 /Applications/XAMPP/xamppfiles/htdocs/pos_beta/system/CodeIgniter.php(910): App\Controllers\Pembelian->getProdukSelect()
#3 /Applications/XAMPP/xamppfiles/htdocs/pos_beta/system/CodeIgniter.php(398): CodeIgniter\CodeIgniter->runController(Object(App\Controllers\Pembelian))
#4 /Applications/XAMPP/xamppfiles/htdocs/pos_beta/system/CodeIgniter.php(306): CodeIgniter\CodeIgniter->handleRequest(NULL, Object(Config\Cache), false)
#5 /Applications/XAMPP/xamppfiles/htdocs/pos_beta/index.php(45): CodeIgniter\CodeIgniter->run()
#6 {main}
CRITICAL - 2020-05-18 02:08:09 --> Argument 2 passed to CodeIgniter\Database\BaseBuilder::orLike() must be of the type string, null given, called in /Applications/XAMPP/xamppfiles/htdocs/pos_beta/app/Models/Pos_model.php on line 53
#0 /Applications/XAMPP/xamppfiles/htdocs/pos_beta/app/Models/Pos_model.php(53): CodeIgniter\Database\BaseBuilder->orLike('nama_produk', NULL)
#1 /Applications/XAMPP/xamppfiles/htdocs/pos_beta/app/Controllers/Pembelian.php(98): App\Models\Pos_model->getDataProdukSearch(NULL)
#2 /Applications/XAMPP/xamppfiles/htdocs/pos_beta/system/CodeIgniter.php(910): App\Controllers\Pembelian->getProdukSelect()
#3 /Applications/XAMPP/xamppfiles/htdocs/pos_beta/system/CodeIgniter.php(398): CodeIgniter\CodeIgniter->runController(Object(App\Controllers\Pembelian))
#4 /Applications/XAMPP/xamppfiles/htdocs/pos_beta/system/CodeIgniter.php(306): CodeIgniter\CodeIgniter->handleRequest(NULL, Object(Config\Cache), false)
#5 /Applications/XAMPP/xamppfiles/htdocs/pos_beta/index.php(45): CodeIgniter\CodeIgniter->run()
#6 {main}
CRITICAL - 2020-05-18 02:14:12 --> Argument 2 passed to CodeIgniter\Database\BaseBuilder::orLike() must be of the type string, null given, called in /Applications/XAMPP/xamppfiles/htdocs/pos_beta/app/Models/Pos_model.php on line 53
#0 /Applications/XAMPP/xamppfiles/htdocs/pos_beta/app/Models/Pos_model.php(53): CodeIgniter\Database\BaseBuilder->orLike('nama_produk', NULL)
#1 /Applications/XAMPP/xamppfiles/htdocs/pos_beta/app/Controllers/Pembelian.php(98): App\Models\Pos_model->getDataProdukSearch(NULL)
#2 /Applications/XAMPP/xamppfiles/htdocs/pos_beta/system/CodeIgniter.php(910): App\Controllers\Pembelian->getProdukSelect()
#3 /Applications/XAMPP/xamppfiles/htdocs/pos_beta/system/CodeIgniter.php(398): CodeIgniter\CodeIgniter->runController(Object(App\Controllers\Pembelian))
#4 /Applications/XAMPP/xamppfiles/htdocs/pos_beta/system/CodeIgniter.php(306): CodeIgniter\CodeIgniter->handleRequest(NULL, Object(Config\Cache), false)
#5 /Applications/XAMPP/xamppfiles/htdocs/pos_beta/index.php(45): CodeIgniter\CodeIgniter->run()
#6 {main}
CRITICAL - 2020-05-18 03:58:21 --> Argument 2 passed to CodeIgniter\Database\BaseBuilder::orLike() must be of the type string, null given, called in /Applications/XAMPP/xamppfiles/htdocs/pos_beta/app/Models/Pos_model.php on line 53
#0 /Applications/XAMPP/xamppfiles/htdocs/pos_beta/app/Models/Pos_model.php(53): CodeIgniter\Database\BaseBuilder->orLike('nama_produk', NULL)
#1 /Applications/XAMPP/xamppfiles/htdocs/pos_beta/app/Controllers/Pembelian.php(98): App\Models\Pos_model->getDataProdukSearch(NULL)
#2 /Applications/XAMPP/xamppfiles/htdocs/pos_beta/system/CodeIgniter.php(910): App\Controllers\Pembelian->getProdukSelect()
#3 /Applications/XAMPP/xamppfiles/htdocs/pos_beta/system/CodeIgniter.php(398): CodeIgniter\CodeIgniter->runController(Object(App\Controllers\Pembelian))
#4 /Applications/XAMPP/xamppfiles/htdocs/pos_beta/system/CodeIgniter.php(306): CodeIgniter\CodeIgniter->handleRequest(NULL, Object(Config\Cache), false)
#5 /Applications/XAMPP/xamppfiles/htdocs/pos_beta/index.php(45): CodeIgniter\CodeIgniter->run()
#6 {main}
CRITICAL - 2020-05-18 04:00:09 --> Argument 2 passed to CodeIgniter\Database\BaseBuilder::orLike() must be of the type string, null given, called in /Applications/XAMPP/xamppfiles/htdocs/pos_beta/app/Models/Pos_model.php on line 53
#0 /Applications/XAMPP/xamppfiles/htdocs/pos_beta/app/Models/Pos_model.php(53): CodeIgniter\Database\BaseBuilder->orLike('nama_produk', NULL)
#1 /Applications/XAMPP/xamppfiles/htdocs/pos_beta/app/Controllers/Pembelian.php(98): App\Models\Pos_model->getDataProdukSearch(NULL)
#2 /Applications/XAMPP/xamppfiles/htdocs/pos_beta/system/CodeIgniter.php(910): App\Controllers\Pembelian->getProdukSelect()
#3 /Applications/XAMPP/xamppfiles/htdocs/pos_beta/system/CodeIgniter.php(398): CodeIgniter\CodeIgniter->runController(Object(App\Controllers\Pembelian))
#4 /Applications/XAMPP/xamppfiles/htdocs/pos_beta/system/CodeIgniter.php(306): CodeIgniter\CodeIgniter->handleRequest(NULL, Object(Config\Cache), false)
#5 /Applications/XAMPP/xamppfiles/htdocs/pos_beta/index.php(45): CodeIgniter\CodeIgniter->run()
#6 {main}
CRITICAL - 2020-05-18 04:04:47 --> Argument 2 passed to CodeIgniter\Database\BaseBuilder::orLike() must be of the type string, null given, called in /Applications/XAMPP/xamppfiles/htdocs/pos_beta/app/Models/Pos_model.php on line 53
#0 /Applications/XAMPP/xamppfiles/htdocs/pos_beta/app/Models/Pos_model.php(53): CodeIgniter\Database\BaseBuilder->orLike('nama_produk', NULL)
#1 /Applications/XAMPP/xamppfiles/htdocs/pos_beta/app/Controllers/Pembelian.php(98): App\Models\Pos_model->getDataProdukSearch(NULL)
#2 /Applications/XAMPP/xamppfiles/htdocs/pos_beta/system/CodeIgniter.php(910): App\Controllers\Pembelian->getProdukSelect()
#3 /Applications/XAMPP/xamppfiles/htdocs/pos_beta/system/CodeIgniter.php(398): CodeIgniter\CodeIgniter->runController(Object(App\Controllers\Pembelian))
#4 /Applications/XAMPP/xamppfiles/htdocs/pos_beta/system/CodeIgniter.php(306): CodeIgniter\CodeIgniter->handleRequest(NULL, Object(Config\Cache), false)
#5 /Applications/XAMPP/xamppfiles/htdocs/pos_beta/index.php(45): CodeIgniter\CodeIgniter->run()
#6 {main}
CRITICAL - 2020-05-18 04:04:54 --> Argument 2 passed to CodeIgniter\Database\BaseBuilder::orLike() must be of the type string, null given, called in /Applications/XAMPP/xamppfiles/htdocs/pos_beta/app/Models/Pos_model.php on line 53
#0 /Applications/XAMPP/xamppfiles/htdocs/pos_beta/app/Models/Pos_model.php(53): CodeIgniter\Database\BaseBuilder->orLike('nama_produk', NULL)
#1 /Applications/XAMPP/xamppfiles/htdocs/pos_beta/app/Controllers/Pembelian.php(98): App\Models\Pos_model->getDataProdukSearch(NULL)
#2 /Applications/XAMPP/xamppfiles/htdocs/pos_beta/system/CodeIgniter.php(910): App\Controllers\Pembelian->getProdukSelect()
#3 /Applications/XAMPP/xamppfiles/htdocs/pos_beta/system/CodeIgniter.php(398): CodeIgniter\CodeIgniter->runController(Object(App\Controllers\Pembelian))
#4 /Applications/XAMPP/xamppfiles/htdocs/pos_beta/system/CodeIgniter.php(306): CodeIgniter\CodeIgniter->handleRequest(NULL, Object(Config\Cache), false)
#5 /Applications/XAMPP/xamppfiles/htdocs/pos_beta/index.php(45): CodeIgniter\CodeIgniter->run()
#6 {main}
CRITICAL - 2020-05-18 04:05:12 --> Argument 2 passed to CodeIgniter\Database\BaseBuilder::orLike() must be of the type string, null given, called in /Applications/XAMPP/xamppfiles/htdocs/pos_beta/app/Models/Pos_model.php on line 53
#0 /Applications/XAMPP/xamppfiles/htdocs/pos_beta/app/Models/Pos_model.php(53): CodeIgniter\Database\BaseBuilder->orLike('nama_produk', NULL)
#1 /Applications/XAMPP/xamppfiles/htdocs/pos_beta/app/Controllers/Pembelian.php(98): App\Models\Pos_model->getDataProdukSearch(NULL)
#2 /Applications/XAMPP/xamppfiles/htdocs/pos_beta/system/CodeIgniter.php(910): App\Controllers\Pembelian->getProdukSelect()
#3 /Applications/XAMPP/xamppfiles/htdocs/pos_beta/system/CodeIgniter.php(398): CodeIgniter\CodeIgniter->runController(Object(App\Controllers\Pembelian))
#4 /Applications/XAMPP/xamppfiles/htdocs/pos_beta/system/CodeIgniter.php(306): CodeIgniter\CodeIgniter->handleRequest(NULL, Object(Config\Cache), false)
#5 /Applications/XAMPP/xamppfiles/htdocs/pos_beta/index.php(45): CodeIgniter\CodeIgniter->run()
#6 {main}
CRITICAL - 2020-05-18 04:30:59 --> Argument 2 passed to CodeIgniter\Database\BaseBuilder::orLike() must be of the type string, null given, called in /Applications/XAMPP/xamppfiles/htdocs/pos_beta/app/Models/Pos_model.php on line 53
#0 /Applications/XAMPP/xamppfiles/htdocs/pos_beta/app/Models/Pos_model.php(53): CodeIgniter\Database\BaseBuilder->orLike('nama_produk', NULL)
#1 /Applications/XAMPP/xamppfiles/htdocs/pos_beta/app/Controllers/Pembelian.php(98): App\Models\Pos_model->getDataProdukSearch(NULL)
#2 /Applications/XAMPP/xamppfiles/htdocs/pos_beta/system/CodeIgniter.php(910): App\Controllers\Pembelian->getProdukSelect()
#3 /Applications/XAMPP/xamppfiles/htdocs/pos_beta/system/CodeIgniter.php(398): CodeIgniter\CodeIgniter->runController(Object(App\Controllers\Pembelian))
#4 /Applications/XAMPP/xamppfiles/htdocs/pos_beta/system/CodeIgniter.php(306): CodeIgniter\CodeIgniter->handleRequest(NULL, Object(Config\Cache), false)
#5 /Applications/XAMPP/xamppfiles/htdocs/pos_beta/index.php(45): CodeIgniter\CodeIgniter->run()
#6 {main}
CRITICAL - 2020-05-18 04:32:15 --> Argument 2 passed to CodeIgniter\Database\BaseBuilder::orLike() must be of the type string, null given, called in /Applications/XAMPP/xamppfiles/htdocs/pos_beta/app/Models/Pos_model.php on line 53
#0 /Applications/XAMPP/xamppfiles/htdocs/pos_beta/app/Models/Pos_model.php(53): CodeIgniter\Database\BaseBuilder->orLike('nama_produk', NULL)
#1 /Applications/XAMPP/xamppfiles/htdocs/pos_beta/app/Controllers/Pembelian.php(98): App\Models\Pos_model->getDataProdukSearch(NULL)
#2 /Applications/XAMPP/xamppfiles/htdocs/pos_beta/system/CodeIgniter.php(910): App\Controllers\Pembelian->getProdukSelect()
#3 /Applications/XAMPP/xamppfiles/htdocs/pos_beta/system/CodeIgniter.php(398): CodeIgniter\CodeIgniter->runController(Object(App\Controllers\Pembelian))
#4 /Applications/XAMPP/xamppfiles/htdocs/pos_beta/system/CodeIgniter.php(306): CodeIgniter\CodeIgniter->handleRequest(NULL, Object(Config\Cache), false)
#5 /Applications/XAMPP/xamppfiles/htdocs/pos_beta/index.php(45): CodeIgniter\CodeIgniter->run()
#6 {main}
CRITICAL - 2020-05-18 04:32:23 --> Argument 2 passed to CodeIgniter\Database\BaseBuilder::orLike() must be of the type string, null given, called in /Applications/XAMPP/xamppfiles/htdocs/pos_beta/app/Models/Pos_model.php on line 53
#0 /Applications/XAMPP/xamppfiles/htdocs/pos_beta/app/Models/Pos_model.php(53): CodeIgniter\Database\BaseBuilder->orLike('nama_produk', NULL)
#1 /Applications/XAMPP/xamppfiles/htdocs/pos_beta/app/Controllers/Pembelian.php(98): App\Models\Pos_model->getDataProdukSearch(NULL)
#2 /Applications/XAMPP/xamppfiles/htdocs/pos_beta/system/CodeIgniter.php(910): App\Controllers\Pembelian->getProdukSelect()
#3 /Applications/XAMPP/xamppfiles/htdocs/pos_beta/system/CodeIgniter.php(398): CodeIgniter\CodeIgniter->runController(Object(App\Controllers\Pembelian))
#4 /Applications/XAMPP/xamppfiles/htdocs/pos_beta/system/CodeIgniter.php(306): CodeIgniter\CodeIgniter->handleRequest(NULL, Object(Config\Cache), false)
#5 /Applications/XAMPP/xamppfiles/htdocs/pos_beta/index.php(45): CodeIgniter\CodeIgniter->run()
#6 {main}
CRITICAL - 2020-05-18 04:34:07 --> Argument 2 passed to CodeIgniter\Database\BaseBuilder::orLike() must be of the type string, null given, called in /Applications/XAMPP/xamppfiles/htdocs/pos_beta/app/Models/Pos_model.php on line 53
#0 /Applications/XAMPP/xamppfiles/htdocs/pos_beta/app/Models/Pos_model.php(53): CodeIgniter\Database\BaseBuilder->orLike('nama_produk', NULL)
#1 /Applications/XAMPP/xamppfiles/htdocs/pos_beta/app/Controllers/Pembelian.php(98): App\Models\Pos_model->getDataProdukSearch(NULL)
#2 /Applications/XAMPP/xamppfiles/htdocs/pos_beta/system/CodeIgniter.php(910): App\Controllers\Pembelian->getProdukSelect()
#3 /Applications/XAMPP/xamppfiles/htdocs/pos_beta/system/CodeIgniter.php(398): CodeIgniter\CodeIgniter->runController(Object(App\Controllers\Pembelian))
#4 /Applications/XAMPP/xamppfiles/htdocs/pos_beta/system/CodeIgniter.php(306): CodeIgniter\CodeIgniter->handleRequest(NULL, Object(Config\Cache), false)
#5 /Applications/XAMPP/xamppfiles/htdocs/pos_beta/index.php(45): CodeIgniter\CodeIgniter->run()
#6 {main}
CRITICAL - 2020-05-18 04:35:08 --> Argument 2 passed to CodeIgniter\Database\BaseBuilder::orLike() must be of the type string, null given, called in /Applications/XAMPP/xamppfiles/htdocs/pos_beta/app/Models/Pos_model.php on line 53
#0 /Applications/XAMPP/xamppfiles/htdocs/pos_beta/app/Models/Pos_model.php(53): CodeIgniter\Database\BaseBuilder->orLike('nama_produk', NULL)
#1 /Applications/XAMPP/xamppfiles/htdocs/pos_beta/app/Controllers/Pembelian.php(98): App\Models\Pos_model->getDataProdukSearch(NULL)
#2 /Applications/XAMPP/xamppfiles/htdocs/pos_beta/system/CodeIgniter.php(910): App\Controllers\Pembelian->getProdukSelect()
#3 /Applications/XAMPP/xamppfiles/htdocs/pos_beta/system/CodeIgniter.php(398): CodeIgniter\CodeIgniter->runController(Object(App\Controllers\Pembelian))
#4 /Applications/XAMPP/xamppfiles/htdocs/pos_beta/system/CodeIgniter.php(306): CodeIgniter\CodeIgniter->handleRequest(NULL, Object(Config\Cache), false)
#5 /Applications/XAMPP/xamppfiles/htdocs/pos_beta/index.php(45): CodeIgniter\CodeIgniter->run()
#6 {main}
CRITICAL - 2020-05-18 04:35:18 --> Argument 2 passed to CodeIgniter\Database\BaseBuilder::orLike() must be of the type string, null given, called in /Applications/XAMPP/xamppfiles/htdocs/pos_beta/app/Models/Pos_model.php on line 53
#0 /Applications/XAMPP/xamppfiles/htdocs/pos_beta/app/Models/Pos_model.php(53): CodeIgniter\Database\BaseBuilder->orLike('nama_produk', NULL)
#1 /Applications/XAMPP/xamppfiles/htdocs/pos_beta/app/Controllers/Pembelian.php(98): App\Models\Pos_model->getDataProdukSearch(NULL)
#2 /Applications/XAMPP/xamppfiles/htdocs/pos_beta/system/CodeIgniter.php(910): App\Controllers\Pembelian->getProdukSelect()
#3 /Applications/XAMPP/xamppfiles/htdocs/pos_beta/system/CodeIgniter.php(398): CodeIgniter\CodeIgniter->runController(Object(App\Controllers\Pembelian))
#4 /Applications/XAMPP/xamppfiles/htdocs/pos_beta/system/CodeIgniter.php(306): CodeIgniter\CodeIgniter->handleRequest(NULL, Object(Config\Cache), false)
#5 /Applications/XAMPP/xamppfiles/htdocs/pos_beta/index.php(45): CodeIgniter\CodeIgniter->run()
#6 {main}
CRITICAL - 2020-05-18 05:34:59 --> Argument 2 passed to CodeIgniter\Database\BaseBuilder::orLike() must be of the type string, null given, called in /Applications/XAMPP/xamppfiles/htdocs/pos_beta/app/Models/Pos_model.php on line 53
#0 /Applications/XAMPP/xamppfiles/htdocs/pos_beta/app/Models/Pos_model.php(53): CodeIgniter\Database\BaseBuilder->orLike('nama_produk', NULL)
#1 /Applications/XAMPP/xamppfiles/htdocs/pos_beta/app/Controllers/Pembelian.php(98): App\Models\Pos_model->getDataProdukSearch(NULL)
#2 /Applications/XAMPP/xamppfiles/htdocs/pos_beta/system/CodeIgniter.php(910): App\Controllers\Pembelian->getProdukSelect()
#3 /Applications/XAMPP/xamppfiles/htdocs/pos_beta/system/CodeIgniter.php(398): CodeIgniter\CodeIgniter->runController(Object(App\Controllers\Pembelian))
#4 /Applications/XAMPP/xamppfiles/htdocs/pos_beta/system/CodeIgniter.php(306): CodeIgniter\CodeIgniter->handleRequest(NULL, Object(Config\Cache), false)
#5 /Applications/XAMPP/xamppfiles/htdocs/pos_beta/index.php(45): CodeIgniter\CodeIgniter->run()
#6 {main}
CRITICAL - 2020-05-18 05:35:00 --> Argument 2 passed to CodeIgniter\Database\BaseBuilder::orLike() must be of the type string, null given, called in /Applications/XAMPP/xamppfiles/htdocs/pos_beta/app/Models/Pos_model.php on line 53
#0 /Applications/XAMPP/xamppfiles/htdocs/pos_beta/app/Models/Pos_model.php(53): CodeIgniter\Database\BaseBuilder->orLike('nama_produk', NULL)
#1 /Applications/XAMPP/xamppfiles/htdocs/pos_beta/app/Controllers/Pembelian.php(98): App\Models\Pos_model->getDataProdukSearch(NULL)
#2 /Applications/XAMPP/xamppfiles/htdocs/pos_beta/system/CodeIgniter.php(910): App\Controllers\Pembelian->getProdukSelect()
#3 /Applications/XAMPP/xamppfiles/htdocs/pos_beta/system/CodeIgniter.php(398): CodeIgniter\CodeIgniter->runController(Object(App\Controllers\Pembelian))
#4 /Applications/XAMPP/xamppfiles/htdocs/pos_beta/system/CodeIgniter.php(306): CodeIgniter\CodeIgniter->handleRequest(NULL, Object(Config\Cache), false)
#5 /Applications/XAMPP/xamppfiles/htdocs/pos_beta/index.php(45): CodeIgniter\CodeIgniter->run()
#6 {main}
CRITICAL - 2020-05-18 06:18:37 --> Argument 2 passed to CodeIgniter\Database\BaseBuilder::orLike() must be of the type string, null given, called in /Applications/XAMPP/xamppfiles/htdocs/pos_beta/app/Models/Pos_model.php on line 53
#0 /Applications/XAMPP/xamppfiles/htdocs/pos_beta/app/Models/Pos_model.php(53): CodeIgniter\Database\BaseBuilder->orLike('nama_produk', NULL)
#1 /Applications/XAMPP/xamppfiles/htdocs/pos_beta/app/Controllers/Pembelian.php(98): App\Models\Pos_model->getDataProdukSearch(NULL)
#2 /Applications/XAMPP/xamppfiles/htdocs/pos_beta/system/CodeIgniter.php(910): App\Controllers\Pembelian->getProdukSelect()
#3 /Applications/XAMPP/xamppfiles/htdocs/pos_beta/system/CodeIgniter.php(398): CodeIgniter\CodeIgniter->runController(Object(App\Controllers\Pembelian))
#4 /Applications/XAMPP/xamppfiles/htdocs/pos_beta/system/CodeIgniter.php(306): CodeIgniter\CodeIgniter->handleRequest(NULL, Object(Config\Cache), false)
#5 /Applications/XAMPP/xamppfiles/htdocs/pos_beta/index.php(45): CodeIgniter\CodeIgniter->run()
#6 {main}
CRITICAL - 2020-05-18 08:31:04 --> Argument 2 passed to CodeIgniter\Database\BaseBuilder::orLike() must be of the type string, null given, called in /Applications/XAMPP/xamppfiles/htdocs/pos_beta/app/Models/Pos_model.php on line 53
#0 /Applications/XAMPP/xamppfiles/htdocs/pos_beta/app/Models/Pos_model.php(53): CodeIgniter\Database\BaseBuilder->orLike('nama_produk', NULL)
#1 /Applications/XAMPP/xamppfiles/htdocs/pos_beta/app/Controllers/Pembelian.php(98): App\Models\Pos_model->getDataProdukSearch(NULL)
#2 /Applications/XAMPP/xamppfiles/htdocs/pos_beta/system/CodeIgniter.php(910): App\Controllers\Pembelian->getProdukSelect()
#3 /Applications/XAMPP/xamppfiles/htdocs/pos_beta/system/CodeIgniter.php(398): CodeIgniter\CodeIgniter->runController(Object(App\Controllers\Pembelian))
#4 /Applications/XAMPP/xamppfiles/htdocs/pos_beta/system/CodeIgniter.php(306): CodeIgniter\CodeIgniter->handleRequest(NULL, Object(Config\Cache), false)
#5 /Applications/XAMPP/xamppfiles/htdocs/pos_beta/index.php(45): CodeIgniter\CodeIgniter->run()
#6 {main}
CRITICAL - 2020-05-18 08:31:23 --> Argument 2 passed to CodeIgniter\Database\BaseBuilder::orLike() must be of the type string, null given, called in /Applications/XAMPP/xamppfiles/htdocs/pos_beta/app/Models/Pos_model.php on line 53
#0 /Applications/XAMPP/xamppfiles/htdocs/pos_beta/app/Models/Pos_model.php(53): CodeIgniter\Database\BaseBuilder->orLike('nama_produk', NULL)
#1 /Applications/XAMPP/xamppfiles/htdocs/pos_beta/app/Controllers/Pembelian.php(98): App\Models\Pos_model->getDataProdukSearch(NULL)
#2 /Applications/XAMPP/xamppfiles/htdocs/pos_beta/system/CodeIgniter.php(910): App\Controllers\Pembelian->getProdukSelect()
#3 /Applications/XAMPP/xamppfiles/htdocs/pos_beta/system/CodeIgniter.php(398): CodeIgniter\CodeIgniter->runController(Object(App\Controllers\Pembelian))
#4 /Applications/XAMPP/xamppfiles/htdocs/pos_beta/system/CodeIgniter.php(306): CodeIgniter\CodeIgniter->handleRequest(NULL, Object(Config\Cache), false)
#5 /Applications/XAMPP/xamppfiles/htdocs/pos_beta/index.php(45): CodeIgniter\CodeIgniter->run()
#6 {main}
CRITICAL - 2020-05-18 09:18:32 --> Argument 2 passed to CodeIgniter\Database\BaseBuilder::orLike() must be of the type string, null given, called in /Applications/XAMPP/xamppfiles/htdocs/pos_beta/app/Models/Pos_model.php on line 53
#0 /Applications/XAMPP/xamppfiles/htdocs/pos_beta/app/Models/Pos_model.php(53): CodeIgniter\Database\BaseBuilder->orLike('nama_produk', NULL)
#1 /Applications/XAMPP/xamppfiles/htdocs/pos_beta/app/Controllers/Pembelian.php(98): App\Models\Pos_model->getDataProdukSearch(NULL)
#2 /Applications/XAMPP/xamppfiles/htdocs/pos_beta/system/CodeIgniter.php(910): App\Controllers\Pembelian->getProdukSelect()
#3 /Applications/XAMPP/xamppfiles/htdocs/pos_beta/system/CodeIgniter.php(398): CodeIgniter\CodeIgniter->runController(Object(App\Controllers\Pembelian))
#4 /Applications/XAMPP/xamppfiles/htdocs/pos_beta/system/CodeIgniter.php(306): CodeIgniter\CodeIgniter->handleRequest(NULL, Object(Config\Cache), false)
#5 /Applications/XAMPP/xamppfiles/htdocs/pos_beta/index.php(45): CodeIgniter\CodeIgniter->run()
#6 {main}
CRITICAL - 2020-05-18 09:20:48 --> Argument 2 passed to CodeIgniter\Database\BaseBuilder::orLike() must be of the type string, null given, called in /Applications/XAMPP/xamppfiles/htdocs/pos_beta/app/Models/Pos_model.php on line 53
#0 /Applications/XAMPP/xamppfiles/htdocs/pos_beta/app/Models/Pos_model.php(53): CodeIgniter\Database\BaseBuilder->orLike('nama_produk', NULL)
#1 /Applications/XAMPP/xamppfiles/htdocs/pos_beta/app/Controllers/Pembelian.php(98): App\Models\Pos_model->getDataProdukSearch(NULL)
#2 /Applications/XAMPP/xamppfiles/htdocs/pos_beta/system/CodeIgniter.php(910): App\Controllers\Pembelian->getProdukSelect()
#3 /Applications/XAMPP/xamppfiles/htdocs/pos_beta/system/CodeIgniter.php(398): CodeIgniter\CodeIgniter->runController(Object(App\Controllers\Pembelian))
#4 /Applications/XAMPP/xamppfiles/htdocs/pos_beta/system/CodeIgniter.php(306): CodeIgniter\CodeIgniter->handleRequest(NULL, Object(Config\Cache), false)
#5 /Applications/XAMPP/xamppfiles/htdocs/pos_beta/index.php(45): CodeIgniter\CodeIgniter->run()
#6 {main}
CRITICAL - 2020-05-18 09:25:31 --> Argument 2 passed to CodeIgniter\Database\BaseBuilder::orLike() must be of the type string, null given, called in /Applications/XAMPP/xamppfiles/htdocs/pos_beta/app/Models/Pos_model.php on line 53
#0 /Applications/XAMPP/xamppfiles/htdocs/pos_beta/app/Models/Pos_model.php(53): CodeIgniter\Database\BaseBuilder->orLike('nama_produk', NULL)
#1 /Applications/XAMPP/xamppfiles/htdocs/pos_beta/app/Controllers/Pembelian.php(98): App\Models\Pos_model->getDataProdukSearch(NULL)
#2 /Applications/XAMPP/xamppfiles/htdocs/pos_beta/system/CodeIgniter.php(910): App\Controllers\Pembelian->getProdukSelect()
#3 /Applications/XAMPP/xamppfiles/htdocs/pos_beta/system/CodeIgniter.php(398): CodeIgniter\CodeIgniter->runController(Object(App\Controllers\Pembelian))
#4 /Applications/XAMPP/xamppfiles/htdocs/pos_beta/system/CodeIgniter.php(306): CodeIgniter\CodeIgniter->handleRequest(NULL, Object(Config\Cache), false)
#5 /Applications/XAMPP/xamppfiles/htdocs/pos_beta/index.php(45): CodeIgniter\CodeIgniter->run()
#6 {main}
CRITICAL - 2020-05-18 09:25:58 --> Argument 2 passed to CodeIgniter\Database\BaseBuilder::orLike() must be of the type string, null given, called in /Applications/XAMPP/xamppfiles/htdocs/pos_beta/app/Models/Pos_model.php on line 53
#0 /Applications/XAMPP/xamppfiles/htdocs/pos_beta/app/Models/Pos_model.php(53): CodeIgniter\Database\BaseBuilder->orLike('nama_produk', NULL)
#1 /Applications/XAMPP/xamppfiles/htdocs/pos_beta/app/Controllers/Pembelian.php(98): App\Models\Pos_model->getDataProdukSearch(NULL)
#2 /Applications/XAMPP/xamppfiles/htdocs/pos_beta/system/CodeIgniter.php(910): App\Controllers\Pembelian->getProdukSelect()
#3 /Applications/XAMPP/xamppfiles/htdocs/pos_beta/system/CodeIgniter.php(398): CodeIgniter\CodeIgniter->runController(Object(App\Controllers\Pembelian))
#4 /Applications/XAMPP/xamppfiles/htdocs/pos_beta/system/CodeIgniter.php(306): CodeIgniter\CodeIgniter->handleRequest(NULL, Object(Config\Cache), false)
#5 /Applications/XAMPP/xamppfiles/htdocs/pos_beta/index.php(45): CodeIgniter\CodeIgniter->run()
#6 {main}
CRITICAL - 2020-05-18 11:33:43 --> Argument 2 passed to CodeIgniter\Database\BaseBuilder::orLike() must be of the type string, null given, called in /Applications/XAMPP/xamppfiles/htdocs/pos_beta/app/Models/Pos_model.php on line 53
#0 /Applications/XAMPP/xamppfiles/htdocs/pos_beta/app/Models/Pos_model.php(53): CodeIgniter\Database\BaseBuilder->orLike('nama_produk', NULL)
#1 /Applications/XAMPP/xamppfiles/htdocs/pos_beta/app/Controllers/Pembelian.php(98): App\Models\Pos_model->getDataProdukSearch(NULL)
#2 /Applications/XAMPP/xamppfiles/htdocs/pos_beta/system/CodeIgniter.php(910): App\Controllers\Pembelian->getProdukSelect()
#3 /Applications/XAMPP/xamppfiles/htdocs/pos_beta/system/CodeIgniter.php(398): CodeIgniter\CodeIgniter->runController(Object(App\Controllers\Pembelian))
#4 /Applications/XAMPP/xamppfiles/htdocs/pos_beta/system/CodeIgniter.php(306): CodeIgniter\CodeIgniter->handleRequest(NULL, Object(Config\Cache), false)
#5 /Applications/XAMPP/xamppfiles/htdocs/pos_beta/index.php(45): CodeIgniter\CodeIgniter->run()
#6 {main}
CRITICAL - 2020-05-18 11:33:59 --> Argument 2 passed to CodeIgniter\Database\BaseBuilder::orLike() must be of the type string, null given, called in /Applications/XAMPP/xamppfiles/htdocs/pos_beta/app/Models/Pos_model.php on line 53
#0 /Applications/XAMPP/xamppfiles/htdocs/pos_beta/app/Models/Pos_model.php(53): CodeIgniter\Database\BaseBuilder->orLike('nama_produk', NULL)
#1 /Applications/XAMPP/xamppfiles/htdocs/pos_beta/app/Controllers/Pembelian.php(98): App\Models\Pos_model->getDataProdukSearch(NULL)
#2 /Applications/XAMPP/xamppfiles/htdocs/pos_beta/system/CodeIgniter.php(910): App\Controllers\Pembelian->getProdukSelect()
#3 /Applications/XAMPP/xamppfiles/htdocs/pos_beta/system/CodeIgniter.php(398): CodeIgniter\CodeIgniter->runController(Object(App\Controllers\Pembelian))
#4 /Applications/XAMPP/xamppfiles/htdocs/pos_beta/system/CodeIgniter.php(306): CodeIgniter\CodeIgniter->handleRequest(NULL, Object(Config\Cache), false)
#5 /Applications/XAMPP/xamppfiles/htdocs/pos_beta/index.php(45): CodeIgniter\CodeIgniter->run()
#6 {main}
CRITICAL - 2020-05-18 11:34:10 --> Argument 2 passed to CodeIgniter\Database\BaseBuilder::orLike() must be of the type string, null given, called in /Applications/XAMPP/xamppfiles/htdocs/pos_beta/app/Models/Pos_model.php on line 53
#0 /Applications/XAMPP/xamppfiles/htdocs/pos_beta/app/Models/Pos_model.php(53): CodeIgniter\Database\BaseBuilder->orLike('nama_produk', NULL)
#1 /Applications/XAMPP/xamppfiles/htdocs/pos_beta/app/Controllers/Pembelian.php(98): App\Models\Pos_model->getDataProdukSearch(NULL)
#2 /Applications/XAMPP/xamppfiles/htdocs/pos_beta/system/CodeIgniter.php(910): App\Controllers\Pembelian->getProdukSelect()
#3 /Applications/XAMPP/xamppfiles/htdocs/pos_beta/system/CodeIgniter.php(398): CodeIgniter\CodeIgniter->runController(Object(App\Controllers\Pembelian))
#4 /Applications/XAMPP/xamppfiles/htdocs/pos_beta/system/CodeIgniter.php(306): CodeIgniter\CodeIgniter->handleRequest(NULL, Object(Config\Cache), false)
#5 /Applications/XAMPP/xamppfiles/htdocs/pos_beta/index.php(45): CodeIgniter\CodeIgniter->run()
#6 {main}
CRITICAL - 2020-05-18 11:34:15 --> Argument 2 passed to CodeIgniter\Database\BaseBuilder::orLike() must be of the type string, null given, called in /Applications/XAMPP/xamppfiles/htdocs/pos_beta/app/Models/Pos_model.php on line 53
#0 /Applications/XAMPP/xamppfiles/htdocs/pos_beta/app/Models/Pos_model.php(53): CodeIgniter\Database\BaseBuilder->orLike('nama_produk', NULL)
#1 /Applications/XAMPP/xamppfiles/htdocs/pos_beta/app/Controllers/Pembelian.php(98): App\Models\Pos_model->getDataProdukSearch(NULL)
#2 /Applications/XAMPP/xamppfiles/htdocs/pos_beta/system/CodeIgniter.php(910): App\Controllers\Pembelian->getProdukSelect()
#3 /Applications/XAMPP/xamppfiles/htdocs/pos_beta/system/CodeIgniter.php(398): CodeIgniter\CodeIgniter->runController(Object(App\Controllers\Pembelian))
#4 /Applications/XAMPP/xamppfiles/htdocs/pos_beta/system/CodeIgniter.php(306): CodeIgniter\CodeIgniter->handleRequest(NULL, Object(Config\Cache), false)
#5 /Applications/XAMPP/xamppfiles/htdocs/pos_beta/index.php(45): CodeIgniter\CodeIgniter->run()
#6 {main}
CRITICAL - 2020-05-18 11:34:45 --> Argument 2 passed to CodeIgniter\Database\BaseBuilder::orLike() must be of the type string, null given, called in /Applications/XAMPP/xamppfiles/htdocs/pos_beta/app/Models/Pos_model.php on line 53
#0 /Applications/XAMPP/xamppfiles/htdocs/pos_beta/app/Models/Pos_model.php(53): CodeIgniter\Database\BaseBuilder->orLike('nama_produk', NULL)
#1 /Applications/XAMPP/xamppfiles/htdocs/pos_beta/app/Controllers/Pembelian.php(98): App\Models\Pos_model->getDataProdukSearch(NULL)
#2 /Applications/XAMPP/xamppfiles/htdocs/pos_beta/system/CodeIgniter.php(910): App\Controllers\Pembelian->getProdukSelect()
#3 /Applications/XAMPP/xamppfiles/htdocs/pos_beta/system/CodeIgniter.php(398): CodeIgniter\CodeIgniter->runController(Object(App\Controllers\Pembelian))
#4 /Applications/XAMPP/xamppfiles/htdocs/pos_beta/system/CodeIgniter.php(306): CodeIgniter\CodeIgniter->handleRequest(NULL, Object(Config\Cache), false)
#5 /Applications/XAMPP/xamppfiles/htdocs/pos_beta/index.php(45): CodeIgniter\CodeIgniter->run()
#6 {main}
CRITICAL - 2020-05-18 11:38:48 --> Argument 2 passed to CodeIgniter\Database\BaseBuilder::orLike() must be of the type string, null given, called in /Applications/XAMPP/xamppfiles/htdocs/pos_beta/app/Models/Pos_model.php on line 53
#0 /Applications/XAMPP/xamppfiles/htdocs/pos_beta/app/Models/Pos_model.php(53): CodeIgniter\Database\BaseBuilder->orLike('nama_produk', NULL)
#1 /Applications/XAMPP/xamppfiles/htdocs/pos_beta/app/Controllers/Pembelian.php(98): App\Models\Pos_model->getDataProdukSearch(NULL)
#2 /Applications/XAMPP/xamppfiles/htdocs/pos_beta/system/CodeIgniter.php(910): App\Controllers\Pembelian->getProdukSelect()
#3 /Applications/XAMPP/xamppfiles/htdocs/pos_beta/system/CodeIgniter.php(398): CodeIgniter\CodeIgniter->runController(Object(App\Controllers\Pembelian))
#4 /Applications/XAMPP/xamppfiles/htdocs/pos_beta/system/CodeIgniter.php(306): CodeIgniter\CodeIgniter->handleRequest(NULL, Object(Config\Cache), false)
#5 /Applications/XAMPP/xamppfiles/htdocs/pos_beta/index.php(45): CodeIgniter\CodeIgniter->run()
#6 {main}
CRITICAL - 2020-05-18 11:39:36 --> Argument 2 passed to CodeIgniter\Database\BaseBuilder::orLike() must be of the type string, null given, called in /Applications/XAMPP/xamppfiles/htdocs/pos_beta/app/Models/Pos_model.php on line 53
#0 /Applications/XAMPP/xamppfiles/htdocs/pos_beta/app/Models/Pos_model.php(53): CodeIgniter\Database\BaseBuilder->orLike('nama_produk', NULL)
#1 /Applications/XAMPP/xamppfiles/htdocs/pos_beta/app/Controllers/Pembelian.php(98): App\Models\Pos_model->getDataProdukSearch(NULL)
#2 /Applications/XAMPP/xamppfiles/htdocs/pos_beta/system/CodeIgniter.php(910): App\Controllers\Pembelian->getProdukSelect()
#3 /Applications/XAMPP/xamppfiles/htdocs/pos_beta/system/CodeIgniter.php(398): CodeIgniter\CodeIgniter->runController(Object(App\Controllers\Pembelian))
#4 /Applications/XAMPP/xamppfiles/htdocs/pos_beta/system/CodeIgniter.php(306): CodeIgniter\CodeIgniter->handleRequest(NULL, Object(Config\Cache), false)
#5 /Applications/XAMPP/xamppfiles/htdocs/pos_beta/index.php(45): CodeIgniter\CodeIgniter->run()
#6 {main}
CRITICAL - 2020-05-18 11:39:39 --> Argument 2 passed to CodeIgniter\Database\BaseBuilder::orLike() must be of the type string, null given, called in /Applications/XAMPP/xamppfiles/htdocs/pos_beta/app/Models/Pos_model.php on line 53
#0 /Applications/XAMPP/xamppfiles/htdocs/pos_beta/app/Models/Pos_model.php(53): CodeIgniter\Database\BaseBuilder->orLike('nama_produk', NULL)
#1 /Applications/XAMPP/xamppfiles/htdocs/pos_beta/app/Controllers/Pembelian.php(98): App\Models\Pos_model->getDataProdukSearch(NULL)
#2 /Applications/XAMPP/xamppfiles/htdocs/pos_beta/system/CodeIgniter.php(910): App\Controllers\Pembelian->getProdukSelect()
#3 /Applications/XAMPP/xamppfiles/htdocs/pos_beta/system/CodeIgniter.php(398): CodeIgniter\CodeIgniter->runController(Object(App\Controllers\Pembelian))
#4 /Applications/XAMPP/xamppfiles/htdocs/pos_beta/system/CodeIgniter.php(306): CodeIgniter\CodeIgniter->handleRequest(NULL, Object(Config\Cache), false)
#5 /Applications/XAMPP/xamppfiles/htdocs/pos_beta/index.php(45): CodeIgniter\CodeIgniter->run()
#6 {main}
CRITICAL - 2020-05-18 11:39:56 --> Argument 2 passed to CodeIgniter\Database\BaseBuilder::orLike() must be of the type string, null given, called in /Applications/XAMPP/xamppfiles/htdocs/pos_beta/app/Models/Pos_model.php on line 53
#0 /Applications/XAMPP/xamppfiles/htdocs/pos_beta/app/Models/Pos_model.php(53): CodeIgniter\Database\BaseBuilder->orLike('nama_produk', NULL)
#1 /Applications/XAMPP/xamppfiles/htdocs/pos_beta/app/Controllers/Pembelian.php(98): App\Models\Pos_model->getDataProdukSearch(NULL)
#2 /Applications/XAMPP/xamppfiles/htdocs/pos_beta/system/CodeIgniter.php(910): App\Controllers\Pembelian->getProdukSelect()
#3 /Applications/XAMPP/xamppfiles/htdocs/pos_beta/system/CodeIgniter.php(398): CodeIgniter\CodeIgniter->runController(Object(App\Controllers\Pembelian))
#4 /Applications/XAMPP/xamppfiles/htdocs/pos_beta/system/CodeIgniter.php(306): CodeIgniter\CodeIgniter->handleRequest(NULL, Object(Config\Cache), false)
#5 /Applications/XAMPP/xamppfiles/htdocs/pos_beta/index.php(45): CodeIgniter\CodeIgniter->run()
#6 {main}
CRITICAL - 2020-05-18 11:40:43 --> Argument 2 passed to CodeIgniter\Database\BaseBuilder::orLike() must be of the type string, null given, called in /Applications/XAMPP/xamppfiles/htdocs/pos_beta/app/Models/Pos_model.php on line 53
#0 /Applications/XAMPP/xamppfiles/htdocs/pos_beta/app/Models/Pos_model.php(53): CodeIgniter\Database\BaseBuilder->orLike('nama_produk', NULL)
#1 /Applications/XAMPP/xamppfiles/htdocs/pos_beta/app/Controllers/Pembelian.php(98): App\Models\Pos_model->getDataProdukSearch(NULL)
#2 /Applications/XAMPP/xamppfiles/htdocs/pos_beta/system/CodeIgniter.php(910): App\Controllers\Pembelian->getProdukSelect()
#3 /Applications/XAMPP/xamppfiles/htdocs/pos_beta/system/CodeIgniter.php(398): CodeIgniter\CodeIgniter->runController(Object(App\Controllers\Pembelian))
#4 /Applications/XAMPP/xamppfiles/htdocs/pos_beta/system/CodeIgniter.php(306): CodeIgniter\CodeIgniter->handleRequest(NULL, Object(Config\Cache), false)
#5 /Applications/XAMPP/xamppfiles/htdocs/pos_beta/index.php(45): CodeIgniter\CodeIgniter->run()
#6 {main}
CRITICAL - 2020-05-18 11:40:46 --> Argument 2 passed to CodeIgniter\Database\BaseBuilder::orLike() must be of the type string, null given, called in /Applications/XAMPP/xamppfiles/htdocs/pos_beta/app/Models/Pos_model.php on line 53
#0 /Applications/XAMPP/xamppfiles/htdocs/pos_beta/app/Models/Pos_model.php(53): CodeIgniter\Database\BaseBuilder->orLike('nama_produk', NULL)
#1 /Applications/XAMPP/xamppfiles/htdocs/pos_beta/app/Controllers/Pembelian.php(98): App\Models\Pos_model->getDataProdukSearch(NULL)
#2 /Applications/XAMPP/xamppfiles/htdocs/pos_beta/system/CodeIgniter.php(910): App\Controllers\Pembelian->getProdukSelect()
#3 /Applications/XAMPP/xamppfiles/htdocs/pos_beta/system/CodeIgniter.php(398): CodeIgniter\CodeIgniter->runController(Object(App\Controllers\Pembelian))
#4 /Applications/XAMPP/xamppfiles/htdocs/pos_beta/system/CodeIgniter.php(306): CodeIgniter\CodeIgniter->handleRequest(NULL, Object(Config\Cache), false)
#5 /Applications/XAMPP/xamppfiles/htdocs/pos_beta/index.php(45): CodeIgniter\CodeIgniter->run()
#6 {main}
CRITICAL - 2020-05-18 11:41:44 --> Argument 2 passed to CodeIgniter\Database\BaseBuilder::orLike() must be of the type string, null given, called in /Applications/XAMPP/xamppfiles/htdocs/pos_beta/app/Models/Pos_model.php on line 53
#0 /Applications/XAMPP/xamppfiles/htdocs/pos_beta/app/Models/Pos_model.php(53): CodeIgniter\Database\BaseBuilder->orLike('nama_produk', NULL)
#1 /Applications/XAMPP/xamppfiles/htdocs/pos_beta/app/Controllers/Pembelian.php(98): App\Models\Pos_model->getDataProdukSearch(NULL)
#2 /Applications/XAMPP/xamppfiles/htdocs/pos_beta/system/CodeIgniter.php(910): App\Controllers\Pembelian->getProdukSelect()
#3 /Applications/XAMPP/xamppfiles/htdocs/pos_beta/system/CodeIgniter.php(398): CodeIgniter\CodeIgniter->runController(Object(App\Controllers\Pembelian))
#4 /Applications/XAMPP/xamppfiles/htdocs/pos_beta/system/CodeIgniter.php(306): CodeIgniter\CodeIgniter->handleRequest(NULL, Object(Config\Cache), false)
#5 /Applications/XAMPP/xamppfiles/htdocs/pos_beta/index.php(45): CodeIgniter\CodeIgniter->run()
#6 {main}
CRITICAL - 2020-05-18 11:42:32 --> Argument 2 passed to CodeIgniter\Database\BaseBuilder::orLike() must be of the type string, null given, called in /Applications/XAMPP/xamppfiles/htdocs/pos_beta/app/Models/Pos_model.php on line 53
#0 /Applications/XAMPP/xamppfiles/htdocs/pos_beta/app/Models/Pos_model.php(53): CodeIgniter\Database\BaseBuilder->orLike('nama_produk', NULL)
#1 /Applications/XAMPP/xamppfiles/htdocs/pos_beta/app/Controllers/Pembelian.php(98): App\Models\Pos_model->getDataProdukSearch(NULL)
#2 /Applications/XAMPP/xamppfiles/htdocs/pos_beta/system/CodeIgniter.php(910): App\Controllers\Pembelian->getProdukSelect()
#3 /Applications/XAMPP/xamppfiles/htdocs/pos_beta/system/CodeIgniter.php(398): CodeIgniter\CodeIgniter->runController(Object(App\Controllers\Pembelian))
#4 /Applications/XAMPP/xamppfiles/htdocs/pos_beta/system/CodeIgniter.php(306): CodeIgniter\CodeIgniter->handleRequest(NULL, Object(Config\Cache), false)
#5 /Applications/XAMPP/xamppfiles/htdocs/pos_beta/index.php(45): CodeIgniter\CodeIgniter->run()
#6 {main}
CRITICAL - 2020-05-18 11:44:36 --> Argument 2 passed to CodeIgniter\Database\BaseBuilder::orLike() must be of the type string, null given, called in /Applications/XAMPP/xamppfiles/htdocs/pos_beta/app/Models/Pos_model.php on line 53
#0 /Applications/XAMPP/xamppfiles/htdocs/pos_beta/app/Models/Pos_model.php(53): CodeIgniter\Database\BaseBuilder->orLike('nama_produk', NULL)
#1 /Applications/XAMPP/xamppfiles/htdocs/pos_beta/app/Controllers/Pembelian.php(98): App\Models\Pos_model->getDataProdukSearch(NULL)
#2 /Applications/XAMPP/xamppfiles/htdocs/pos_beta/system/CodeIgniter.php(910): App\Controllers\Pembelian->getProdukSelect()
#3 /Applications/XAMPP/xamppfiles/htdocs/pos_beta/system/CodeIgniter.php(398): CodeIgniter\CodeIgniter->runController(Object(App\Controllers\Pembelian))
#4 /Applications/XAMPP/xamppfiles/htdocs/pos_beta/system/CodeIgniter.php(306): CodeIgniter\CodeIgniter->handleRequest(NULL, Object(Config\Cache), false)
#5 /Applications/XAMPP/xamppfiles/htdocs/pos_beta/index.php(45): CodeIgniter\CodeIgniter->run()
#6 {main}
CRITICAL - 2020-05-18 11:45:16 --> Argument 2 passed to CodeIgniter\Database\BaseBuilder::orLike() must be of the type string, null given, called in /Applications/XAMPP/xamppfiles/htdocs/pos_beta/app/Models/Pos_model.php on line 53
#0 /Applications/XAMPP/xamppfiles/htdocs/pos_beta/app/Models/Pos_model.php(53): CodeIgniter\Database\BaseBuilder->orLike('nama_produk', NULL)
#1 /Applications/XAMPP/xamppfiles/htdocs/pos_beta/app/Controllers/Pembelian.php(98): App\Models\Pos_model->getDataProdukSearch(NULL)
#2 /Applications/XAMPP/xamppfiles/htdocs/pos_beta/system/CodeIgniter.php(910): App\Controllers\Pembelian->getProdukSelect()
#3 /Applications/XAMPP/xamppfiles/htdocs/pos_beta/system/CodeIgniter.php(398): CodeIgniter\CodeIgniter->runController(Object(App\Controllers\Pembelian))
#4 /Applications/XAMPP/xamppfiles/htdocs/pos_beta/system/CodeIgniter.php(306): CodeIgniter\CodeIgniter->handleRequest(NULL, Object(Config\Cache), false)
#5 /Applications/XAMPP/xamppfiles/htdocs/pos_beta/index.php(45): CodeIgniter\CodeIgniter->run()
#6 {main}
CRITICAL - 2020-05-18 18:47:44 --> Argument 2 passed to CodeIgniter\Database\BaseBuilder::orLike() must be of the type string, null given, called in /Applications/XAMPP/xamppfiles/htdocs/pos_beta/app/Models/Pos_model.php on line 53
#0 /Applications/XAMPP/xamppfiles/htdocs/pos_beta/app/Models/Pos_model.php(53): CodeIgniter\Database\BaseBuilder->orLike('nama_produk', NULL)
#1 /Applications/XAMPP/xamppfiles/htdocs/pos_beta/app/Controllers/Pembelian.php(98): App\Models\Pos_model->getDataProdukSearch(NULL)
#2 /Applications/XAMPP/xamppfiles/htdocs/pos_beta/system/CodeIgniter.php(910): App\Controllers\Pembelian->getProdukSelect()
#3 /Applications/XAMPP/xamppfiles/htdocs/pos_beta/system/CodeIgniter.php(398): CodeIgniter\CodeIgniter->runController(Object(App\Controllers\Pembelian))
#4 /Applications/XAMPP/xamppfiles/htdocs/pos_beta/system/CodeIgniter.php(306): CodeIgniter\CodeIgniter->handleRequest(NULL, Object(Config\Cache), false)
#5 /Applications/XAMPP/xamppfiles/htdocs/pos_beta/index.php(45): CodeIgniter\CodeIgniter->run()
#6 {main}
CRITICAL - 2020-05-18 18:47:48 --> Table 'pos_umkm.trx_penjualan_temp' doesn't exist
#0 /Applications/XAMPP/xamppfiles/htdocs/pos_beta/system/Database/MySQLi/Connection.php(330): mysqli->query('INSERT INTO `tr...')
#1 /Applications/XAMPP/xamppfiles/htdocs/pos_beta/system/Database/BaseConnection.php(738): CodeIgniter\Database\MySQLi\Connection->execute('INSERT INTO `tr...')
#2 /Applications/XAMPP/xamppfiles/htdocs/pos_beta/system/Database/BaseConnection.php(666): CodeIgniter\Database\BaseConnection->simpleQuery('INSERT INTO `tr...')
#3 /Applications/XAMPP/xamppfiles/htdocs/pos_beta/system/Database/BaseBuilder.php(2206): CodeIgniter\Database\BaseConnection->query('INSERT INTO `tr...', Array, false)
#4 /Applications/XAMPP/xamppfiles/htdocs/pos_beta/app/Models/Pos_model.php(67): CodeIgniter\Database\BaseBuilder->insert(Array)
#5 /Applications/XAMPP/xamppfiles/htdocs/pos_beta/app/Controllers/Pos.php(36): App\Models\Pos_model->addDataPembelianTemp(Array)
#6 /Applications/XAMPP/xamppfiles/htdocs/pos_beta/system/CodeIgniter.php(910): App\Controllers\Pos->addProdukTemp()
#7 /Applications/XAMPP/xamppfiles/htdocs/pos_beta/system/CodeIgniter.php(398): CodeIgniter\CodeIgniter->runController(Object(App\Controllers\Pos))
#8 /Applications/XAMPP/xamppfiles/htdocs/pos_beta/system/CodeIgniter.php(306): CodeIgniter\CodeIgniter->handleRequest(NULL, Object(Config\Cache), false)
#9 /Applications/XAMPP/xamppfiles/htdocs/pos_beta/index.php(45): CodeIgniter\CodeIgniter->run()
#10 {main}
