CRITICAL - 2020-04-21 18:40:14 --> Class 'IonAuth\Database\Seeds\IonAuthSeeder' not found
#0 /Applications/XAMPP/xamppfiles/htdocs/ci-pos-umkm/system/Commands/Database/Seed.php(124): CodeIgniter\Database\Seeder->call('IonAuth\\Databas...')
#1 /Applications/XAMPP/xamppfiles/htdocs/ci-pos-umkm/system/CLI/CommandRunner.php(137): CodeIgniter\Commands\Database\Seed->run(Array)
#2 /Applications/XAMPP/xamppfiles/htdocs/ci-pos-umkm/system/CLI/CommandRunner.php(110): CodeIgniter\CLI\CommandRunner->runCommand('db:seed', Array)
#3 /Applications/XAMPP/xamppfiles/htdocs/ci-pos-umkm/system/CLI/CommandRunner.php(86): CodeIgniter\CLI\CommandRunner->index(Array)
#4 /Applications/XAMPP/xamppfiles/htdocs/ci-pos-umkm/system/CodeIgniter.php(906): CodeIgniter\CLI\CommandRunner->_remap('index', 'db:seed', 'IonAuth\\Databas...')
#5 /Applications/XAMPP/xamppfiles/htdocs/ci-pos-umkm/system/CodeIgniter.php(398): CodeIgniter\CodeIgniter->runController(Object(CodeIgniter\CLI\CommandRunner))
#6 /Applications/XAMPP/xamppfiles/htdocs/ci-pos-umkm/system/CodeIgniter.php(306): CodeIgniter\CodeIgniter->handleRequest(NULL, Object(Config\Cache), false)
#7 /Applications/XAMPP/xamppfiles/htdocs/ci-pos-umkm/system/CLI/Console.php(86): CodeIgniter\CodeIgniter->run()
#8 /Applications/XAMPP/xamppfiles/htdocs/ci-pos-umkm/spark(57): CodeIgniter\CLI\Console->run()
#9 {main}
CRITICAL - 2020-04-21 19:15:49 --> Session: Configured save path "{0}" is not writable by the PHP process.
#0 /Applications/XAMPP/xamppfiles/htdocs/ci-pos-umkm/system/Session/Handlers/FileHandler.php(144): CodeIgniter\Session\Exceptions\SessionException::forWriteProtectedSavePath('NULL')
#1 [internal function]: CodeIgniter\Session\Handlers\FileHandler->open('NULL', 'ci_session')
#2 /Applications/XAMPP/xamppfiles/htdocs/ci-pos-umkm/system/Session/Session.php(1002): session_start()
#3 /Applications/XAMPP/xamppfiles/htdocs/ci-pos-umkm/system/Session/Session.php(238): CodeIgniter\Session\Session->startSession()
#4 /Applications/XAMPP/xamppfiles/htdocs/ci-pos-umkm/system/Config/Services.php(773): CodeIgniter\Session\Session->start()
#5 /Applications/XAMPP/xamppfiles/htdocs/ci-pos-umkm/system/Config/BaseService.php(123): CodeIgniter\Config\Services::session(Object(Config\App), false)
#6 /Applications/XAMPP/xamppfiles/htdocs/ci-pos-umkm/system/Config/Services.php(754): CodeIgniter\Config\BaseService::getSharedInstance('session', NULL)
#7 /Applications/XAMPP/xamppfiles/htdocs/ci-pos-umkm/system/Common.php(879): CodeIgniter\Config\Services::session()
#8 /Applications/XAMPP/xamppfiles/htdocs/ci-pos-umkm/CodeIgniter-Ion-Auth/Libraries/IonAuth.php(65): session()
#9 /Applications/XAMPP/xamppfiles/htdocs/ci-pos-umkm/CodeIgniter-Ion-Auth/Controllers/Auth.php(73): IonAuth\Libraries\IonAuth->__construct()
#10 /Applications/XAMPP/xamppfiles/htdocs/ci-pos-umkm/system/CodeIgniter.php(882): IonAuth\Controllers\Auth->__construct()
#11 /Applications/XAMPP/xamppfiles/htdocs/ci-pos-umkm/system/CodeIgniter.php(393): CodeIgniter\CodeIgniter->createController()
#12 /Applications/XAMPP/xamppfiles/htdocs/ci-pos-umkm/system/CodeIgniter.php(306): CodeIgniter\CodeIgniter->handleRequest(NULL, Object(Config\Cache), false)
#13 /Applications/XAMPP/xamppfiles/htdocs/ci-pos-umkm/public/index.php(45): CodeIgniter\CodeIgniter->run()
#14 /Applications/XAMPP/xamppfiles/htdocs/ci-pos-umkm/system/Commands/Server/rewrite.php(34): require_once('/Applications/X...')
#15 {main}
CRITICAL - 2020-04-21 19:18:48 --> Session: Configured save path "{0}" is not writable by the PHP process.
#0 /Applications/XAMPP/xamppfiles/htdocs/ci-pos-umkm/system/Session/Handlers/FileHandler.php(144): CodeIgniter\Session\Exceptions\SessionException::forWriteProtectedSavePath('NULL')
#1 [internal function]: CodeIgniter\Session\Handlers\FileHandler->open('NULL', 'ci_session')
#2 /Applications/XAMPP/xamppfiles/htdocs/ci-pos-umkm/system/Session/Session.php(1002): session_start()
#3 /Applications/XAMPP/xamppfiles/htdocs/ci-pos-umkm/system/Session/Session.php(238): CodeIgniter\Session\Session->startSession()
#4 /Applications/XAMPP/xamppfiles/htdocs/ci-pos-umkm/system/Config/Services.php(773): CodeIgniter\Session\Session->start()
#5 /Applications/XAMPP/xamppfiles/htdocs/ci-pos-umkm/system/Config/BaseService.php(123): CodeIgniter\Config\Services::session(Object(Config\App), false)
#6 /Applications/XAMPP/xamppfiles/htdocs/ci-pos-umkm/system/Config/Services.php(754): CodeIgniter\Config\BaseService::getSharedInstance('session', NULL)
#7 /Applications/XAMPP/xamppfiles/htdocs/ci-pos-umkm/system/Common.php(879): CodeIgniter\Config\Services::session()
#8 /Applications/XAMPP/xamppfiles/htdocs/ci-pos-umkm/CodeIgniter-Ion-Auth/Libraries/IonAuth.php(65): session()
#9 /Applications/XAMPP/xamppfiles/htdocs/ci-pos-umkm/CodeIgniter-Ion-Auth/Controllers/Auth.php(73): IonAuth\Libraries\IonAuth->__construct()
#10 /Applications/XAMPP/xamppfiles/htdocs/ci-pos-umkm/system/CodeIgniter.php(882): IonAuth\Controllers\Auth->__construct()
#11 /Applications/XAMPP/xamppfiles/htdocs/ci-pos-umkm/system/CodeIgniter.php(393): CodeIgniter\CodeIgniter->createController()
#12 /Applications/XAMPP/xamppfiles/htdocs/ci-pos-umkm/system/CodeIgniter.php(306): CodeIgniter\CodeIgniter->handleRequest(NULL, Object(Config\Cache), false)
#13 /Applications/XAMPP/xamppfiles/htdocs/ci-pos-umkm/public/index.php(45): CodeIgniter\CodeIgniter->run()
#14 /Applications/XAMPP/xamppfiles/htdocs/ci-pos-umkm/system/Commands/Server/rewrite.php(34): require_once('/Applications/X...')
#15 {main}
CRITICAL - 2020-04-21 19:18:50 --> Session: Configured save path "{0}" is not writable by the PHP process.
#0 /Applications/XAMPP/xamppfiles/htdocs/ci-pos-umkm/system/Session/Handlers/FileHandler.php(144): CodeIgniter\Session\Exceptions\SessionException::forWriteProtectedSavePath('NULL')
#1 [internal function]: CodeIgniter\Session\Handlers\FileHandler->open('NULL', 'ci_session')
#2 /Applications/XAMPP/xamppfiles/htdocs/ci-pos-umkm/system/Session/Session.php(1002): session_start()
#3 /Applications/XAMPP/xamppfiles/htdocs/ci-pos-umkm/system/Session/Session.php(238): CodeIgniter\Session\Session->startSession()
#4 /Applications/XAMPP/xamppfiles/htdocs/ci-pos-umkm/system/Config/Services.php(773): CodeIgniter\Session\Session->start()
#5 /Applications/XAMPP/xamppfiles/htdocs/ci-pos-umkm/system/Config/BaseService.php(123): CodeIgniter\Config\Services::session(Object(Config\App), false)
#6 /Applications/XAMPP/xamppfiles/htdocs/ci-pos-umkm/system/Config/Services.php(754): CodeIgniter\Config\BaseService::getSharedInstance('session', NULL)
#7 /Applications/XAMPP/xamppfiles/htdocs/ci-pos-umkm/system/Common.php(879): CodeIgniter\Config\Services::session()
#8 /Applications/XAMPP/xamppfiles/htdocs/ci-pos-umkm/CodeIgniter-Ion-Auth/Libraries/IonAuth.php(65): session()
#9 /Applications/XAMPP/xamppfiles/htdocs/ci-pos-umkm/CodeIgniter-Ion-Auth/Controllers/Auth.php(73): IonAuth\Libraries\IonAuth->__construct()
#10 /Applications/XAMPP/xamppfiles/htdocs/ci-pos-umkm/system/CodeIgniter.php(882): IonAuth\Controllers\Auth->__construct()
#11 /Applications/XAMPP/xamppfiles/htdocs/ci-pos-umkm/system/CodeIgniter.php(393): CodeIgniter\CodeIgniter->createController()
#12 /Applications/XAMPP/xamppfiles/htdocs/ci-pos-umkm/system/CodeIgniter.php(306): CodeIgniter\CodeIgniter->handleRequest(NULL, Object(Config\Cache), false)
#13 /Applications/XAMPP/xamppfiles/htdocs/ci-pos-umkm/public/index.php(45): CodeIgniter\CodeIgniter->run()
#14 /Applications/XAMPP/xamppfiles/htdocs/ci-pos-umkm/system/Commands/Server/rewrite.php(34): require_once('/Applications/X...')
#15 {main}
CRITICAL - 2020-04-21 19:19:18 --> Session: Configured save path "{0}" is not writable by the PHP process.
#0 /Applications/XAMPP/xamppfiles/htdocs/ci-pos-umkm/system/Session/Handlers/FileHandler.php(144): CodeIgniter\Session\Exceptions\SessionException::forWriteProtectedSavePath('NULL')
#1 [internal function]: CodeIgniter\Session\Handlers\FileHandler->open('NULL', 'ci_session')
#2 /Applications/XAMPP/xamppfiles/htdocs/ci-pos-umkm/system/Session/Session.php(1002): session_start()
#3 /Applications/XAMPP/xamppfiles/htdocs/ci-pos-umkm/system/Session/Session.php(238): CodeIgniter\Session\Session->startSession()
#4 /Applications/XAMPP/xamppfiles/htdocs/ci-pos-umkm/system/Config/Services.php(773): CodeIgniter\Session\Session->start()
#5 /Applications/XAMPP/xamppfiles/htdocs/ci-pos-umkm/system/Config/BaseService.php(123): CodeIgniter\Config\Services::session(Object(Config\App), false)
#6 /Applications/XAMPP/xamppfiles/htdocs/ci-pos-umkm/system/Config/Services.php(754): CodeIgniter\Config\BaseService::getSharedInstance('session', NULL)
#7 /Applications/XAMPP/xamppfiles/htdocs/ci-pos-umkm/system/Common.php(879): CodeIgniter\Config\Services::session()
#8 /Applications/XAMPP/xamppfiles/htdocs/ci-pos-umkm/CodeIgniter-Ion-Auth/Libraries/IonAuth.php(65): session()
#9 /Applications/XAMPP/xamppfiles/htdocs/ci-pos-umkm/CodeIgniter-Ion-Auth/Controllers/Auth.php(73): IonAuth\Libraries\IonAuth->__construct()
#10 /Applications/XAMPP/xamppfiles/htdocs/ci-pos-umkm/system/CodeIgniter.php(882): IonAuth\Controllers\Auth->__construct()
#11 /Applications/XAMPP/xamppfiles/htdocs/ci-pos-umkm/system/CodeIgniter.php(393): CodeIgniter\CodeIgniter->createController()
#12 /Applications/XAMPP/xamppfiles/htdocs/ci-pos-umkm/system/CodeIgniter.php(306): CodeIgniter\CodeIgniter->handleRequest(NULL, Object(Config\Cache), false)
#13 /Applications/XAMPP/xamppfiles/htdocs/ci-pos-umkm/public/index.php(45): CodeIgniter\CodeIgniter->run()
#14 /Applications/XAMPP/xamppfiles/htdocs/ci-pos-umkm/system/Commands/Server/rewrite.php(34): require_once('/Applications/X...')
#15 {main}
CRITICAL - 2020-04-21 19:19:36 --> Session: Configured save path "{0}" is not writable by the PHP process.
#0 /Applications/XAMPP/xamppfiles/htdocs/ci-pos-umkm/system/Session/Handlers/FileHandler.php(144): CodeIgniter\Session\Exceptions\SessionException::forWriteProtectedSavePath('NULL')
#1 [internal function]: CodeIgniter\Session\Handlers\FileHandler->open('NULL', 'ci_session')
#2 /Applications/XAMPP/xamppfiles/htdocs/ci-pos-umkm/system/Session/Session.php(1002): session_start()
#3 /Applications/XAMPP/xamppfiles/htdocs/ci-pos-umkm/system/Session/Session.php(238): CodeIgniter\Session\Session->startSession()
#4 /Applications/XAMPP/xamppfiles/htdocs/ci-pos-umkm/system/Config/Services.php(773): CodeIgniter\Session\Session->start()
#5 /Applications/XAMPP/xamppfiles/htdocs/ci-pos-umkm/system/Config/BaseService.php(123): CodeIgniter\Config\Services::session(Object(Config\App), false)
#6 /Applications/XAMPP/xamppfiles/htdocs/ci-pos-umkm/system/Config/Services.php(754): CodeIgniter\Config\BaseService::getSharedInstance('session', NULL)
#7 /Applications/XAMPP/xamppfiles/htdocs/ci-pos-umkm/system/Common.php(879): CodeIgniter\Config\Services::session()
#8 /Applications/XAMPP/xamppfiles/htdocs/ci-pos-umkm/CodeIgniter-Ion-Auth/Libraries/IonAuth.php(65): session()
#9 /Applications/XAMPP/xamppfiles/htdocs/ci-pos-umkm/CodeIgniter-Ion-Auth/Controllers/Auth.php(73): IonAuth\Libraries\IonAuth->__construct()
#10 /Applications/XAMPP/xamppfiles/htdocs/ci-pos-umkm/system/CodeIgniter.php(882): IonAuth\Controllers\Auth->__construct()
#11 /Applications/XAMPP/xamppfiles/htdocs/ci-pos-umkm/system/CodeIgniter.php(393): CodeIgniter\CodeIgniter->createController()
#12 /Applications/XAMPP/xamppfiles/htdocs/ci-pos-umkm/system/CodeIgniter.php(306): CodeIgniter\CodeIgniter->handleRequest(NULL, Object(Config\Cache), false)
#13 /Applications/XAMPP/xamppfiles/htdocs/ci-pos-umkm/public/index.php(45): CodeIgniter\CodeIgniter->run()
#14 /Applications/XAMPP/xamppfiles/htdocs/ci-pos-umkm/system/Commands/Server/rewrite.php(34): require_once('/Applications/X...')
#15 {main}
CRITICAL - 2020-04-21 19:19:38 --> Session: Configured save path "{0}" is not writable by the PHP process.
#0 /Applications/XAMPP/xamppfiles/htdocs/ci-pos-umkm/system/Session/Handlers/FileHandler.php(144): CodeIgniter\Session\Exceptions\SessionException::forWriteProtectedSavePath('NULL')
#1 [internal function]: CodeIgniter\Session\Handlers\FileHandler->open('NULL', 'ci_session')
#2 /Applications/XAMPP/xamppfiles/htdocs/ci-pos-umkm/system/Session/Session.php(1002): session_start()
#3 /Applications/XAMPP/xamppfiles/htdocs/ci-pos-umkm/system/Session/Session.php(238): CodeIgniter\Session\Session->startSession()
#4 /Applications/XAMPP/xamppfiles/htdocs/ci-pos-umkm/system/Config/Services.php(773): CodeIgniter\Session\Session->start()
#5 /Applications/XAMPP/xamppfiles/htdocs/ci-pos-umkm/system/Config/BaseService.php(123): CodeIgniter\Config\Services::session(Object(Config\App), false)
#6 /Applications/XAMPP/xamppfiles/htdocs/ci-pos-umkm/system/Config/Services.php(754): CodeIgniter\Config\BaseService::getSharedInstance('session', NULL)
#7 /Applications/XAMPP/xamppfiles/htdocs/ci-pos-umkm/system/Common.php(879): CodeIgniter\Config\Services::session()
#8 /Applications/XAMPP/xamppfiles/htdocs/ci-pos-umkm/CodeIgniter-Ion-Auth/Libraries/IonAuth.php(65): session()
#9 /Applications/XAMPP/xamppfiles/htdocs/ci-pos-umkm/CodeIgniter-Ion-Auth/Controllers/Auth.php(73): IonAuth\Libraries\IonAuth->__construct()
#10 /Applications/XAMPP/xamppfiles/htdocs/ci-pos-umkm/system/CodeIgniter.php(882): IonAuth\Controllers\Auth->__construct()
#11 /Applications/XAMPP/xamppfiles/htdocs/ci-pos-umkm/system/CodeIgniter.php(393): CodeIgniter\CodeIgniter->createController()
#12 /Applications/XAMPP/xamppfiles/htdocs/ci-pos-umkm/system/CodeIgniter.php(306): CodeIgniter\CodeIgniter->handleRequest(NULL, Object(Config\Cache), false)
#13 /Applications/XAMPP/xamppfiles/htdocs/ci-pos-umkm/public/index.php(45): CodeIgniter\CodeIgniter->run()
#14 /Applications/XAMPP/xamppfiles/htdocs/ci-pos-umkm/system/Commands/Server/rewrite.php(34): require_once('/Applications/X...')
#15 {main}
CRITICAL - 2020-04-21 19:19:40 --> Session: Configured save path "{0}" is not writable by the PHP process.
#0 /Applications/XAMPP/xamppfiles/htdocs/ci-pos-umkm/system/Session/Handlers/FileHandler.php(144): CodeIgniter\Session\Exceptions\SessionException::forWriteProtectedSavePath('NULL')
#1 [internal function]: CodeIgniter\Session\Handlers\FileHandler->open('NULL', 'ci_session')
#2 /Applications/XAMPP/xamppfiles/htdocs/ci-pos-umkm/system/Session/Session.php(1002): session_start()
#3 /Applications/XAMPP/xamppfiles/htdocs/ci-pos-umkm/system/Session/Session.php(238): CodeIgniter\Session\Session->startSession()
#4 /Applications/XAMPP/xamppfiles/htdocs/ci-pos-umkm/system/Config/Services.php(773): CodeIgniter\Session\Session->start()
#5 /Applications/XAMPP/xamppfiles/htdocs/ci-pos-umkm/system/Config/BaseService.php(123): CodeIgniter\Config\Services::session(Object(Config\App), false)
#6 /Applications/XAMPP/xamppfiles/htdocs/ci-pos-umkm/system/Config/Services.php(754): CodeIgniter\Config\BaseService::getSharedInstance('session', NULL)
#7 /Applications/XAMPP/xamppfiles/htdocs/ci-pos-umkm/system/Common.php(879): CodeIgniter\Config\Services::session()
#8 /Applications/XAMPP/xamppfiles/htdocs/ci-pos-umkm/CodeIgniter-Ion-Auth/Libraries/IonAuth.php(65): session()
#9 /Applications/XAMPP/xamppfiles/htdocs/ci-pos-umkm/CodeIgniter-Ion-Auth/Controllers/Auth.php(73): IonAuth\Libraries\IonAuth->__construct()
#10 /Applications/XAMPP/xamppfiles/htdocs/ci-pos-umkm/system/CodeIgniter.php(882): IonAuth\Controllers\Auth->__construct()
#11 /Applications/XAMPP/xamppfiles/htdocs/ci-pos-umkm/system/CodeIgniter.php(393): CodeIgniter\CodeIgniter->createController()
#12 /Applications/XAMPP/xamppfiles/htdocs/ci-pos-umkm/system/CodeIgniter.php(306): CodeIgniter\CodeIgniter->handleRequest(NULL, Object(Config\Cache), false)
#13 /Applications/XAMPP/xamppfiles/htdocs/ci-pos-umkm/public/index.php(45): CodeIgniter\CodeIgniter->run()
#14 /Applications/XAMPP/xamppfiles/htdocs/ci-pos-umkm/system/Commands/Server/rewrite.php(34): require_once('/Applications/X...')
#15 {main}
CRITICAL - 2020-04-21 19:23:43 --> Session: Configured save path "{0}" is not writable by the PHP process.
#0 /Applications/XAMPP/xamppfiles/htdocs/ci-pos-umkm/system/Session/Handlers/FileHandler.php(144): CodeIgniter\Session\Exceptions\SessionException::forWriteProtectedSavePath('NULL')
#1 [internal function]: CodeIgniter\Session\Handlers\FileHandler->open('NULL', 'ci_session')
#2 /Applications/XAMPP/xamppfiles/htdocs/ci-pos-umkm/system/Session/Session.php(1002): session_start()
#3 /Applications/XAMPP/xamppfiles/htdocs/ci-pos-umkm/system/Session/Session.php(238): CodeIgniter\Session\Session->startSession()
#4 /Applications/XAMPP/xamppfiles/htdocs/ci-pos-umkm/system/Config/Services.php(773): CodeIgniter\Session\Session->start()
#5 /Applications/XAMPP/xamppfiles/htdocs/ci-pos-umkm/system/Config/BaseService.php(123): CodeIgniter\Config\Services::session(Object(Config\App), false)
#6 /Applications/XAMPP/xamppfiles/htdocs/ci-pos-umkm/system/Config/Services.php(754): CodeIgniter\Config\BaseService::getSharedInstance('session', NULL)
#7 /Applications/XAMPP/xamppfiles/htdocs/ci-pos-umkm/system/Common.php(879): CodeIgniter\Config\Services::session()
#8 /Applications/XAMPP/xamppfiles/htdocs/ci-pos-umkm/CodeIgniter-Ion-Auth/Libraries/IonAuth.php(65): session()
#9 /Applications/XAMPP/xamppfiles/htdocs/ci-pos-umkm/CodeIgniter-Ion-Auth/Controllers/Auth.php(73): IonAuth\Libraries\IonAuth->__construct()
#10 /Applications/XAMPP/xamppfiles/htdocs/ci-pos-umkm/system/CodeIgniter.php(882): IonAuth\Controllers\Auth->__construct()
#11 /Applications/XAMPP/xamppfiles/htdocs/ci-pos-umkm/system/CodeIgniter.php(393): CodeIgniter\CodeIgniter->createController()
#12 /Applications/XAMPP/xamppfiles/htdocs/ci-pos-umkm/system/CodeIgniter.php(306): CodeIgniter\CodeIgniter->handleRequest(NULL, Object(Config\Cache), false)
#13 /Applications/XAMPP/xamppfiles/htdocs/ci-pos-umkm/public/index.php(45): CodeIgniter\CodeIgniter->run()
#14 /Applications/XAMPP/xamppfiles/htdocs/ci-pos-umkm/system/Commands/Server/rewrite.php(34): require_once('/Applications/X...')
#15 {main}
CRITICAL - 2020-04-21 19:25:50 --> Session: Configured save path "{0}" is not writable by the PHP process.
#0 /Applications/XAMPP/xamppfiles/htdocs/ci-pos-umkm/system/Session/Handlers/FileHandler.php(144): CodeIgniter\Session\Exceptions\SessionException::forWriteProtectedSavePath('NULL')
#1 [internal function]: CodeIgniter\Session\Handlers\FileHandler->open('NULL', 'ci_session')
#2 /Applications/XAMPP/xamppfiles/htdocs/ci-pos-umkm/system/Session/Session.php(1002): session_start()
#3 /Applications/XAMPP/xamppfiles/htdocs/ci-pos-umkm/system/Session/Session.php(238): CodeIgniter\Session\Session->startSession()
#4 /Applications/XAMPP/xamppfiles/htdocs/ci-pos-umkm/system/Config/Services.php(773): CodeIgniter\Session\Session->start()
#5 /Applications/XAMPP/xamppfiles/htdocs/ci-pos-umkm/system/Config/BaseService.php(123): CodeIgniter\Config\Services::session(Object(Config\App), false)
#6 /Applications/XAMPP/xamppfiles/htdocs/ci-pos-umkm/system/Config/Services.php(754): CodeIgniter\Config\BaseService::getSharedInstance('session', NULL)
#7 /Applications/XAMPP/xamppfiles/htdocs/ci-pos-umkm/system/Common.php(879): CodeIgniter\Config\Services::session()
#8 /Applications/XAMPP/xamppfiles/htdocs/ci-pos-umkm/CodeIgniter-Ion-Auth/Libraries/IonAuth.php(65): session()
#9 /Applications/XAMPP/xamppfiles/htdocs/ci-pos-umkm/CodeIgniter-Ion-Auth/Controllers/Auth.php(73): IonAuth\Libraries\IonAuth->__construct()
#10 /Applications/XAMPP/xamppfiles/htdocs/ci-pos-umkm/system/CodeIgniter.php(882): IonAuth\Controllers\Auth->__construct()
#11 /Applications/XAMPP/xamppfiles/htdocs/ci-pos-umkm/system/CodeIgniter.php(393): CodeIgniter\CodeIgniter->createController()
#12 /Applications/XAMPP/xamppfiles/htdocs/ci-pos-umkm/system/CodeIgniter.php(306): CodeIgniter\CodeIgniter->handleRequest(NULL, Object(Config\Cache), false)
#13 /Applications/XAMPP/xamppfiles/htdocs/ci-pos-umkm/public/index.php(45): CodeIgniter\CodeIgniter->run()
#14 /Applications/XAMPP/xamppfiles/htdocs/ci-pos-umkm/system/Commands/Server/rewrite.php(34): require_once('/Applications/X...')
#15 {main}
CRITICAL - 2020-04-21 19:25:52 --> Session: Configured save path "{0}" is not writable by the PHP process.
#0 /Applications/XAMPP/xamppfiles/htdocs/ci-pos-umkm/system/Session/Handlers/FileHandler.php(144): CodeIgniter\Session\Exceptions\SessionException::forWriteProtectedSavePath('NULL')
#1 [internal function]: CodeIgniter\Session\Handlers\FileHandler->open('NULL', 'ci_session')
#2 /Applications/XAMPP/xamppfiles/htdocs/ci-pos-umkm/system/Session/Session.php(1002): session_start()
#3 /Applications/XAMPP/xamppfiles/htdocs/ci-pos-umkm/system/Session/Session.php(238): CodeIgniter\Session\Session->startSession()
#4 /Applications/XAMPP/xamppfiles/htdocs/ci-pos-umkm/system/Config/Services.php(773): CodeIgniter\Session\Session->start()
#5 /Applications/XAMPP/xamppfiles/htdocs/ci-pos-umkm/system/Config/BaseService.php(123): CodeIgniter\Config\Services::session(Object(Config\App), false)
#6 /Applications/XAMPP/xamppfiles/htdocs/ci-pos-umkm/system/Config/Services.php(754): CodeIgniter\Config\BaseService::getSharedInstance('session', NULL)
#7 /Applications/XAMPP/xamppfiles/htdocs/ci-pos-umkm/system/Common.php(879): CodeIgniter\Config\Services::session()
#8 /Applications/XAMPP/xamppfiles/htdocs/ci-pos-umkm/CodeIgniter-Ion-Auth/Libraries/IonAuth.php(65): session()
#9 /Applications/XAMPP/xamppfiles/htdocs/ci-pos-umkm/CodeIgniter-Ion-Auth/Controllers/Auth.php(73): IonAuth\Libraries\IonAuth->__construct()
#10 /Applications/XAMPP/xamppfiles/htdocs/ci-pos-umkm/system/CodeIgniter.php(882): IonAuth\Controllers\Auth->__construct()
#11 /Applications/XAMPP/xamppfiles/htdocs/ci-pos-umkm/system/CodeIgniter.php(393): CodeIgniter\CodeIgniter->createController()
#12 /Applications/XAMPP/xamppfiles/htdocs/ci-pos-umkm/system/CodeIgniter.php(306): CodeIgniter\CodeIgniter->handleRequest(NULL, Object(Config\Cache), false)
#13 /Applications/XAMPP/xamppfiles/htdocs/ci-pos-umkm/public/index.php(45): CodeIgniter\CodeIgniter->run()
#14 /Applications/XAMPP/xamppfiles/htdocs/ci-pos-umkm/system/Commands/Server/rewrite.php(34): require_once('/Applications/X...')
#15 {main}
CRITICAL - 2020-04-21 19:26:39 --> Session: Configured save path "{0}" is not writable by the PHP process.
#0 /Applications/XAMPP/xamppfiles/htdocs/ci-pos-umkm/system/Session/Handlers/FileHandler.php(144): CodeIgniter\Session\Exceptions\SessionException::forWriteProtectedSavePath('NULL')
#1 [internal function]: CodeIgniter\Session\Handlers\FileHandler->open('NULL', 'ci_session')
#2 /Applications/XAMPP/xamppfiles/htdocs/ci-pos-umkm/system/Session/Session.php(1002): session_start()
#3 /Applications/XAMPP/xamppfiles/htdocs/ci-pos-umkm/system/Session/Session.php(238): CodeIgniter\Session\Session->startSession()
#4 /Applications/XAMPP/xamppfiles/htdocs/ci-pos-umkm/system/Config/Services.php(773): CodeIgniter\Session\Session->start()
#5 /Applications/XAMPP/xamppfiles/htdocs/ci-pos-umkm/system/Config/BaseService.php(123): CodeIgniter\Config\Services::session(Object(Config\App), false)
#6 /Applications/XAMPP/xamppfiles/htdocs/ci-pos-umkm/system/Config/Services.php(754): CodeIgniter\Config\BaseService::getSharedInstance('session', NULL)
#7 /Applications/XAMPP/xamppfiles/htdocs/ci-pos-umkm/system/Common.php(879): CodeIgniter\Config\Services::session()
#8 /Applications/XAMPP/xamppfiles/htdocs/ci-pos-umkm/CodeIgniter-Ion-Auth/Libraries/IonAuth.php(65): session()
#9 /Applications/XAMPP/xamppfiles/htdocs/ci-pos-umkm/CodeIgniter-Ion-Auth/Controllers/Auth.php(73): IonAuth\Libraries\IonAuth->__construct()
#10 /Applications/XAMPP/xamppfiles/htdocs/ci-pos-umkm/system/CodeIgniter.php(882): IonAuth\Controllers\Auth->__construct()
#11 /Applications/XAMPP/xamppfiles/htdocs/ci-pos-umkm/system/CodeIgniter.php(393): CodeIgniter\CodeIgniter->createController()
#12 /Applications/XAMPP/xamppfiles/htdocs/ci-pos-umkm/system/CodeIgniter.php(306): CodeIgniter\CodeIgniter->handleRequest(NULL, Object(Config\Cache), false)
#13 /Applications/XAMPP/xamppfiles/htdocs/ci-pos-umkm/public/index.php(45): CodeIgniter\CodeIgniter->run()
#14 /Applications/XAMPP/xamppfiles/htdocs/ci-pos-umkm/system/Commands/Server/rewrite.php(34): require_once('/Applications/X...')
#15 {main}
CRITICAL - 2020-04-21 19:26:41 --> Session: Configured save path "{0}" is not writable by the PHP process.
#0 /Applications/XAMPP/xamppfiles/htdocs/ci-pos-umkm/system/Session/Handlers/FileHandler.php(144): CodeIgniter\Session\Exceptions\SessionException::forWriteProtectedSavePath('NULL')
#1 [internal function]: CodeIgniter\Session\Handlers\FileHandler->open('NULL', 'ci_session')
#2 /Applications/XAMPP/xamppfiles/htdocs/ci-pos-umkm/system/Session/Session.php(1002): session_start()
#3 /Applications/XAMPP/xamppfiles/htdocs/ci-pos-umkm/system/Session/Session.php(238): CodeIgniter\Session\Session->startSession()
#4 /Applications/XAMPP/xamppfiles/htdocs/ci-pos-umkm/system/Config/Services.php(773): CodeIgniter\Session\Session->start()
#5 /Applications/XAMPP/xamppfiles/htdocs/ci-pos-umkm/system/Config/BaseService.php(123): CodeIgniter\Config\Services::session(Object(Config\App), false)
#6 /Applications/XAMPP/xamppfiles/htdocs/ci-pos-umkm/system/Config/Services.php(754): CodeIgniter\Config\BaseService::getSharedInstance('session', NULL)
#7 /Applications/XAMPP/xamppfiles/htdocs/ci-pos-umkm/system/Common.php(879): CodeIgniter\Config\Services::session()
#8 /Applications/XAMPP/xamppfiles/htdocs/ci-pos-umkm/CodeIgniter-Ion-Auth/Libraries/IonAuth.php(65): session()
#9 /Applications/XAMPP/xamppfiles/htdocs/ci-pos-umkm/CodeIgniter-Ion-Auth/Controllers/Auth.php(73): IonAuth\Libraries\IonAuth->__construct()
#10 /Applications/XAMPP/xamppfiles/htdocs/ci-pos-umkm/system/CodeIgniter.php(882): IonAuth\Controllers\Auth->__construct()
#11 /Applications/XAMPP/xamppfiles/htdocs/ci-pos-umkm/system/CodeIgniter.php(393): CodeIgniter\CodeIgniter->createController()
#12 /Applications/XAMPP/xamppfiles/htdocs/ci-pos-umkm/system/CodeIgniter.php(306): CodeIgniter\CodeIgniter->handleRequest(NULL, Object(Config\Cache), false)
#13 /Applications/XAMPP/xamppfiles/htdocs/ci-pos-umkm/public/index.php(45): CodeIgniter\CodeIgniter->run()
#14 /Applications/XAMPP/xamppfiles/htdocs/ci-pos-umkm/system/Commands/Server/rewrite.php(34): require_once('/Applications/X...')
#15 {main}
CRITICAL - 2020-04-21 19:26:54 --> Session: Configured save path "{0}" is not writable by the PHP process.
#0 /Applications/XAMPP/xamppfiles/htdocs/ci-pos-umkm/system/Session/Handlers/FileHandler.php(144): CodeIgniter\Session\Exceptions\SessionException::forWriteProtectedSavePath('NULL')
#1 [internal function]: CodeIgniter\Session\Handlers\FileHandler->open('NULL', 'ci_session')
#2 /Applications/XAMPP/xamppfiles/htdocs/ci-pos-umkm/system/Session/Session.php(1002): session_start()
#3 /Applications/XAMPP/xamppfiles/htdocs/ci-pos-umkm/system/Session/Session.php(238): CodeIgniter\Session\Session->startSession()
#4 /Applications/XAMPP/xamppfiles/htdocs/ci-pos-umkm/system/Config/Services.php(773): CodeIgniter\Session\Session->start()
#5 /Applications/XAMPP/xamppfiles/htdocs/ci-pos-umkm/system/Config/BaseService.php(123): CodeIgniter\Config\Services::session(Object(Config\App), false)
#6 /Applications/XAMPP/xamppfiles/htdocs/ci-pos-umkm/system/Config/Services.php(754): CodeIgniter\Config\BaseService::getSharedInstance('session', NULL)
#7 /Applications/XAMPP/xamppfiles/htdocs/ci-pos-umkm/system/Common.php(879): CodeIgniter\Config\Services::session()
#8 /Applications/XAMPP/xamppfiles/htdocs/ci-pos-umkm/CodeIgniter-Ion-Auth/Libraries/IonAuth.php(65): session()
#9 /Applications/XAMPP/xamppfiles/htdocs/ci-pos-umkm/CodeIgniter-Ion-Auth/Controllers/Auth.php(73): IonAuth\Libraries\IonAuth->__construct()
#10 /Applications/XAMPP/xamppfiles/htdocs/ci-pos-umkm/system/CodeIgniter.php(882): IonAuth\Controllers\Auth->__construct()
#11 /Applications/XAMPP/xamppfiles/htdocs/ci-pos-umkm/system/CodeIgniter.php(393): CodeIgniter\CodeIgniter->createController()
#12 /Applications/XAMPP/xamppfiles/htdocs/ci-pos-umkm/system/CodeIgniter.php(306): CodeIgniter\CodeIgniter->handleRequest(NULL, Object(Config\Cache), false)
#13 /Applications/XAMPP/xamppfiles/htdocs/ci-pos-umkm/public/index.php(45): CodeIgniter\CodeIgniter->run()
#14 /Applications/XAMPP/xamppfiles/htdocs/ci-pos-umkm/system/Commands/Server/rewrite.php(34): require_once('/Applications/X...')
#15 {main}
CRITICAL - 2020-04-21 19:28:43 --> Session: Configured save path "{0}" is not writable by the PHP process.
#0 /Applications/XAMPP/xamppfiles/htdocs/ci-pos-umkm/system/Session/Handlers/FileHandler.php(144): CodeIgniter\Session\Exceptions\SessionException::forWriteProtectedSavePath('NULL')
#1 [internal function]: CodeIgniter\Session\Handlers\FileHandler->open('NULL', 'ci_session')
#2 /Applications/XAMPP/xamppfiles/htdocs/ci-pos-umkm/system/Session/Session.php(1002): session_start()
#3 /Applications/XAMPP/xamppfiles/htdocs/ci-pos-umkm/system/Session/Session.php(238): CodeIgniter\Session\Session->startSession()
#4 /Applications/XAMPP/xamppfiles/htdocs/ci-pos-umkm/system/Config/Services.php(773): CodeIgniter\Session\Session->start()
#5 /Applications/XAMPP/xamppfiles/htdocs/ci-pos-umkm/system/Config/BaseService.php(123): CodeIgniter\Config\Services::session(Object(Config\App), false)
#6 /Applications/XAMPP/xamppfiles/htdocs/ci-pos-umkm/system/Config/Services.php(754): CodeIgniter\Config\BaseService::getSharedInstance('session', NULL)
#7 /Applications/XAMPP/xamppfiles/htdocs/ci-pos-umkm/system/Common.php(879): CodeIgniter\Config\Services::session()
#8 /Applications/XAMPP/xamppfiles/htdocs/ci-pos-umkm/CodeIgniter-Ion-Auth/Libraries/IonAuth.php(65): session()
#9 /Applications/XAMPP/xamppfiles/htdocs/ci-pos-umkm/CodeIgniter-Ion-Auth/Controllers/Auth.php(73): IonAuth\Libraries\IonAuth->__construct()
#10 /Applications/XAMPP/xamppfiles/htdocs/ci-pos-umkm/system/CodeIgniter.php(882): IonAuth\Controllers\Auth->__construct()
#11 /Applications/XAMPP/xamppfiles/htdocs/ci-pos-umkm/system/CodeIgniter.php(393): CodeIgniter\CodeIgniter->createController()
#12 /Applications/XAMPP/xamppfiles/htdocs/ci-pos-umkm/system/CodeIgniter.php(306): CodeIgniter\CodeIgniter->handleRequest(NULL, Object(Config\Cache), false)
#13 /Applications/XAMPP/xamppfiles/htdocs/ci-pos-umkm/public/index.php(45): CodeIgniter\CodeIgniter->run()
#14 /Applications/XAMPP/xamppfiles/htdocs/ci-pos-umkm/system/Commands/Server/rewrite.php(34): require_once('/Applications/X...')
#15 {main}
CRITICAL - 2020-04-21 19:28:45 --> Session: Configured save path "{0}" is not writable by the PHP process.
#0 /Applications/XAMPP/xamppfiles/htdocs/ci-pos-umkm/system/Session/Handlers/FileHandler.php(144): CodeIgniter\Session\Exceptions\SessionException::forWriteProtectedSavePath('NULL')
#1 [internal function]: CodeIgniter\Session\Handlers\FileHandler->open('NULL', 'ci_session')
#2 /Applications/XAMPP/xamppfiles/htdocs/ci-pos-umkm/system/Session/Session.php(1002): session_start()
#3 /Applications/XAMPP/xamppfiles/htdocs/ci-pos-umkm/system/Session/Session.php(238): CodeIgniter\Session\Session->startSession()
#4 /Applications/XAMPP/xamppfiles/htdocs/ci-pos-umkm/system/Config/Services.php(773): CodeIgniter\Session\Session->start()
#5 /Applications/XAMPP/xamppfiles/htdocs/ci-pos-umkm/system/Config/BaseService.php(123): CodeIgniter\Config\Services::session(Object(Config\App), false)
#6 /Applications/XAMPP/xamppfiles/htdocs/ci-pos-umkm/system/Config/Services.php(754): CodeIgniter\Config\BaseService::getSharedInstance('session', NULL)
#7 /Applications/XAMPP/xamppfiles/htdocs/ci-pos-umkm/system/Common.php(879): CodeIgniter\Config\Services::session()
#8 /Applications/XAMPP/xamppfiles/htdocs/ci-pos-umkm/CodeIgniter-Ion-Auth/Libraries/IonAuth.php(65): session()
#9 /Applications/XAMPP/xamppfiles/htdocs/ci-pos-umkm/CodeIgniter-Ion-Auth/Controllers/Auth.php(73): IonAuth\Libraries\IonAuth->__construct()
#10 /Applications/XAMPP/xamppfiles/htdocs/ci-pos-umkm/system/CodeIgniter.php(882): IonAuth\Controllers\Auth->__construct()
#11 /Applications/XAMPP/xamppfiles/htdocs/ci-pos-umkm/system/CodeIgniter.php(393): CodeIgniter\CodeIgniter->createController()
#12 /Applications/XAMPP/xamppfiles/htdocs/ci-pos-umkm/system/CodeIgniter.php(306): CodeIgniter\CodeIgniter->handleRequest(NULL, Object(Config\Cache), false)
#13 /Applications/XAMPP/xamppfiles/htdocs/ci-pos-umkm/public/index.php(45): CodeIgniter\CodeIgniter->run()
#14 /Applications/XAMPP/xamppfiles/htdocs/ci-pos-umkm/system/Commands/Server/rewrite.php(34): require_once('/Applications/X...')
#15 {main}
CRITICAL - 2020-04-21 19:28:47 --> Session: Configured save path "{0}" is not writable by the PHP process.
#0 /Applications/XAMPP/xamppfiles/htdocs/ci-pos-umkm/system/Session/Handlers/FileHandler.php(144): CodeIgniter\Session\Exceptions\SessionException::forWriteProtectedSavePath('NULL')
#1 [internal function]: CodeIgniter\Session\Handlers\FileHandler->open('NULL', 'ci_session')
#2 /Applications/XAMPP/xamppfiles/htdocs/ci-pos-umkm/system/Session/Session.php(1002): session_start()
#3 /Applications/XAMPP/xamppfiles/htdocs/ci-pos-umkm/system/Session/Session.php(238): CodeIgniter\Session\Session->startSession()
#4 /Applications/XAMPP/xamppfiles/htdocs/ci-pos-umkm/system/Config/Services.php(773): CodeIgniter\Session\Session->start()
#5 /Applications/XAMPP/xamppfiles/htdocs/ci-pos-umkm/system/Config/BaseService.php(123): CodeIgniter\Config\Services::session(Object(Config\App), false)
#6 /Applications/XAMPP/xamppfiles/htdocs/ci-pos-umkm/system/Config/Services.php(754): CodeIgniter\Config\BaseService::getSharedInstance('session', NULL)
#7 /Applications/XAMPP/xamppfiles/htdocs/ci-pos-umkm/system/Common.php(879): CodeIgniter\Config\Services::session()
#8 /Applications/XAMPP/xamppfiles/htdocs/ci-pos-umkm/CodeIgniter-Ion-Auth/Libraries/IonAuth.php(65): session()
#9 /Applications/XAMPP/xamppfiles/htdocs/ci-pos-umkm/CodeIgniter-Ion-Auth/Controllers/Auth.php(73): IonAuth\Libraries\IonAuth->__construct()
#10 /Applications/XAMPP/xamppfiles/htdocs/ci-pos-umkm/system/CodeIgniter.php(882): IonAuth\Controllers\Auth->__construct()
#11 /Applications/XAMPP/xamppfiles/htdocs/ci-pos-umkm/system/CodeIgniter.php(393): CodeIgniter\CodeIgniter->createController()
#12 /Applications/XAMPP/xamppfiles/htdocs/ci-pos-umkm/system/CodeIgniter.php(306): CodeIgniter\CodeIgniter->handleRequest(NULL, Object(Config\Cache), false)
#13 /Applications/XAMPP/xamppfiles/htdocs/ci-pos-umkm/public/index.php(45): CodeIgniter\CodeIgniter->run()
#14 /Applications/XAMPP/xamppfiles/htdocs/ci-pos-umkm/system/Commands/Server/rewrite.php(34): require_once('/Applications/X...')
#15 {main}
CRITICAL - 2020-04-21 19:30:44 --> Session: Configured save path "{0}" is not writable by the PHP process.
#0 /Applications/XAMPP/xamppfiles/htdocs/ci-pos-umkm/system/Session/Handlers/FileHandler.php(144): CodeIgniter\Session\Exceptions\SessionException::forWriteProtectedSavePath('NULL')
#1 [internal function]: CodeIgniter\Session\Handlers\FileHandler->open('NULL', 'ci_session')
#2 /Applications/XAMPP/xamppfiles/htdocs/ci-pos-umkm/system/Session/Session.php(1002): session_start()
#3 /Applications/XAMPP/xamppfiles/htdocs/ci-pos-umkm/system/Session/Session.php(238): CodeIgniter\Session\Session->startSession()
#4 /Applications/XAMPP/xamppfiles/htdocs/ci-pos-umkm/system/Config/Services.php(773): CodeIgniter\Session\Session->start()
#5 /Applications/XAMPP/xamppfiles/htdocs/ci-pos-umkm/system/Config/BaseService.php(123): CodeIgniter\Config\Services::session(Object(Config\App), false)
#6 /Applications/XAMPP/xamppfiles/htdocs/ci-pos-umkm/system/Config/Services.php(754): CodeIgniter\Config\BaseService::getSharedInstance('session', NULL)
#7 /Applications/XAMPP/xamppfiles/htdocs/ci-pos-umkm/system/Common.php(879): CodeIgniter\Config\Services::session()
#8 /Applications/XAMPP/xamppfiles/htdocs/ci-pos-umkm/CodeIgniter-Ion-Auth/Libraries/IonAuth.php(65): session()
#9 /Applications/XAMPP/xamppfiles/htdocs/ci-pos-umkm/CodeIgniter-Ion-Auth/Controllers/Auth.php(73): IonAuth\Libraries\IonAuth->__construct()
#10 /Applications/XAMPP/xamppfiles/htdocs/ci-pos-umkm/system/CodeIgniter.php(882): IonAuth\Controllers\Auth->__construct()
#11 /Applications/XAMPP/xamppfiles/htdocs/ci-pos-umkm/system/CodeIgniter.php(393): CodeIgniter\CodeIgniter->createController()
#12 /Applications/XAMPP/xamppfiles/htdocs/ci-pos-umkm/system/CodeIgniter.php(306): CodeIgniter\CodeIgniter->handleRequest(NULL, Object(Config\Cache), false)
#13 /Applications/XAMPP/xamppfiles/htdocs/ci-pos-umkm/public/index.php(45): CodeIgniter\CodeIgniter->run()
#14 /Applications/XAMPP/xamppfiles/htdocs/ci-pos-umkm/system/Commands/Server/rewrite.php(34): require_once('/Applications/X...')
#15 {main}
